

================================================================
== Vitis HLS Report for 'decode_can_message_Pipeline_VITIS_LOOP_84_1'
================================================================
* Date:           Tue Dec 17 11:28:50 2024

* Version:        2024.1.2 (Build 5096458 on Sep  5 2024)
* Project:        CAN_decoder
* Solution:       hls (Vivado IP Flow Target)
* Product family: zynq
* Target device:  xc7z020-clg400-1


================================================================
== Performance Estimates
================================================================
+ Timing: 
    * Summary: 
    +--------+----------+----------+------------+
    |  Clock |  Target  | Estimated| Uncertainty|
    +--------+----------+----------+------------+
    |ap_clk  |  10.00 ns|  8.283 ns|     0.50 ns|
    +--------+----------+----------+------------+

+ Latency: 
    * Summary: 
    +---------+---------+----------+----------+-----+-----+-----------------------------------------------+
    |  Latency (cycles) |  Latency (absolute) |  Interval |                    Pipeline                   |
    |   min   |   max   |    min   |    max   | min | max |                      Type                     |
    +---------+---------+----------+----------+-----+-----+-----------------------------------------------+
    |        ?|        ?|         ?|         ?|    0|    0|  loop auto-rewind stp(delay=0 clock cycles(s))|
    +---------+---------+----------+----------+-----+-----+-----------------------------------------------+

    + Detail: 
        * Instance: 
        N/A

        * Loop: 
        +-------------------+---------+---------+----------+-----------+-----------+------+----------+
        |                   |  Latency (cycles) | Iteration|  Initiation Interval  | Trip |          |
        |     Loop Name     |   min   |   max   |  Latency |  achieved |   target  | Count| Pipelined|
        +-------------------+---------+---------+----------+-----------+-----------+------+----------+
        |- VITIS_LOOP_84_1  |        ?|        ?|         2|          2|          1|     ?|       yes|
        +-------------------+---------+---------+----------+-----------+-----------+------+----------+



================================================================
== Utilization Estimates
================================================================
* Summary: 
+-----------------+---------+-----+--------+-------+-----+
|       Name      | BRAM_18K| DSP |   FF   |  LUT  | URAM|
+-----------------+---------+-----+--------+-------+-----+
|DSP              |        -|    -|       -|      -|    -|
|Expression       |        -|    -|       0|     76|    -|
|FIFO             |        -|    -|       -|      -|    -|
|Instance         |        -|    -|       -|      -|    -|
|Memory           |        -|    -|       -|      -|    -|
|Multiplexer      |        -|    -|       0|     41|    -|
|Register         |        -|    -|      32|      -|    -|
+-----------------+---------+-----+--------+-------+-----+
|Total            |        0|    0|      32|    117|    0|
+-----------------+---------+-----+--------+-------+-----+
|Available        |      280|  220|  106400|  53200|    0|
+-----------------+---------+-----+--------+-------+-----+
|Utilization (%)  |        0|    0|      ~0|     ~0|    0|
+-----------------+---------+-----+--------+-------+-----+

+ Detail: 
    * Instance: 
    N/A

    * DSP: 
    N/A

    * Memory: 
    N/A

    * FIFO: 
    N/A

    * Expression: 
    +---------------------+----------+----+---+----+------------+------------+
    |    Variable Name    | Operation| DSP| FF| LUT| Bitwidth P0| Bitwidth P1|
    +---------------------+----------+----+---+----+------------+------------+
    |add_ln88_fu_179_p2   |         +|   0|  0|  13|          10|           1|
    |mul_ln164_out        |         +|   0|  0|  23|          16|          16|
    |and_ln84_fu_173_p2   |       and|   0|  0|   2|           1|           1|
    |icmp_ln84_fu_154_p2  |      icmp|   0|  0|  36|          29|          29|
    |xor_ln84_fu_167_p2   |       xor|   0|  0|   2|           1|           2|
    +---------------------+----------+----+---+----+------------+------------+
    |Total                |          |   0|  0|  76|          57|          49|
    +---------------------+----------+----+---+----+------------+------------+

    * Multiplexer: 
    +-------------------------------+----+-----------+-----+-----------+
    |              Name             | LUT| Input Size| Bits| Total Bits|
    +-------------------------------+----+-----------+-----+-----------+
    |ap_NS_fsm                      |  14|          3|    1|          3|
    |ap_done_int                    |   9|          2|    1|          2|
    |ap_sig_allocacmp_hash_index_1  |   9|          2|   10|         20|
    |hash_index_fu_58               |   9|          2|   10|         20|
    +-------------------------------+----+-----------+-----+-----------+
    |Total                          |  41|          9|   22|         45|
    +-------------------------------+----+-----------+-----+-----------+

    * Register: 
    +----------------------+----+----+-----+-----------+
    |         Name         | FF | LUT| Bits| Const Bits|
    +----------------------+----+----+-----+-----------+
    |ap_CS_fsm             |   2|   0|    2|          0|
    |ap_done_reg           |   1|   0|    1|          0|
    |hash_index_1_reg_201  |  10|   0|   10|          0|
    |hash_index_fu_58      |  10|   0|   10|          0|
    |trunc_ln76_reg_209    |   9|   0|    9|          0|
    +----------------------+----+----+-----+-----------+
    |Total                 |  32|   0|   32|          0|
    +----------------------+----+----+-----+-----------+



================================================================
== Interface
================================================================
* Summary: 
+--------------------------------+-----+-----+------------+---------------------------------------------+--------------+
|            RTL Ports           | Dir | Bits|  Protocol  |                Source Object                |    C Type    |
+--------------------------------+-----+-----+------------+---------------------------------------------+--------------+
|ap_clk                          |   in|    1|  ap_ctrl_hs|  decode_can_message_Pipeline_VITIS_LOOP_84_1|  return value|
|ap_rst                          |   in|    1|  ap_ctrl_hs|  decode_can_message_Pipeline_VITIS_LOOP_84_1|  return value|
|ap_start                        |   in|    1|  ap_ctrl_hs|  decode_can_message_Pipeline_VITIS_LOOP_84_1|  return value|
|ap_done                         |  out|    1|  ap_ctrl_hs|  decode_can_message_Pipeline_VITIS_LOOP_84_1|  return value|
|ap_idle                         |  out|    1|  ap_ctrl_hs|  decode_can_message_Pipeline_VITIS_LOOP_84_1|  return value|
|ap_ready                        |  out|    1|  ap_ctrl_hs|  decode_can_message_Pipeline_VITIS_LOOP_84_1|  return value|
|zext_ln84                       |   in|    9|     ap_none|                                    zext_ln84|        scalar|
|hash_table_message_id_address0  |  out|    9|   ap_memory|                        hash_table_message_id|         array|
|hash_table_message_id_ce0       |  out|    1|   ap_memory|                        hash_table_message_id|         array|
|hash_table_message_id_q0        |   in|   29|   ap_memory|                        hash_table_message_id|         array|
|empty                           |   in|   29|     ap_none|                                        empty|        scalar|
|hash_index_1_out                |  out|    9|      ap_vld|                             hash_index_1_out|       pointer|
|hash_index_1_out_ap_vld         |  out|    1|      ap_vld|                             hash_index_1_out|       pointer|
|mul_ln164_out                   |  out|   16|      ap_vld|                                mul_ln164_out|       pointer|
|mul_ln164_out_ap_vld            |  out|    1|      ap_vld|                                mul_ln164_out|       pointer|
|icmp_ln84_out                   |  out|    1|      ap_vld|                                icmp_ln84_out|       pointer|
|icmp_ln84_out_ap_vld            |  out|    1|      ap_vld|                                icmp_ln84_out|       pointer|
+--------------------------------+-----+-----+------------+---------------------------------------------+--------------+

