programModel::INFOR: Function __PROF_startup will be added to the ProgramContainer
programModel::INFOR: Function _GLOBAL__sub_I_can_message_decoder.cpp.65 will be added to the ProgramContainer
programModel::INFOR: Function __cxx_global_var_init.66 will be added to the ProgramContainer
programModel::INFOR: Function _GLOBAL__sub_I_can_message_decoder.cpp will be added to the ProgramContainer
programModel::INFOR: Function __cxx_global_var_init.2 will be added to the ProgramContainer
programModel::INFOR: Function __cxx_global_var_init.1 will be added to the ProgramContainer
programModel::INFOR: Function _ZN7ap_uintILi56EEC1Ev will be added to the ProgramContainer
programModel::INFOR: Function _ZN7ap_uintILi56EEC2Ev will be added to the ProgramContainer
programModel::INFOR: Function _ZN11ap_int_baseILi56ELb0EEC2Ev will be added to the ProgramContainer
programModel::INFOR: Function _ZN12ssdm_int_simILi56ELb0EEC2Ev will be added to the ProgramContainer
programModel::INFOR: Function _ZN10ap_privateILi56ELb0ELb1EEC1Ev will be added to the ProgramContainer
programModel::INFOR: Function _ZN10ap_privateILi56ELb0ELb1EEC2Ev will be added to the ProgramContainer
programModel::INFOR: Function _ZN10ap_privateILi56ELb0ELb1EE10set_canaryEv will be added to the ProgramContainer
programModel::INFOR: Function _ZN10ap_privateILi56ELb0ELb1EE15clearUnusedBitsEv will be added to the ProgramContainer
programModel::INFOR: Function _ZN10ap_privateILi56ELb0ELb1EE12check_canaryEv will be added to the ProgramContainer
programModel::INFOR: Function __cxx_global_var_init.2.3 will be added to the ProgramContainer
programModel::INFOR: Function _ZN7ap_uintILi80EEC1Ev will be added to the ProgramContainer
programModel::INFOR: Function _ZN7ap_uintILi80EEC2Ev will be added to the ProgramContainer
programModel::INFOR: Function _ZN11ap_int_baseILi80ELb0EEC2Ev will be added to the ProgramContainer
programModel::INFOR: Function _ZN12ssdm_int_simILi80ELb0EEC2Ev will be added to the ProgramContainer
programModel::INFOR: Function _ZN10ap_privateILi80ELb0ELb0EEC1Ev will be added to the ProgramContainer
programModel::INFOR: Function _ZN10ap_privateILi80ELb0ELb0EEC2Ev will be added to the ProgramContainer
programModel::INFOR: Function _ZN10ap_privateILi80ELb0ELb0EE10set_canaryEv will be added to the ProgramContainer
programModel::INFOR: Function _ZN10ap_privateILi80ELb0ELb0EE15clearUnusedBitsEv will be added to the ProgramContainer
programModel::INFOR: Function _ZN10ap_privateILi80ELb0ELb0EE12check_canaryEv will be added to the ProgramContainer
programModel::INFOR: Function __cxx_global_var_init.3 will be added to the ProgramContainer
programModel::INFOR: Function _ZN7ap_uintILi512EEC1Ev will be added to the ProgramContainer
programModel::INFOR: Function _ZN7ap_uintILi512EEC2Ev will be added to the ProgramContainer
programModel::INFOR: Function _ZN11ap_int_baseILi512ELb0EEC2Ev will be added to the ProgramContainer
programModel::INFOR: Function _ZN12ssdm_int_simILi512ELb0EEC2Ev will be added to the ProgramContainer
programModel::INFOR: Function _ZN10ap_privateILi512ELb0ELb0EEC1Ev will be added to the ProgramContainer
programModel::INFOR: Function _ZN10ap_privateILi512ELb0ELb0EEC2Ev will be added to the ProgramContainer
programModel::INFOR: Function _ZN10ap_privateILi512ELb0ELb0EE10set_canaryEv will be added to the ProgramContainer
programModel::INFOR: Function _ZN10ap_privateILi512ELb0ELb0EE15clearUnusedBitsEv will be added to the ProgramContainer
programModel::INFOR: Function _ZN10ap_privateILi512ELb0ELb0EE12check_canaryEv will be added to the ProgramContainer
programModel::INFOR: Function __cxx_global_var_init.4 will be added to the ProgramContainer
programModel::INFOR: Function _ZN9HashEntryC1Ev will be added to the ProgramContainer
programModel::INFOR: Function _ZN9HashEntryC2Ev will be added to the ProgramContainer
programModel::INFOR: Function _ZN7ap_uintILi29EEC1Ev will be added to the ProgramContainer
programModel::INFOR: Function _ZN7ap_uintILi29EEC2Ev will be added to the ProgramContainer
programModel::INFOR: Function _ZN11ap_int_baseILi29ELb0EEC2Ev will be added to the ProgramContainer
programModel::INFOR: Function _ZN12ssdm_int_simILi29ELb0EEC2Ev will be added to the ProgramContainer
programModel::INFOR: Function _ZN10ap_privateILi29ELb0ELb1EEC1Ev will be added to the ProgramContainer
programModel::INFOR: Function _ZN10ap_privateILi29ELb0ELb1EEC2Ev will be added to the ProgramContainer
programModel::INFOR: Function _ZN10ap_privateILi29ELb0ELb1EE10set_canaryEv will be added to the ProgramContainer
programModel::INFOR: Function _ZN10ap_privateILi29ELb0ELb1EE15clearUnusedBitsEv will be added to the ProgramContainer
programModel::INFOR: Function _ZN10ap_privateILi29ELb0ELb1EE12check_canaryEv will be added to the ProgramContainer
programModel::INFOR: Function _ZN17SignalAccumulatorC1Ev will be added to the ProgramContainer
programModel::INFOR: Function _ZN17SignalAccumulatorC2Ev will be added to the ProgramContainer
programModel::INFOR: Function _ZN6ap_intILi64EEC1Ev will be added to the ProgramContainer
programModel::INFOR: Function _ZN6ap_intILi64EEC2Ev will be added to the ProgramContainer
programModel::INFOR: Function _ZN11ap_int_baseILi64ELb1EEC2Ev will be added to the ProgramContainer
programModel::INFOR: Function _ZN12ssdm_int_simILi64ELb1EEC2Ev will be added to the ProgramContainer
programModel::INFOR: Function _ZN10ap_privateILi64ELb1ELb1EEC1Ev will be added to the ProgramContainer
programModel::INFOR: Function _ZN10ap_privateILi64ELb1ELb1EEC2Ev will be added to the ProgramContainer
programModel::INFOR: Function _ZN10ap_privateILi64ELb1ELb1EE10set_canaryEv will be added to the ProgramContainer
programModel::INFOR: Function _ZN10ap_privateILi64ELb1ELb1EE15clearUnusedBitsEv will be added to the ProgramContainer
programModel::INFOR: Function _ZN10ap_privateILi64ELb1ELb1EE12check_canaryEv will be added to the ProgramContainer
programModel::INFOR: Function _ZN7ap_uintILi32EEC1Ev will be added to the ProgramContainer
programModel::INFOR: Function _ZN7ap_uintILi32EEC2Ev will be added to the ProgramContainer
programModel::INFOR: Function _ZN11ap_int_baseILi32ELb0EEC2Ev will be added to the ProgramContainer
programModel::INFOR: Function _ZN12ssdm_int_simILi32ELb0EEC2Ev will be added to the ProgramContainer
programModel::INFOR: Function _ZN10ap_privateILi32ELb0ELb1EEC1Ev will be added to the ProgramContainer
programModel::INFOR: Function _ZN10ap_privateILi32ELb0ELb1EEC2Ev will be added to the ProgramContainer
programModel::INFOR: Function _ZN10ap_privateILi32ELb0ELb1EE10set_canaryEv will be added to the ProgramContainer
programModel::INFOR: Function _ZN10ap_privateILi32ELb0ELb1EE15clearUnusedBitsEv will be added to the ProgramContainer
programModel::INFOR: Function _ZN10ap_privateILi32ELb0ELb1EE12check_canaryEv will be added to the ProgramContainer
programModel::INFOR: Function _GLOBAL__sub_I_testbench.cpp will be added to the ProgramContainer
programModel::INFOR: Function __cxx_global_var_init will be added to the ProgramContainer
programModel::INFOR: Function main will be added to the ProgramContainer
programModel::INFOR: Function _Z6printfPKcz will be added to the ProgramContainer
programModel::INFOR: Function _Z8load_coeILi56EEvPKcP7ap_uintIXT_EEi will be added to the ProgramContainer
programModel::INFOR: Function _Z6sscanfPKcS0_z will be added to the ProgramContainer
programModel::INFOR: Function _ZN7ap_uintILi56EEC1Ei will be added to the ProgramContainer
programModel::INFOR: Function _ZN7ap_uintILi56EEC2Ei will be added to the ProgramContainer
programModel::INFOR: Function _ZN11ap_int_baseILi56ELb0EEC2Ei will be added to the ProgramContainer
programModel::INFOR: Function _ZN10ap_privateILi56ELb0ELb1EEC1Ei will be added to the ProgramContainer
programModel::INFOR: Function _ZN10ap_privateILi56ELb0ELb1EEC2Ei will be added to the ProgramContainer
programModel::INFOR: Function _ZN12ssdm_int_simILi56ELb0EEC2E10ap_privateILi56ELb0ELb1EE will be added to the ProgramContainer
programModel::INFOR: Function _ZN10ap_privateILi56ELb0ELb1EEaSEi will be added to the ProgramContainer
programModel::INFOR: Function _ZN11ap_int_baseILi56ELb0EE18checkOverflowBaseCIiEEvT_ will be added to the ProgramContainer
programModel::INFOR: Function _ZmlILi56ELb0EEN11ap_int_baseIXT_EXT0_EE5RTypeIL3$_032ELb1EE4multERKS1_i will be added to the ProgramContainer
programModel::INFOR: Function _ZN11ap_int_baseILi32ELb1EEC1Ei will be added to the ProgramContainer
programModel::INFOR: Function _ZN11ap_int_baseILi32ELb1EEC2Ei will be added to the ProgramContainer
programModel::INFOR: Function _ZN10ap_privateILi32ELb1ELb1EEC1Ei will be added to the ProgramContainer
programModel::INFOR: Function _ZN10ap_privateILi32ELb1ELb1EEC2Ei will be added to the ProgramContainer
programModel::INFOR: Function _ZN10ap_privateILi32ELb1ELb1EE10set_canaryEv will be added to the ProgramContainer
programModel::INFOR: Function _ZN10ap_privateILi32ELb1ELb1EE15clearUnusedBitsEv will be added to the ProgramContainer
programModel::INFOR: Function _ZN10ap_privateILi32ELb1ELb1EE12check_canaryEv will be added to the ProgramContainer
programModel::INFOR: Function _ZN12ssdm_int_simILi32ELb1EEC2E10ap_privateILi32ELb1ELb1EE will be added to the ProgramContainer
programModel::INFOR: Function _ZN10ap_privateILi32ELb1ELb1EEaSEi will be added to the ProgramContainer
programModel::INFOR: Function _ZmlILi56ELb0ELi32ELb1EEN11ap_int_baseIXT_EXT0_EE5RTypeIXT1_EXT2_EE4multERKS1_RKS0_IXT1_EXT2_EE will be added to the ProgramContainer
programModel::INFOR: Function _ZN11ap_int_baseILi88ELb1EEC1ILi56ELb0EEERKS_IXT_EXT0_EE will be added to the ProgramContainer
programModel::INFOR: Function _ZN11ap_int_baseILi88ELb1EEC2ILi56ELb0EEERKS_IXT_EXT0_EE will be added to the ProgramContainer
programModel::INFOR: Function _ZN10ap_privateILi88ELb1ELb0EEC1ILi56ELb0EEERKS_IXT_EXT0_ELb1EE will be added to the ProgramContainer
programModel::INFOR: Function _ZN10ap_privateILi88ELb1ELb0EEC2ILi56ELb0EEERKS_IXT_EXT0_ELb1EE will be added to the ProgramContainer
programModel::INFOR: Function _ZN10ap_privateILi88ELb1ELb0EE10set_canaryEv will be added to the ProgramContainer
programModel::INFOR: Function _ZNK10ap_privateILi56ELb0ELb1EE10isNegativeEv will be added to the ProgramContainer
programModel::INFOR: Function _ZNK10ap_privateILi56ELb0ELb1EE7get_VALEv will be added to the ProgramContainer
programModel::INFOR: Function _ZN10ap_privateILi88ELb1ELb0EE15clearUnusedBitsEv will be added to the ProgramContainer
programModel::INFOR: Function _ZN10ap_privateILi88ELb1ELb0EE12check_canaryEv will be added to the ProgramContainer
programModel::INFOR: Function _ZN12ssdm_int_simILi88ELb1EEC2E10ap_privateILi88ELb1ELb0EE will be added to the ProgramContainer
programModel::INFOR: Function _ZN10ap_privateILi88ELb1ELb0EEaSILi56ELb0EEERS0_RKS_IXT_EXT0_EXleT_Li64EEE will be added to the ProgramContainer
programModel::INFOR: Function _ZN10ap_privateILi88ELb1ELb0EE13cpZextOrTruncILi56ELb0EEEvRKS_IXT_EXT0_EXleT_Li64EEE will be added to the ProgramContainer
programModel::INFOR: Function _ZN10ap_privateILi88ELb1ELb0EE6cpZextILi56ELb0EEEvRKS_IXT_EXT0_EXleT_Li64EEE will be added to the ProgramContainer
programModel::INFOR: Function _ZNK10ap_privateILi56ELb0ELb1EE8get_pValEi will be added to the ProgramContainer
programModel::INFOR: Function _ZN11ap_int_baseILi88ELb1EEC1ILi32ELb1EEERKS_IXT_EXT0_EE will be added to the ProgramContainer
programModel::INFOR: Function _ZN11ap_int_baseILi88ELb1EEC2ILi32ELb1EEERKS_IXT_EXT0_EE will be added to the ProgramContainer
programModel::INFOR: Function _ZN10ap_privateILi88ELb1ELb0EEC1ILi32ELb1EEERKS_IXT_EXT0_ELb1EE will be added to the ProgramContainer
programModel::INFOR: Function _ZN10ap_privateILi88ELb1ELb0EEC2ILi32ELb1EEERKS_IXT_EXT0_ELb1EE will be added to the ProgramContainer
programModel::INFOR: Function _ZNK10ap_privateILi32ELb1ELb1EE10isNegativeEv will be added to the ProgramContainer
programModel::INFOR: Function _ZNK10ap_privateILi32ELb1ELb1EE7get_VALEv will be added to the ProgramContainer
programModel::INFOR: Function _ZN10ap_privateILi88ELb1ELb0EEaSILi32ELb1EEERS0_RKS_IXT_EXT0_EXleT_Li64EEE will be added to the ProgramContainer
programModel::INFOR: Function _ZN10ap_privateILi88ELb1ELb0EE13cpSextOrTruncILi32ELb1EEEvRKS_IXT_EXT0_EXleT_Li64EEE will be added to the ProgramContainer
programModel::INFOR: Function _ZN10ap_privateILi88ELb1ELb0EE6cpSextILi32ELb1EEEvRKS_IXT_EXT0_EXleT_Li64EEE will be added to the ProgramContainer
programModel::INFOR: Function _ZN10ap_privateILi88ELb1ELb0EE6cpZextILi32ELb1EEEvRKS_IXT_EXT0_EXleT_Li64EEE will be added to the ProgramContainer
programModel::INFOR: Function _ZNK10ap_privateILi32ELb1ELb1EE8get_pValEi will be added to the ProgramContainer
programModel::INFOR: Function _ZN11ap_int_baseILi88ELb1EEC1Ei will be added to the ProgramContainer
programModel::INFOR: Function _ZN11ap_int_baseILi88ELb1EEC2Ei will be added to the ProgramContainer
programModel::INFOR: Function _ZN10ap_privateILi88ELb1ELb0EEC1Eib will be added to the ProgramContainer
programModel::INFOR: Function _ZN10ap_privateILi88ELb1ELb0EEC2Eib will be added to the ProgramContainer
programModel::INFOR: Function _ZN10ap_privateILi88ELb1ELb0EEaSEi will be added to the ProgramContainer
programModel::INFOR: Function _ZNK10ap_privateILi88ELb1ELb0EEmlILi88ELb1EEENS0_5RTypeIXT_EXT0_EE4multERKS_IXT_EXT0_EXleT_Li64EEE will be added to the ProgramContainer
programModel::INFOR: Function _ZN10ap_privateILi176ELb1ELb0EEC1ILi88ELb1EEERKS_IXT_EXT0_ELb0EE will be added to the ProgramContainer
programModel::INFOR: Function _ZN10ap_privateILi176ELb1ELb0EEC2ILi88ELb1EEERKS_IXT_EXT0_ELb0EE will be added to the ProgramContainer
programModel::INFOR: Function _ZN10ap_privateILi176ELb1ELb0EE10set_canaryEv will be added to the ProgramContainer
programModel::INFOR: Function _ZN10ap_privateILi176ELb1ELb0EEaSILi88ELb1EEERS0_RKS_IXT_EXT0_EXleT_Li64EEE will be added to the ProgramContainer
programModel::INFOR: Function _ZN10ap_privateILi176ELb1ELb0EE13cpSextOrTruncILi88ELb1EEEvRKS_IXT_EXT0_EXleT_Li64EEE will be added to the ProgramContainer
programModel::INFOR: Function _ZN10ap_privateILi176ELb1ELb0EE6cpSextILi88ELb1EEEvRKS_IXT_EXT0_EXleT_Li64EEE will be added to the ProgramContainer
programModel::INFOR: Function _ZNK10ap_privateILi88ELb1ELb0EE10isNegativeEv will be added to the ProgramContainer
programModel::INFOR: Function _ZN10ap_privateILi176ELb1ELb0EE6cpZextILi88ELb1EEEvRKS_IXT_EXT0_EXleT_Li64EEE will be added to the ProgramContainer
programModel::INFOR: Function _ZNK10ap_privateILi88ELb1ELb0EE8get_pValEi will be added to the ProgramContainer
programModel::INFOR: Function _ZN10ap_privateILi176ELb1ELb0EE15clearUnusedBitsEv will be added to the ProgramContainer
programModel::INFOR: Function _ZN10ap_privateILi176ELb1ELb0EE12check_canaryEv will be added to the ProgramContainer
programModel::INFOR: Function _ZN10ap_privateILi176ELb1ELb0EEmLILi88ELb1EEERS0_RKS_IXT_EXT0_EXleT_Li64EEE will be added to the ProgramContainer
programModel::INFOR: Function _ZNK10ap_privateILi176ELb1ELb0EE13getActiveBitsEv will be added to the ProgramContainer
programModel::INFOR: Function _ZNK10ap_privateILi176ELb1ELb0EE17countLeadingZerosEv will be added to the ProgramContainer
programModel::INFOR: Function _ZN14ap_private_opsL20CountLeadingZeros_64Ey will be added to the ProgramContainer
programModel::INFOR: Function _ZN10ap_privateILi176ELb1ELb0EE9whichWordEj will be added to the ProgramContainer
programModel::INFOR: Function _ZN10ap_privateILi176ELb1ELb0EE8get_pValEv will be added to the ProgramContainer
programModel::INFOR: Function _ZN14ap_private_opsL3mulEPyPKyjS2_jj will be added to the ProgramContainer
programModel::INFOR: Function _ZN14ap_private_opsL5mul_1EPyPKyjy will be added to the ProgramContainer
programModel::INFOR: Function _ZN10ap_privateILi176ELb1ELb0EE5clearEv will be added to the ProgramContainer
programModel::INFOR: Function _ZNK10ap_privateILi176ELb1ELb0EE10isNegativeEv will be added to the ProgramContainer
programModel::INFOR: Function _ZN10ap_privateILi88ELb1ELb0EEaSILi176ELb1EEERS0_RKS_IXT_EXT0_EXleT_Li64EEE will be added to the ProgramContainer
programModel::INFOR: Function _ZN10ap_privateILi88ELb1ELb0EE13cpSextOrTruncILi176ELb1EEEvRKS_IXT_EXT0_EXleT_Li64EEE will be added to the ProgramContainer
programModel::INFOR: Function _ZNK10ap_privateILi176ELb1ELb0EE8get_pValEi will be added to the ProgramContainer
programModel::INFOR: Function _ZN6ap_intILi88EEC1ILi88ELb1EEERK11ap_int_baseIXT_EXT0_EE will be added to the ProgramContainer
programModel::INFOR: Function _ZN6ap_intILi88EEC2ILi88ELb1EEERK11ap_int_baseIXT_EXT0_EE will be added to the ProgramContainer
programModel::INFOR: Function _ZN7ap_uintILi56EEC1ILi88EEERK6ap_intIXT_EE will be added to the ProgramContainer
programModel::INFOR: Function _ZN7ap_uintILi56EEC2ILi88EEERK6ap_intIXT_EE will be added to the ProgramContainer
programModel::INFOR: Function _ZN11ap_int_baseILi56ELb0EEC2ILi88ELb1EEERKS_IXT_EXT0_EE will be added to the ProgramContainer
programModel::INFOR: Function _ZN10ap_privateILi56ELb0ELb1EEC1ILi88ELb1ELb0EEERKS_IXT_EXT0_EXT1_EE will be added to the ProgramContainer
programModel::INFOR: Function _ZN10ap_privateILi56ELb0ELb1EEC2ILi88ELb1ELb0EEERKS_IXT_EXT0_EXT1_EE will be added to the ProgramContainer
programModel::INFOR: Function _ZNK10ap_privateILi88ELb1ELb0EE7get_VALEv will be added to the ProgramContainer
programModel::INFOR: Function _ZN10ap_privateILi56ELb0ELb1EEaSILi88ELb1EEERS0_RKS_IXT_EXT0_EXleT_Li64EEE will be added to the ProgramContainer
programModel::INFOR: Function _ZNK10ap_privateILi88ELb1ELb0EE15get_cleared_VALEv will be added to the ProgramContainer
programModel::INFOR: Function _ZNK11ap_int_baseILi88ELb1EE17checkOverflowCsimEibb will be added to the ProgramContainer
programModel::INFOR: Function _ZN7ap_uintILi56EEaSERKS0_ will be added to the ProgramContainer
programModel::INFOR: Function _ZN11ap_int_baseILi56ELb0EEaSERKS0_ will be added to the ProgramContainer
programModel::INFOR: Function _ZN12ssdm_int_simILi56ELb0EEaSERKS0_ will be added to the ProgramContainer
programModel::INFOR: Function _ZN10ap_privateILi56ELb0ELb1EEaSERKS0_ will be added to the ProgramContainer
programModel::INFOR: Function _ZpLILi56ELb0EER11ap_int_baseIXT_EXT0_EES2_i will be added to the ProgramContainer
programModel::INFOR: Function _ZN11ap_int_baseILi56ELb0EEpLILi32ELb1EEERS0_RKS_IXT_EXT0_EE will be added to the ProgramContainer
programModel::INFOR: Function _ZN10ap_privateILi56ELb0ELb1EEpLILi32ELb1EEERS0_RKS_IXT_EXT0_EXleT_Li64EEE will be added to the ProgramContainer
programModel::INFOR: Function _ZN10ap_privateILi56ELb0ELb1EE15get_cleared_VALEv will be added to the ProgramContainer
programModel::INFOR: Function _ZNK10ap_privateILi32ELb1ELb1EE15get_cleared_VALEv will be added to the ProgramContainer
programModel::INFOR: Function _Z8load_coeILi80EEvPKcP7ap_uintIXT_EEi will be added to the ProgramContainer
programModel::INFOR: Function _ZN7ap_uintILi80EEC1Ei will be added to the ProgramContainer
programModel::INFOR: Function _ZN7ap_uintILi80EEC2Ei will be added to the ProgramContainer
programModel::INFOR: Function _ZN11ap_int_baseILi80ELb0EEC2Ei will be added to the ProgramContainer
programModel::INFOR: Function _ZN10ap_privateILi80ELb0ELb0EEC1Eib will be added to the ProgramContainer
programModel::INFOR: Function _ZN10ap_privateILi80ELb0ELb0EEC2Eib will be added to the ProgramContainer
programModel::INFOR: Function _ZN12ssdm_int_simILi80ELb0EEC2E10ap_privateILi80ELb0ELb0EE will be added to the ProgramContainer
programModel::INFOR: Function _ZN10ap_privateILi80ELb0ELb0EEaSEi will be added to the ProgramContainer
programModel::INFOR: Function _ZN10ap_privateILi80ELb0ELb0EEaSILi32ELb1EEERS0_RKS_IXT_EXT0_EXleT_Li64EEE will be added to the ProgramContainer
programModel::INFOR: Function _ZN10ap_privateILi80ELb0ELb0EE13cpSextOrTruncILi32ELb1EEEvRKS_IXT_EXT0_EXleT_Li64EEE will be added to the ProgramContainer
programModel::INFOR: Function _ZN10ap_privateILi80ELb0ELb0EE6cpSextILi32ELb1EEEvRKS_IXT_EXT0_EXleT_Li64EEE will be added to the ProgramContainer
programModel::INFOR: Function _ZN10ap_privateILi80ELb0ELb0EE6cpZextILi32ELb1EEEvRKS_IXT_EXT0_EXleT_Li64EEE will be added to the ProgramContainer
programModel::INFOR: Function _ZN11ap_int_baseILi80ELb0EE18checkOverflowBaseCIiEEvT_ will be added to the ProgramContainer
programModel::INFOR: Function _ZmlILi80ELb0EEN11ap_int_baseIXT_EXT0_EE5RTypeIL3$_032ELb1EE4multERKS1_i will be added to the ProgramContainer
programModel::INFOR: Function _ZmlILi80ELb0ELi32ELb1EEN11ap_int_baseIXT_EXT0_EE5RTypeIXT1_EXT2_EE4multERKS1_RKS0_IXT1_EXT2_EE will be added to the ProgramContainer
programModel::INFOR: Function _ZN11ap_int_baseILi112ELb1EEC1ILi80ELb0EEERKS_IXT_EXT0_EE will be added to the ProgramContainer
programModel::INFOR: Function _ZN11ap_int_baseILi112ELb1EEC2ILi80ELb0EEERKS_IXT_EXT0_EE will be added to the ProgramContainer
programModel::INFOR: Function _ZN10ap_privateILi112ELb1ELb0EEC1ILi80ELb0EEERKS_IXT_EXT0_ELb0EE will be added to the ProgramContainer
programModel::INFOR: Function _ZN10ap_privateILi112ELb1ELb0EEC2ILi80ELb0EEERKS_IXT_EXT0_ELb0EE will be added to the ProgramContainer
programModel::INFOR: Function _ZN10ap_privateILi112ELb1ELb0EE10set_canaryEv will be added to the ProgramContainer
programModel::INFOR: Function _ZN10ap_privateILi112ELb1ELb0EEaSILi80ELb0EEERS0_RKS_IXT_EXT0_EXleT_Li64EEE will be added to the ProgramContainer
programModel::INFOR: Function _ZN10ap_privateILi112ELb1ELb0EE13cpZextOrTruncILi80ELb0EEEvRKS_IXT_EXT0_EXleT_Li64EEE will be added to the ProgramContainer
programModel::INFOR: Function _ZN10ap_privateILi112ELb1ELb0EE6cpZextILi80ELb0EEEvRKS_IXT_EXT0_EXleT_Li64EEE will be added to the ProgramContainer
programModel::INFOR: Function _ZNK10ap_privateILi80ELb0ELb0EE8get_pValEi will be added to the ProgramContainer
programModel::INFOR: Function _ZN10ap_privateILi112ELb1ELb0EE15clearUnusedBitsEv will be added to the ProgramContainer
programModel::INFOR: Function _ZN10ap_privateILi112ELb1ELb0EE12check_canaryEv will be added to the ProgramContainer
programModel::INFOR: Function _ZN12ssdm_int_simILi112ELb1EEC2E10ap_privateILi112ELb1ELb0EE will be added to the ProgramContainer
programModel::INFOR: Function _ZN11ap_int_baseILi112ELb1EEC1ILi32ELb1EEERKS_IXT_EXT0_EE will be added to the ProgramContainer
programModel::INFOR: Function _ZN11ap_int_baseILi112ELb1EEC2ILi32ELb1EEERKS_IXT_EXT0_EE will be added to the ProgramContainer
programModel::INFOR: Function _ZN10ap_privateILi112ELb1ELb0EEC1ILi32ELb1EEERKS_IXT_EXT0_ELb1EE will be added to the ProgramContainer
programModel::INFOR: Function _ZN10ap_privateILi112ELb1ELb0EEC2ILi32ELb1EEERKS_IXT_EXT0_ELb1EE will be added to the ProgramContainer
programModel::INFOR: Function _ZN10ap_privateILi112ELb1ELb0EEaSILi32ELb1EEERS0_RKS_IXT_EXT0_EXleT_Li64EEE will be added to the ProgramContainer
programModel::INFOR: Function _ZN10ap_privateILi112ELb1ELb0EE13cpSextOrTruncILi32ELb1EEEvRKS_IXT_EXT0_EXleT_Li64EEE will be added to the ProgramContainer
programModel::INFOR: Function _ZN10ap_privateILi112ELb1ELb0EE6cpSextILi32ELb1EEEvRKS_IXT_EXT0_EXleT_Li64EEE will be added to the ProgramContainer
programModel::INFOR: Function _ZN10ap_privateILi112ELb1ELb0EE6cpZextILi32ELb1EEEvRKS_IXT_EXT0_EXleT_Li64EEE will be added to the ProgramContainer
programModel::INFOR: Function _ZN11ap_int_baseILi112ELb1EEC1Ei will be added to the ProgramContainer
programModel::INFOR: Function _ZN11ap_int_baseILi112ELb1EEC2Ei will be added to the ProgramContainer
programModel::INFOR: Function _ZN10ap_privateILi112ELb1ELb0EEC1Eib will be added to the ProgramContainer
programModel::INFOR: Function _ZN10ap_privateILi112ELb1ELb0EEC2Eib will be added to the ProgramContainer
programModel::INFOR: Function _ZN10ap_privateILi112ELb1ELb0EEaSEi will be added to the ProgramContainer
programModel::INFOR: Function _ZNK10ap_privateILi112ELb1ELb0EEmlILi112ELb1EEENS0_5RTypeIXT_EXT0_EE4multERKS_IXT_EXT0_EXleT_Li64EEE will be added to the ProgramContainer
programModel::INFOR: Function _ZN10ap_privateILi224ELb1ELb0EEC1ILi112ELb1EEERKS_IXT_EXT0_ELb0EE will be added to the ProgramContainer
programModel::INFOR: Function _ZN10ap_privateILi224ELb1ELb0EEC2ILi112ELb1EEERKS_IXT_EXT0_ELb0EE will be added to the ProgramContainer
programModel::INFOR: Function _ZN10ap_privateILi224ELb1ELb0EE10set_canaryEv will be added to the ProgramContainer
programModel::INFOR: Function _ZN10ap_privateILi224ELb1ELb0EEaSILi112ELb1EEERS0_RKS_IXT_EXT0_EXleT_Li64EEE will be added to the ProgramContainer
programModel::INFOR: Function _ZN10ap_privateILi224ELb1ELb0EE13cpSextOrTruncILi112ELb1EEEvRKS_IXT_EXT0_EXleT_Li64EEE will be added to the ProgramContainer
programModel::INFOR: Function _ZN10ap_privateILi224ELb1ELb0EE6cpSextILi112ELb1EEEvRKS_IXT_EXT0_EXleT_Li64EEE will be added to the ProgramContainer
programModel::INFOR: Function _ZNK10ap_privateILi112ELb1ELb0EE10isNegativeEv will be added to the ProgramContainer
programModel::INFOR: Function _ZN10ap_privateILi224ELb1ELb0EE6cpZextILi112ELb1EEEvRKS_IXT_EXT0_EXleT_Li64EEE will be added to the ProgramContainer
programModel::INFOR: Function _ZNK10ap_privateILi112ELb1ELb0EE8get_pValEi will be added to the ProgramContainer
programModel::INFOR: Function _ZN10ap_privateILi224ELb1ELb0EE15clearUnusedBitsEv will be added to the ProgramContainer
programModel::INFOR: Function _ZN10ap_privateILi224ELb1ELb0EE12check_canaryEv will be added to the ProgramContainer
programModel::INFOR: Function _ZN10ap_privateILi224ELb1ELb0EEmLILi112ELb1EEERS0_RKS_IXT_EXT0_EXleT_Li64EEE will be added to the ProgramContainer
programModel::INFOR: Function _ZNK10ap_privateILi224ELb1ELb0EE13getActiveBitsEv will be added to the ProgramContainer
programModel::INFOR: Function _ZNK10ap_privateILi224ELb1ELb0EE17countLeadingZerosEv will be added to the ProgramContainer
programModel::INFOR: Function _ZN10ap_privateILi224ELb1ELb0EE9whichWordEj will be added to the ProgramContainer
programModel::INFOR: Function _ZN10ap_privateILi224ELb1ELb0EE8get_pValEv will be added to the ProgramContainer
programModel::INFOR: Function _ZN10ap_privateILi224ELb1ELb0EE5clearEv will be added to the ProgramContainer
programModel::INFOR: Function _ZNK10ap_privateILi224ELb1ELb0EE10isNegativeEv will be added to the ProgramContainer
programModel::INFOR: Function _ZN10ap_privateILi112ELb1ELb0EEaSILi224ELb1EEERS0_RKS_IXT_EXT0_EXleT_Li64EEE will be added to the ProgramContainer
programModel::INFOR: Function _ZN10ap_privateILi112ELb1ELb0EE13cpSextOrTruncILi224ELb1EEEvRKS_IXT_EXT0_EXleT_Li64EEE will be added to the ProgramContainer
programModel::INFOR: Function _ZNK10ap_privateILi224ELb1ELb0EE8get_pValEi will be added to the ProgramContainer
programModel::INFOR: Function _ZN6ap_intILi112EEC1ILi112ELb1EEERK11ap_int_baseIXT_EXT0_EE will be added to the ProgramContainer
programModel::INFOR: Function _ZN6ap_intILi112EEC2ILi112ELb1EEERK11ap_int_baseIXT_EXT0_EE will be added to the ProgramContainer
programModel::INFOR: Function _ZN7ap_uintILi80EEC1ILi112EEERK6ap_intIXT_EE will be added to the ProgramContainer
programModel::INFOR: Function _ZN7ap_uintILi80EEC2ILi112EEERK6ap_intIXT_EE will be added to the ProgramContainer
programModel::INFOR: Function _ZN11ap_int_baseILi80ELb0EEC2ILi112ELb1EEERKS_IXT_EXT0_EE will be added to the ProgramContainer
programModel::INFOR: Function _ZN10ap_privateILi80ELb0ELb0EEC1ILi112ELb1EEERKS_IXT_EXT0_ELb0EE will be added to the ProgramContainer
programModel::INFOR: Function _ZN10ap_privateILi80ELb0ELb0EEC2ILi112ELb1EEERKS_IXT_EXT0_ELb0EE will be added to the ProgramContainer
programModel::INFOR: Function _ZN10ap_privateILi80ELb0ELb0EEaSILi112ELb1EEERS0_RKS_IXT_EXT0_EXleT_Li64EEE will be added to the ProgramContainer
programModel::INFOR: Function _ZN10ap_privateILi80ELb0ELb0EE13cpSextOrTruncILi112ELb1EEEvRKS_IXT_EXT0_EXleT_Li64EEE will be added to the ProgramContainer
programModel::INFOR: Function _ZNK11ap_int_baseILi112ELb1EE17checkOverflowCsimEibb will be added to the ProgramContainer
programModel::INFOR: Function _ZN7ap_uintILi80EEaSERKS0_ will be added to the ProgramContainer
programModel::INFOR: Function _ZN11ap_int_baseILi80ELb0EEaSERKS0_ will be added to the ProgramContainer
programModel::INFOR: Function _ZN12ssdm_int_simILi80ELb0EEaSERKS0_ will be added to the ProgramContainer
programModel::INFOR: Function _ZN10ap_privateILi80ELb0ELb0EEaSERKS0_ will be added to the ProgramContainer
programModel::INFOR: Function _ZpLILi80ELb0EER11ap_int_baseIXT_EXT0_EES2_i will be added to the ProgramContainer
programModel::INFOR: Function _ZN11ap_int_baseILi80ELb0EEpLILi32ELb1EEERS0_RKS_IXT_EXT0_EE will be added to the ProgramContainer
programModel::INFOR: Function _ZN10ap_privateILi80ELb0ELb0EEpLILi32ELb1EEERS0_RKS_IXT_EXT0_EXleT_Li64EEE will be added to the ProgramContainer
programModel::INFOR: Function _ZN14ap_private_opsL3addEPyPKyS2_jjjbb will be added to the ProgramContainer
programModel::INFOR: Function _ZN8AESL_std3minIjEET_S1_S1_ will be added to the ProgramContainer
programModel::INFOR: Function _ZN8AESL_std3minIyEET_S1_S1_ will be added to the ProgramContainer
programModel::INFOR: Function _Z8load_coeILi512EEvPKcP7ap_uintIXT_EEi will be added to the ProgramContainer
programModel::INFOR: Function _ZN7ap_uintILi512EEC1Ei will be added to the ProgramContainer
programModel::INFOR: Function _ZN7ap_uintILi512EEC2Ei will be added to the ProgramContainer
programModel::INFOR: Function _ZN11ap_int_baseILi512ELb0EEC2Ei will be added to the ProgramContainer
programModel::INFOR: Function _ZN10ap_privateILi512ELb0ELb0EEC1Eib will be added to the ProgramContainer
programModel::INFOR: Function _ZN10ap_privateILi512ELb0ELb0EEC2Eib will be added to the ProgramContainer
programModel::INFOR: Function _ZN12ssdm_int_simILi512ELb0EEC2E10ap_privateILi512ELb0ELb0EE will be added to the ProgramContainer
programModel::INFOR: Function _ZN10ap_privateILi512ELb0ELb0EEaSEi will be added to the ProgramContainer
programModel::INFOR: Function _ZN10ap_privateILi512ELb0ELb0EEaSILi32ELb1EEERS0_RKS_IXT_EXT0_EXleT_Li64EEE will be added to the ProgramContainer
programModel::INFOR: Function _ZN10ap_privateILi512ELb0ELb0EE13cpSextOrTruncILi32ELb1EEEvRKS_IXT_EXT0_EXleT_Li64EEE will be added to the ProgramContainer
programModel::INFOR: Function _ZN10ap_privateILi512ELb0ELb0EE6cpSextILi32ELb1EEEvRKS_IXT_EXT0_EXleT_Li64EEE will be added to the ProgramContainer
programModel::INFOR: Function _ZN10ap_privateILi512ELb0ELb0EE6cpZextILi32ELb1EEEvRKS_IXT_EXT0_EXleT_Li64EEE will be added to the ProgramContainer
programModel::INFOR: Function _ZN11ap_int_baseILi512ELb0EE18checkOverflowBaseCIiEEvT_ will be added to the ProgramContainer
programModel::INFOR: Function _ZmlILi512ELb0EEN11ap_int_baseIXT_EXT0_EE5RTypeIL3$_032ELb1EE4multERKS1_i will be added to the ProgramContainer
programModel::INFOR: Function _ZmlILi512ELb0ELi32ELb1EEN11ap_int_baseIXT_EXT0_EE5RTypeIXT1_EXT2_EE4multERKS1_RKS0_IXT1_EXT2_EE will be added to the ProgramContainer
programModel::INFOR: Function _ZN11ap_int_baseILi544ELb1EEC1ILi512ELb0EEERKS_IXT_EXT0_EE will be added to the ProgramContainer
programModel::INFOR: Function _ZN11ap_int_baseILi544ELb1EEC2ILi512ELb0EEERKS_IXT_EXT0_EE will be added to the ProgramContainer
programModel::INFOR: Function _ZN10ap_privateILi544ELb1ELb0EEC1ILi512ELb0EEERKS_IXT_EXT0_ELb0EE will be added to the ProgramContainer
programModel::INFOR: Function _ZN10ap_privateILi544ELb1ELb0EEC2ILi512ELb0EEERKS_IXT_EXT0_ELb0EE will be added to the ProgramContainer
programModel::INFOR: Function _ZN10ap_privateILi544ELb1ELb0EE10set_canaryEv will be added to the ProgramContainer
programModel::INFOR: Function _ZN10ap_privateILi544ELb1ELb0EEaSILi512ELb0EEERS0_RKS_IXT_EXT0_EXleT_Li64EEE will be added to the ProgramContainer
programModel::INFOR: Function _ZN10ap_privateILi544ELb1ELb0EE13cpZextOrTruncILi512ELb0EEEvRKS_IXT_EXT0_EXleT_Li64EEE will be added to the ProgramContainer
programModel::INFOR: Function _ZN10ap_privateILi544ELb1ELb0EE6cpZextILi512ELb0EEEvRKS_IXT_EXT0_EXleT_Li64EEE will be added to the ProgramContainer
programModel::INFOR: Function _ZNK10ap_privateILi512ELb0ELb0EE8get_pValEi will be added to the ProgramContainer
programModel::INFOR: Function _ZN10ap_privateILi544ELb1ELb0EE15clearUnusedBitsEv will be added to the ProgramContainer
programModel::INFOR: Function _ZN10ap_privateILi544ELb1ELb0EE12check_canaryEv will be added to the ProgramContainer
programModel::INFOR: Function _ZN12ssdm_int_simILi544ELb1EEC2E10ap_privateILi544ELb1ELb0EE will be added to the ProgramContainer
programModel::INFOR: Function _ZN11ap_int_baseILi544ELb1EEC1ILi32ELb1EEERKS_IXT_EXT0_EE will be added to the ProgramContainer
programModel::INFOR: Function _ZN11ap_int_baseILi544ELb1EEC2ILi32ELb1EEERKS_IXT_EXT0_EE will be added to the ProgramContainer
programModel::INFOR: Function _ZN10ap_privateILi544ELb1ELb0EEC1ILi32ELb1EEERKS_IXT_EXT0_ELb1EE will be added to the ProgramContainer
programModel::INFOR: Function _ZN10ap_privateILi544ELb1ELb0EEC2ILi32ELb1EEERKS_IXT_EXT0_ELb1EE will be added to the ProgramContainer
programModel::INFOR: Function _ZN10ap_privateILi544ELb1ELb0EEaSILi32ELb1EEERS0_RKS_IXT_EXT0_EXleT_Li64EEE will be added to the ProgramContainer
programModel::INFOR: Function _ZN10ap_privateILi544ELb1ELb0EE13cpSextOrTruncILi32ELb1EEEvRKS_IXT_EXT0_EXleT_Li64EEE will be added to the ProgramContainer
programModel::INFOR: Function _ZN10ap_privateILi544ELb1ELb0EE6cpSextILi32ELb1EEEvRKS_IXT_EXT0_EXleT_Li64EEE will be added to the ProgramContainer
programModel::INFOR: Function _ZN10ap_privateILi544ELb1ELb0EE6cpZextILi32ELb1EEEvRKS_IXT_EXT0_EXleT_Li64EEE will be added to the ProgramContainer
programModel::INFOR: Function _ZN11ap_int_baseILi544ELb1EEC1Ei will be added to the ProgramContainer
programModel::INFOR: Function _ZN11ap_int_baseILi544ELb1EEC2Ei will be added to the ProgramContainer
programModel::INFOR: Function _ZN10ap_privateILi544ELb1ELb0EEC1Eib will be added to the ProgramContainer
programModel::INFOR: Function _ZN10ap_privateILi544ELb1ELb0EEC2Eib will be added to the ProgramContainer
programModel::INFOR: Function _ZN10ap_privateILi544ELb1ELb0EEaSEi will be added to the ProgramContainer
programModel::INFOR: Function _ZNK10ap_privateILi544ELb1ELb0EEmlILi544ELb1EEENS0_5RTypeIXT_EXT0_EE4multERKS_IXT_EXT0_EXleT_Li64EEE will be added to the ProgramContainer
programModel::INFOR: Function _ZN10ap_privateILi1088ELb1ELb0EEC1ILi544ELb1EEERKS_IXT_EXT0_ELb0EE will be added to the ProgramContainer
programModel::INFOR: Function _ZN10ap_privateILi1088ELb1ELb0EEC2ILi544ELb1EEERKS_IXT_EXT0_ELb0EE will be added to the ProgramContainer
programModel::INFOR: Function _ZN10ap_privateILi1088ELb1ELb0EE10set_canaryEv will be added to the ProgramContainer
programModel::INFOR: Function _ZN10ap_privateILi1088ELb1ELb0EEaSILi544ELb1EEERS0_RKS_IXT_EXT0_EXleT_Li64EEE will be added to the ProgramContainer
programModel::INFOR: Function _ZN10ap_privateILi1088ELb1ELb0EE13cpSextOrTruncILi544ELb1EEEvRKS_IXT_EXT0_EXleT_Li64EEE will be added to the ProgramContainer
programModel::INFOR: Function _ZN10ap_privateILi1088ELb1ELb0EE6cpSextILi544ELb1EEEvRKS_IXT_EXT0_EXleT_Li64EEE will be added to the ProgramContainer
programModel::INFOR: Function _ZNK10ap_privateILi544ELb1ELb0EE10isNegativeEv will be added to the ProgramContainer
programModel::INFOR: Function _ZN10ap_privateILi1088ELb1ELb0EE6cpZextILi544ELb1EEEvRKS_IXT_EXT0_EXleT_Li64EEE will be added to the ProgramContainer
programModel::INFOR: Function _ZNK10ap_privateILi544ELb1ELb0EE8get_pValEi will be added to the ProgramContainer
programModel::INFOR: Function _ZN10ap_privateILi1088ELb1ELb0EE15clearUnusedBitsEv will be added to the ProgramContainer
programModel::INFOR: Function _ZN10ap_privateILi1088ELb1ELb0EE12check_canaryEv will be added to the ProgramContainer
programModel::INFOR: Function _ZN10ap_privateILi1088ELb1ELb0EEmLILi544ELb1EEERS0_RKS_IXT_EXT0_EXleT_Li64EEE will be added to the ProgramContainer
programModel::INFOR: Function _ZNK10ap_privateILi1088ELb1ELb0EE13getActiveBitsEv will be added to the ProgramContainer
programModel::INFOR: Function _ZNK10ap_privateILi1088ELb1ELb0EE17countLeadingZerosEv will be added to the ProgramContainer
programModel::INFOR: Function _ZN10ap_privateILi1088ELb1ELb0EE9whichWordEj will be added to the ProgramContainer
programModel::INFOR: Function _ZN10ap_privateILi1088ELb1ELb0EE8get_pValEv will be added to the ProgramContainer
programModel::INFOR: Function _ZN10ap_privateILi1088ELb1ELb0EE5clearEv will be added to the ProgramContainer
programModel::INFOR: Function _ZNK10ap_privateILi1088ELb1ELb0EE10isNegativeEv will be added to the ProgramContainer
programModel::INFOR: Function _ZN10ap_privateILi544ELb1ELb0EEaSILi1088ELb1EEERS0_RKS_IXT_EXT0_EXleT_Li64EEE will be added to the ProgramContainer
programModel::INFOR: Function _ZN10ap_privateILi544ELb1ELb0EE13cpSextOrTruncILi1088ELb1EEEvRKS_IXT_EXT0_EXleT_Li64EEE will be added to the ProgramContainer
programModel::INFOR: Function _ZNK10ap_privateILi1088ELb1ELb0EE8get_pValEi will be added to the ProgramContainer
programModel::INFOR: Function _ZN6ap_intILi544EEC1ILi544ELb1EEERK11ap_int_baseIXT_EXT0_EE will be added to the ProgramContainer
programModel::INFOR: Function _ZN6ap_intILi544EEC2ILi544ELb1EEERK11ap_int_baseIXT_EXT0_EE will be added to the ProgramContainer
programModel::INFOR: Function _ZN7ap_uintILi512EEC1ILi544EEERK6ap_intIXT_EE will be added to the ProgramContainer
programModel::INFOR: Function _ZN7ap_uintILi512EEC2ILi544EEERK6ap_intIXT_EE will be added to the ProgramContainer
programModel::INFOR: Function _ZN11ap_int_baseILi512ELb0EEC2ILi544ELb1EEERKS_IXT_EXT0_EE will be added to the ProgramContainer
programModel::INFOR: Function _ZN10ap_privateILi512ELb0ELb0EEC1ILi544ELb1EEERKS_IXT_EXT0_ELb0EE will be added to the ProgramContainer
programModel::INFOR: Function _ZN10ap_privateILi512ELb0ELb0EEC2ILi544ELb1EEERKS_IXT_EXT0_ELb0EE will be added to the ProgramContainer
programModel::INFOR: Function _ZN10ap_privateILi512ELb0ELb0EEaSILi544ELb1EEERS0_RKS_IXT_EXT0_EXleT_Li64EEE will be added to the ProgramContainer
programModel::INFOR: Function _ZN10ap_privateILi512ELb0ELb0EE13cpSextOrTruncILi544ELb1EEEvRKS_IXT_EXT0_EXleT_Li64EEE will be added to the ProgramContainer
programModel::INFOR: Function _ZNK11ap_int_baseILi544ELb1EE17checkOverflowCsimEibb will be added to the ProgramContainer
programModel::INFOR: Function _ZN7ap_uintILi512EEaSERKS0_ will be added to the ProgramContainer
programModel::INFOR: Function _ZN11ap_int_baseILi512ELb0EEaSERKS0_ will be added to the ProgramContainer
programModel::INFOR: Function _ZN12ssdm_int_simILi512ELb0EEaSERKS0_ will be added to the ProgramContainer
programModel::INFOR: Function _ZN10ap_privateILi512ELb0ELb0EEaSERKS0_ will be added to the ProgramContainer
programModel::INFOR: Function _ZpLILi512ELb0EER11ap_int_baseIXT_EXT0_EES2_i will be added to the ProgramContainer
programModel::INFOR: Function _ZN11ap_int_baseILi512ELb0EEpLILi32ELb1EEERS0_RKS_IXT_EXT0_EE will be added to the ProgramContainer
programModel::INFOR: Function _ZN10ap_privateILi512ELb0ELb0EEpLILi32ELb1EEERS0_RKS_IXT_EXT0_EXleT_Li64EEE will be added to the ProgramContainer
programModel::INFOR: Function _Z21initialize_hash_tableiP9HashEntry will be added to the ProgramContainer
programModel::INFOR: Function _ZN7ap_uintILi29EEC1Ei will be added to the ProgramContainer
programModel::INFOR: Function _ZN7ap_uintILi29EEC2Ei will be added to the ProgramContainer
programModel::INFOR: Function _ZN11ap_int_baseILi29ELb0EEC2Ei will be added to the ProgramContainer
programModel::INFOR: Function _ZN10ap_privateILi29ELb0ELb1EEC1Ei will be added to the ProgramContainer
programModel::INFOR: Function _ZN10ap_privateILi29ELb0ELb1EEC2Ei will be added to the ProgramContainer
programModel::INFOR: Function _ZN12ssdm_int_simILi29ELb0EEC2E10ap_privateILi29ELb0ELb1EE will be added to the ProgramContainer
programModel::INFOR: Function _ZN10ap_privateILi29ELb0ELb1EEaSEi will be added to the ProgramContainer
programModel::INFOR: Function _ZN11ap_int_baseILi29ELb0EE18checkOverflowBaseCIiEEvT_ will be added to the ProgramContainer
programModel::INFOR: Function _ZN7ap_uintILi29EEaSERKS0_ will be added to the ProgramContainer
programModel::INFOR: Function _ZN11ap_int_baseILi29ELb0EEaSERKS0_ will be added to the ProgramContainer
programModel::INFOR: Function _ZN12ssdm_int_simILi29ELb0EEaSERKS0_ will be added to the ProgramContainer
programModel::INFOR: Function _ZN10ap_privateILi29ELb0ELb1EEaSERKS0_ will be added to the ProgramContainer
programModel::INFOR: Function _ZNK10ap_privateILi29ELb0ELb1EE7get_VALEv will be added to the ProgramContainer
programModel::INFOR: Function _ZN7ap_uintILi32EEC1Ei will be added to the ProgramContainer
programModel::INFOR: Function _ZN7ap_uintILi32EEC2Ei will be added to the ProgramContainer
programModel::INFOR: Function _ZN11ap_int_baseILi32ELb0EEC2Ei will be added to the ProgramContainer
programModel::INFOR: Function _ZN10ap_privateILi32ELb0ELb1EEC1Ei will be added to the ProgramContainer
programModel::INFOR: Function _ZN10ap_privateILi32ELb0ELb1EEC2Ei will be added to the ProgramContainer
programModel::INFOR: Function _ZN12ssdm_int_simILi32ELb0EEC2E10ap_privateILi32ELb0ELb1EE will be added to the ProgramContainer
programModel::INFOR: Function _ZN10ap_privateILi32ELb0ELb1EEaSEi will be added to the ProgramContainer
programModel::INFOR: Function _ZN11ap_int_baseILi32ELb0EE18checkOverflowBaseCIiEEvT_ will be added to the ProgramContainer
programModel::INFOR: Function _ZN7ap_uintILi32EEaSERKS0_ will be added to the ProgramContainer
programModel::INFOR: Function _ZN11ap_int_baseILi32ELb0EEaSERKS0_ will be added to the ProgramContainer
programModel::INFOR: Function _ZN12ssdm_int_simILi32ELb0EEaSERKS0_ will be added to the ProgramContainer
programModel::INFOR: Function _ZN10ap_privateILi32ELb0ELb1EEaSERKS0_ will be added to the ProgramContainer
programModel::INFOR: Function _ZNK10ap_privateILi32ELb0ELb1EE7get_VALEv will be added to the ProgramContainer
programModel::INFOR: Function _ZN6ap_intILi64EEC1Ei will be added to the ProgramContainer
programModel::INFOR: Function _ZN6ap_intILi64EEC2Ei will be added to the ProgramContainer
programModel::INFOR: Function _ZN11ap_int_baseILi64ELb1EEC2Ei will be added to the ProgramContainer
programModel::INFOR: Function _ZN10ap_privateILi64ELb1ELb1EEC1Ei will be added to the ProgramContainer
programModel::INFOR: Function _ZN10ap_privateILi64ELb1ELb1EEC2Ei will be added to the ProgramContainer
programModel::INFOR: Function _ZN12ssdm_int_simILi64ELb1EEC2E10ap_privateILi64ELb1ELb1EE will be added to the ProgramContainer
programModel::INFOR: Function _ZN10ap_privateILi64ELb1ELb1EEaSEi will be added to the ProgramContainer
programModel::INFOR: Function _ZN11ap_int_baseILi64ELb1EE18checkOverflowBaseCIiEEvT_ will be added to the ProgramContainer
programModel::INFOR: Function _ZN6ap_intILi64EEaSERKS0_ will be added to the ProgramContainer
programModel::INFOR: Function _ZN11ap_int_baseILi64ELb1EEaSERKS0_ will be added to the ProgramContainer
programModel::INFOR: Function _ZN12ssdm_int_simILi64ELb1EEaSERKS0_ will be added to the ProgramContainer
programModel::INFOR: Function _ZN10ap_privateILi64ELb1ELb1EEaSERKS0_ will be added to the ProgramContainer
programModel::INFOR: Function _ZNK10ap_privateILi64ELb1ELb1EE7get_VALEv will be added to the ProgramContainer
programModel::INFOR: Function _ZN11ap_int_baseILi56ELb0EEclEii will be added to the ProgramContainer
programModel::INFOR: Function _ZN11ap_int_baseILi56ELb0EE5rangeEii will be added to the ProgramContainer
programModel::INFOR: Function _ZN12ap_range_refILi56ELb0EEC1EP11ap_int_baseILi56ELb0EEii will be added to the ProgramContainer
programModel::INFOR: Function _ZN12ap_range_refILi56ELb0EEC2EP11ap_int_baseILi56ELb0EEii will be added to the ProgramContainer
programModel::INFOR: Function _ZN7ap_uintILi29EEC1ILi56ELb0EEERK12ap_range_refIXT_EXT0_EE will be added to the ProgramContainer
programModel::INFOR: Function _ZN7ap_uintILi29EEC2ILi56ELb0EEERK12ap_range_refIXT_EXT0_EE will be added to the ProgramContainer
programModel::INFOR: Function _ZN11ap_int_baseILi29ELb0EEC2ILi56ELb0EEERK12ap_range_refIXT_EXT0_EE will be added to the ProgramContainer
programModel::INFOR: Function _ZNK12ap_range_refILi56ELb0EE3getEv will be added to the ProgramContainer
programModel::INFOR: Function _ZN11ap_int_baseILi56ELb0EEC1Ev will be added to the ProgramContainer
programModel::INFOR: Function _ZN10ap_privateILi56ELb0ELb1EE5rangeEii will be added to the ProgramContainer
programModel::INFOR: Function _ZN18_private_range_refILi56ELb0EEC1EP10ap_privateILi56ELb0ELb1EEii will be added to the ProgramContainer
programModel::INFOR: Function _ZN18_private_range_refILi56ELb0EEC2EP10ap_privateILi56ELb0ELb1EEii will be added to the ProgramContainer
programModel::INFOR: Function _ZN10ap_privateILi56ELb0ELb1EEaSILi56ELb0EEERS0_RK18_private_range_refIXT_EXT0_EE will be added to the ProgramContainer
programModel::INFOR: Function _ZN10ap_privateILi56ELb0ELb1EEC1ILi56ELb0EEERK18_private_range_refIXT_EXT0_EE will be added to the ProgramContainer
programModel::INFOR: Function _ZN10ap_privateILi56ELb0ELb1EEC2ILi56ELb0EEERK18_private_range_refIXT_EXT0_EE will be added to the ProgramContainer
programModel::INFOR: Function _ZNK18_private_range_refILi56ELb0EE3getEv will be added to the ProgramContainer
programModel::INFOR: Function _ZrSILi56ELb0EER10ap_privateIXT_EXT0_EXleT_Li64EEES2_i will be added to the ProgramContainer
programModel::INFOR: Function _ZNK10ap_privateILi56ELb0ELb1EErsEi will be added to the ProgramContainer
programModel::INFOR: Function _ZNK10ap_privateILi56ELb0ELb1EE4lshrEj will be added to the ProgramContainer
programModel::INFOR: Function _ZNK10ap_privateILi56ELb0ELb1EE15get_cleared_VALEv will be added to the ProgramContainer
programModel::INFOR: Function _ZN10ap_privateILi56ELb0ELb1EEC1Ey will be added to the ProgramContainer
programModel::INFOR: Function _ZN10ap_privateILi56ELb0ELb1EEC2Ey will be added to the ProgramContainer
programModel::INFOR: Function _ZN10ap_privateILi56ELb0ELb1EEaNEy will be added to the ProgramContainer
programModel::INFOR: Function _ZNK10ap_privateILi56ELb0ELb1EEcvyEv will be added to the ProgramContainer
programModel::INFOR: Function _ZN10ap_privateILi29ELb0ELb1EEaSILi56ELb0EEERS0_RKS_IXT_EXT0_EXleT_Li64EEE will be added to the ProgramContainer
programModel::INFOR: Function _ZN7ap_uintILi7EEC1ILi56ELb0EEERK12ap_range_refIXT_EXT0_EE will be added to the ProgramContainer
programModel::INFOR: Function _ZN7ap_uintILi7EEC2ILi56ELb0EEERK12ap_range_refIXT_EXT0_EE will be added to the ProgramContainer
programModel::INFOR: Function _ZN11ap_int_baseILi7ELb0EEC2ILi56ELb0EEERK12ap_range_refIXT_EXT0_EE will be added to the ProgramContainer
programModel::INFOR: Function _ZN12ssdm_int_simILi7ELb0EEC2Ev will be added to the ProgramContainer
programModel::INFOR: Function _ZN10ap_privateILi7ELb0ELb1EEC1Ev will be added to the ProgramContainer
programModel::INFOR: Function _ZN10ap_privateILi7ELb0ELb1EEC2Ev will be added to the ProgramContainer
programModel::INFOR: Function _ZN10ap_privateILi7ELb0ELb1EE10set_canaryEv will be added to the ProgramContainer
programModel::INFOR: Function _ZN10ap_privateILi7ELb0ELb1EE15clearUnusedBitsEv will be added to the ProgramContainer
programModel::INFOR: Function _ZN10ap_privateILi7ELb0ELb1EE12check_canaryEv will be added to the ProgramContainer
programModel::INFOR: Function _ZN10ap_privateILi7ELb0ELb1EEaSILi56ELb0EEERS0_RKS_IXT_EXT0_EXleT_Li64EEE will be added to the ProgramContainer
programModel::INFOR: Function _Z12compute_hash7ap_uintILi29EE will be added to the ProgramContainer
programModel::INFOR: Function _ZmlILi29ELb0EEN11ap_int_baseIXT_EXT0_EE5RTypeIL3$_032ELb1EE4multERKS1_i will be added to the ProgramContainer
programModel::INFOR: Function _ZmlILi29ELb0ELi32ELb1EEN11ap_int_baseIXT_EXT0_EE5RTypeIXT1_EXT2_EE4multERKS1_RKS0_IXT1_EXT2_EE will be added to the ProgramContainer
programModel::INFOR: Function _ZN11ap_int_baseILi61ELb1EEC1ILi29ELb0EEERKS_IXT_EXT0_EE will be added to the ProgramContainer
programModel::INFOR: Function _ZN11ap_int_baseILi61ELb1EEC2ILi29ELb0EEERKS_IXT_EXT0_EE will be added to the ProgramContainer
programModel::INFOR: Function _ZN10ap_privateILi61ELb1ELb1EEC1ILi29ELb0ELb1EEERKS_IXT_EXT0_EXT1_EE will be added to the ProgramContainer
programModel::INFOR: Function _ZN10ap_privateILi61ELb1ELb1EEC2ILi29ELb0ELb1EEERKS_IXT_EXT0_EXT1_EE will be added to the ProgramContainer
programModel::INFOR: Function _ZN10ap_privateILi61ELb1ELb1EE10set_canaryEv will be added to the ProgramContainer
programModel::INFOR: Function _ZN10ap_privateILi61ELb1ELb1EE15clearUnusedBitsEv will be added to the ProgramContainer
programModel::INFOR: Function _ZN10ap_privateILi61ELb1ELb1EE12check_canaryEv will be added to the ProgramContainer
programModel::INFOR: Function _ZN12ssdm_int_simILi61ELb1EEC2E10ap_privateILi61ELb1ELb1EE will be added to the ProgramContainer
programModel::INFOR: Function _ZN10ap_privateILi61ELb1ELb1EEaSILi29ELb0EEERS0_RKS_IXT_EXT0_EXleT_Li64EEE will be added to the ProgramContainer
programModel::INFOR: Function _ZNK10ap_privateILi29ELb0ELb1EE15get_cleared_VALEv will be added to the ProgramContainer
programModel::INFOR: Function _ZN11ap_int_baseILi61ELb1EEC1ILi32ELb1EEERKS_IXT_EXT0_EE will be added to the ProgramContainer
programModel::INFOR: Function _ZN11ap_int_baseILi61ELb1EEC2ILi32ELb1EEERKS_IXT_EXT0_EE will be added to the ProgramContainer
programModel::INFOR: Function _ZN10ap_privateILi61ELb1ELb1EEC1ILi32ELb1ELb1EEERKS_IXT_EXT0_EXT1_EE will be added to the ProgramContainer
programModel::INFOR: Function _ZN10ap_privateILi61ELb1ELb1EEC2ILi32ELb1ELb1EEERKS_IXT_EXT0_EXT1_EE will be added to the ProgramContainer
programModel::INFOR: Function _ZN10ap_privateILi61ELb1ELb1EEaSILi32ELb1EEERS0_RKS_IXT_EXT0_EXleT_Li64EEE will be added to the ProgramContainer
programModel::INFOR: Function _ZN11ap_int_baseILi61ELb1EEC1Ei will be added to the ProgramContainer
programModel::INFOR: Function _ZN11ap_int_baseILi61ELb1EEC2Ei will be added to the ProgramContainer
programModel::INFOR: Function _ZN10ap_privateILi61ELb1ELb1EEC1Ei will be added to the ProgramContainer
programModel::INFOR: Function _ZN10ap_privateILi61ELb1ELb1EEC2Ei will be added to the ProgramContainer
programModel::INFOR: Function _ZN10ap_privateILi61ELb1ELb1EEaSEi will be added to the ProgramContainer
programModel::INFOR: Function _ZNK10ap_privateILi61ELb1ELb1EEmlILi61ELb1EEENS0_5RTypeIXT_EXT0_EE4multERKS_IXT_EXT0_EXleT_Li64EEE will be added to the ProgramContainer
programModel::INFOR: Function _ZN10ap_privateILi122ELb1ELb0EEC1ILi61ELb1EEERKS_IXT_EXT0_ELb1EE will be added to the ProgramContainer
programModel::INFOR: Function _ZN10ap_privateILi122ELb1ELb0EEC2ILi61ELb1EEERKS_IXT_EXT0_ELb1EE will be added to the ProgramContainer
programModel::INFOR: Function _ZN10ap_privateILi122ELb1ELb0EE10set_canaryEv will be added to the ProgramContainer
programModel::INFOR: Function _ZNK10ap_privateILi61ELb1ELb1EE10isNegativeEv will be added to the ProgramContainer
programModel::INFOR: Function _ZNK10ap_privateILi61ELb1ELb1EE7get_VALEv will be added to the ProgramContainer
programModel::INFOR: Function _ZN10ap_privateILi122ELb1ELb0EE15clearUnusedBitsEv will be added to the ProgramContainer
programModel::INFOR: Function _ZN10ap_privateILi122ELb1ELb0EE12check_canaryEv will be added to the ProgramContainer
programModel::INFOR: Function _ZN10ap_privateILi122ELb1ELb0EEmLILi61ELb1EEERS0_RKS_IXT_EXT0_EXleT_Li64EEE will be added to the ProgramContainer
programModel::INFOR: Function _ZNK10ap_privateILi122ELb1ELb0EE13getActiveBitsEv will be added to the ProgramContainer
programModel::INFOR: Function _ZNK10ap_privateILi122ELb1ELb0EE17countLeadingZerosEv will be added to the ProgramContainer
programModel::INFOR: Function _ZN14ap_private_opsL20CountLeadingZeros_64Ey.52 will be added to the ProgramContainer
programModel::INFOR: Function _ZN10ap_privateILi122ELb1ELb0EE9whichWordEj will be added to the ProgramContainer
programModel::INFOR: Function _ZN10ap_privateILi122ELb1ELb0EE8get_pValEv will be added to the ProgramContainer
programModel::INFOR: Function _ZN14ap_private_opsL3mulEPyPKyjS2_jj.16 will be added to the ProgramContainer
programModel::INFOR: Function _ZN14ap_private_opsL5mul_1EPyPKyjy.51 will be added to the ProgramContainer
programModel::INFOR: Function _ZN10ap_privateILi122ELb1ELb0EE5clearEv will be added to the ProgramContainer
programModel::INFOR: Function _ZNK10ap_privateILi122ELb1ELb0EE10isNegativeEv will be added to the ProgramContainer
programModel::INFOR: Function _ZN10ap_privateILi61ELb1ELb1EEaSILi122ELb1EEERS0_RKS_IXT_EXT0_EXleT_Li64EEE will be added to the ProgramContainer
programModel::INFOR: Function _ZNK10ap_privateILi122ELb1ELb0EE15get_cleared_VALEv will be added to the ProgramContainer
programModel::INFOR: Function _ZN6ap_intILi61EEC1ILi61ELb1EEERK11ap_int_baseIXT_EXT0_EE will be added to the ProgramContainer
programModel::INFOR: Function _ZN6ap_intILi61EEC2ILi61ELb1EEERK11ap_int_baseIXT_EXT0_EE will be added to the ProgramContainer
programModel::INFOR: Function _ZrmILi61ELb1EEN11ap_int_baseIXT_EXT0_EE5RTypeIL3$_032ELb1EE3modERKS1_i will be added to the ProgramContainer
programModel::INFOR: Function _ZrmILi61ELb1ELi32ELb1EEN11ap_int_baseIXT_EXT0_EE5RTypeIXT1_EXT2_EE3modERKS1_RKS0_IXT1_EXT2_EE will be added to the ProgramContainer
programModel::INFOR: Function _ZNK10ap_privateILi61ELb1ELb1EErmILi32ELb1EEENS0_5RTypeIXT_EXT0_EE3modERKS_IXT_EXT0_EXleT_Li64EEE will be added to the ProgramContainer
programModel::INFOR: Function _ZN10ap_privateILi62ELb1ELb1EEC1ILi61ELb1ELb1EEERKS_IXT_EXT0_EXT1_EE will be added to the ProgramContainer
programModel::INFOR: Function _ZN10ap_privateILi62ELb1ELb1EEC2ILi61ELb1ELb1EEERKS_IXT_EXT0_EXT1_EE will be added to the ProgramContainer
programModel::INFOR: Function _ZN10ap_privateILi62ELb1ELb1EE10set_canaryEv will be added to the ProgramContainer
programModel::INFOR: Function _ZN10ap_privateILi62ELb1ELb1EE15clearUnusedBitsEv will be added to the ProgramContainer
programModel::INFOR: Function _ZN10ap_privateILi62ELb1ELb1EE12check_canaryEv will be added to the ProgramContainer
programModel::INFOR: Function _ZN10ap_privateILi62ELb1ELb1EEC1ILi32ELb1ELb1EEERKS_IXT_EXT0_EXT1_EE will be added to the ProgramContainer
programModel::INFOR: Function _ZN10ap_privateILi62ELb1ELb1EEC2ILi32ELb1ELb1EEERKS_IXT_EXT0_EXT1_EE will be added to the ProgramContainer
programModel::INFOR: Function _ZNK10ap_privateILi62ELb1ELb1EE4sremILb1EEES0_RKS_ILi62EXT_ELb1EE will be added to the ProgramContainer
programModel::INFOR: Function _ZNK10ap_privateILi62ELb1ELb1EE10isNegativeEv will be added to the ProgramContainer
programModel::INFOR: Function _ZNK10ap_privateILi62ELb1ELb1EE4uremILb1EEES0_RKS_ILi62EXT_ELb1EE will be added to the ProgramContainer
programModel::INFOR: Function _ZN10ap_privateILi62ELb1ELb1EE7get_VALEv will be added to the ProgramContainer
programModel::INFOR: Function _ZN10ap_privateILi62ELb1ELb1EEC1Ey will be added to the ProgramContainer
programModel::INFOR: Function _ZN10ap_privateILi62ELb1ELb1EEC2Ey will be added to the ProgramContainer
programModel::INFOR: Function _ZN10ap_privateILi32ELb1ELb1EEC1ILi62ELb1ELb1EEERKS_IXT_EXT0_EXT1_EE will be added to the ProgramContainer
programModel::INFOR: Function _ZN10ap_privateILi32ELb1ELb1EEC2ILi62ELb1ELb1EEERKS_IXT_EXT0_EXT1_EE will be added to the ProgramContainer
programModel::INFOR: Function _ZNK10ap_privateILi62ELb1ELb1EE7get_VALEv will be added to the ProgramContainer
programModel::INFOR: Function _ZN10ap_privateILi32ELb1ELb1EEaSERKS0_ will be added to the ProgramContainer
programModel::INFOR: Function _ZN6ap_intILi32EEC1ILi32ELb1EEERK11ap_int_baseIXT_EXT0_EE will be added to the ProgramContainer
programModel::INFOR: Function _ZN6ap_intILi32EEC2ILi32ELb1EEERK11ap_int_baseIXT_EXT0_EE will be added to the ProgramContainer
programModel::INFOR: Function _ZNK11ap_int_baseILi32ELb1EEcvxEv will be added to the ProgramContainer
programModel::INFOR: Function _ZNK10ap_privateILi32ELb1ELb1EEcviEv will be added to the ProgramContainer
programModel::INFOR: Function _ZneILi29ELb0EEbRK11ap_int_baseIXT_EXT0_EEi will be added to the ProgramContainer
programModel::INFOR: Function _ZNK11ap_int_baseILi29ELb0EEneILi32ELb1EEEbRKS_IXT_EXT0_EE will be added to the ProgramContainer
programModel::INFOR: Function _ZNK10ap_privateILi29ELb0ELb1EEeqILi32ELb1EEEbRKS_IXT_EXT0_EXleT_Li64EEE will be added to the ProgramContainer
programModel::INFOR: Function _ZN10ap_privateILi32ELb0ELb1EEC1ILi29ELb0ELb1EEERKS_IXT_EXT0_EXT1_EE will be added to the ProgramContainer
programModel::INFOR: Function _ZN10ap_privateILi32ELb0ELb1EEC2ILi29ELb0ELb1EEERKS_IXT_EXT0_EXT1_EE will be added to the ProgramContainer
programModel::INFOR: Function _ZN10ap_privateILi32ELb0ELb1EEC1ILi32ELb1ELb1EEERKS_IXT_EXT0_EXT1_EE will be added to the ProgramContainer
programModel::INFOR: Function _ZN10ap_privateILi32ELb0ELb1EEC2ILi32ELb1ELb1EEERKS_IXT_EXT0_EXT1_EE will be added to the ProgramContainer
programModel::INFOR: Function _ZN10ap_privateILi32ELb0ELb1EE7get_VALEv will be added to the ProgramContainer
programModel::INFOR: Function _ZN7ap_uintILi64EEC1Ex will be added to the ProgramContainer
programModel::INFOR: Function _ZN7ap_uintILi64EEC2Ex will be added to the ProgramContainer
programModel::INFOR: Function _ZN11ap_int_baseILi64ELb0EEC2Ex will be added to the ProgramContainer
programModel::INFOR: Function _ZN10ap_privateILi64ELb0ELb1EEC1Ex will be added to the ProgramContainer
programModel::INFOR: Function _ZN10ap_privateILi64ELb0ELb1EEC2Ex will be added to the ProgramContainer
programModel::INFOR: Function _ZN10ap_privateILi64ELb0ELb1EE10set_canaryEv will be added to the ProgramContainer
programModel::INFOR: Function _ZN10ap_privateILi64ELb0ELb1EE15clearUnusedBitsEv will be added to the ProgramContainer
programModel::INFOR: Function _ZN10ap_privateILi64ELb0ELb1EE12check_canaryEv will be added to the ProgramContainer
programModel::INFOR: Function _ZN12ssdm_int_simILi64ELb0EEC2E10ap_privateILi64ELb0ELb1EE will be added to the ProgramContainer
programModel::INFOR: Function _ZN10ap_privateILi64ELb0ELb1EEaSEx will be added to the ProgramContainer
programModel::INFOR: Function _ZN11ap_int_baseILi64ELb0EE18checkOverflowBaseCIxEEvT_ will be added to the ProgramContainer
programModel::INFOR: Function _ZN7ap_uintILi64EEC1Ei will be added to the ProgramContainer
programModel::INFOR: Function _ZN7ap_uintILi64EEC2Ei will be added to the ProgramContainer
programModel::INFOR: Function _ZN11ap_int_baseILi64ELb0EEC2Ei will be added to the ProgramContainer
programModel::INFOR: Function _ZN10ap_privateILi64ELb0ELb1EEC1Ei will be added to the ProgramContainer
programModel::INFOR: Function _ZN10ap_privateILi64ELb0ELb1EEC2Ei will be added to the ProgramContainer
programModel::INFOR: Function _ZN10ap_privateILi64ELb0ELb1EEaSEi will be added to the ProgramContainer
programModel::INFOR: Function _ZN11ap_int_baseILi64ELb0EE18checkOverflowBaseCIiEEvT_ will be added to the ProgramContainer
programModel::INFOR: Function _ZN7ap_uintILi29EEC1Ej will be added to the ProgramContainer
programModel::INFOR: Function _ZN7ap_uintILi29EEC2Ej will be added to the ProgramContainer
programModel::INFOR: Function _ZN11ap_int_baseILi29ELb0EEC2Ej will be added to the ProgramContainer
programModel::INFOR: Function _ZN10ap_privateILi29ELb0ELb1EEC1Ej will be added to the ProgramContainer
programModel::INFOR: Function _ZN10ap_privateILi29ELb0ELb1EEC2Ej will be added to the ProgramContainer
programModel::INFOR: Function _ZN10ap_privateILi29ELb0ELb1EEaSEj will be added to the ProgramContainer
programModel::INFOR: Function _ZN11ap_int_baseILi29ELb0EE18checkOverflowBaseCIjEEvT_ will be added to the ProgramContainer
programModel::INFOR: Function _ZN16decoded_signal_tC1Ev will be added to the ProgramContainer
programModel::INFOR: Function _ZN16decoded_signal_tC2Ev will be added to the ProgramContainer
programModel::INFOR: Function _ZN7ap_uintILi11EEC1Ev will be added to the ProgramContainer
programModel::INFOR: Function _ZN7ap_uintILi11EEC2Ev will be added to the ProgramContainer
programModel::INFOR: Function _ZN11ap_int_baseILi11ELb0EEC2Ev will be added to the ProgramContainer
programModel::INFOR: Function _ZN12ssdm_int_simILi11ELb0EEC2Ev will be added to the ProgramContainer
programModel::INFOR: Function _ZN10ap_privateILi11ELb0ELb1EEC1Ev will be added to the ProgramContainer
programModel::INFOR: Function _ZN10ap_privateILi11ELb0ELb1EEC2Ev will be added to the ProgramContainer
programModel::INFOR: Function _ZN10ap_privateILi11ELb0ELb1EE10set_canaryEv will be added to the ProgramContainer
programModel::INFOR: Function _ZN10ap_privateILi11ELb0ELb1EE15clearUnusedBitsEv will be added to the ProgramContainer
programModel::INFOR: Function _ZN10ap_privateILi11ELb0ELb1EE12check_canaryEv will be added to the ProgramContainer
programModel::INFOR: Function _ZN6ap_intILi32EEC1Ev will be added to the ProgramContainer
programModel::INFOR: Function _ZN6ap_intILi32EEC2Ev will be added to the ProgramContainer
programModel::INFOR: Function _ZN11ap_int_baseILi32ELb1EEC2Ev will be added to the ProgramContainer
programModel::INFOR: Function _ZN12ssdm_int_simILi32ELb1EEC2Ev will be added to the ProgramContainer
programModel::INFOR: Function _ZN10ap_privateILi32ELb1ELb1EEC1Ev will be added to the ProgramContainer
programModel::INFOR: Function _ZN10ap_privateILi32ELb1ELb1EEC2Ev will be added to the ProgramContainer
programModel::INFOR: Function _Z18decode_can_message13can_message_tP16decoded_signal_tPiP9HashEntryP7ap_uintILi56EEPS5_ILi80EE will be added to the ProgramContainer
programModel::INFOR: Function _Z12compute_hash7ap_uintILi29EE.72 will be added to the ProgramContainer
programModel::INFOR: Function _ZlsILi11ELb0EERSoS0_RK11ap_int_baseIXT_EXT0_EE will be added to the ProgramContainer
programModel::INFOR: Function _ZNKSt8ios_base5flagsEv will be added to the ProgramContainer
programModel::INFOR: Function _ZStanSt13_Ios_FmtflagsS_ will be added to the ProgramContainer
programModel::INFOR: Function _ZNK11ap_int_baseILi11ELb0EE9to_stringB5cxx11Eab will be added to the ProgramContainer
programModel::INFOR: Function _ZNK10ap_privateILi11ELb0ELb1EE9to_stringB5cxx11Ehb will be added to the ProgramContainer
programModel::INFOR: Function _ZNK10ap_privateILi11ELb0ELb1EE8toStringB5cxx11Ehb will be added to the ProgramContainer
programModel::INFOR: Function _ZN10ap_privateILi6ELb0ELb1EEC1Eh will be added to the ProgramContainer
programModel::INFOR: Function _ZN10ap_privateILi6ELb0ELb1EEC2Eh will be added to the ProgramContainer
programModel::INFOR: Function _ZN10ap_privateILi6ELb0ELb1EE10set_canaryEv will be added to the ProgramContainer
programModel::INFOR: Function _ZN10ap_privateILi6ELb0ELb1EE15clearUnusedBitsEv will be added to the ProgramContainer
programModel::INFOR: Function _ZN10ap_privateILi6ELb0ELb1EE12check_canaryEv will be added to the ProgramContainer
programModel::INFOR: Function _ZN10ap_privateILi11ELb0ELb1EEC1Ei will be added to the ProgramContainer
programModel::INFOR: Function _ZN10ap_privateILi11ELb0ELb1EEC2Ei will be added to the ProgramContainer
programModel::INFOR: Function _ZN10ap_privateILi11ELb0ELb1EEC1Ey will be added to the ProgramContainer
programModel::INFOR: Function _ZN10ap_privateILi11ELb0ELb1EEC2Ey will be added to the ProgramContainer
programModel::INFOR: Function _ZNK10ap_privateILi11ELb0ELb1EEeqERKS0_ will be added to the ProgramContainer
programModel::INFOR: Function _ZNK10ap_privateILi11ELb0ELb1EE15get_cleared_VALEv will be added to the ProgramContainer
programModel::INFOR: Function _ZNK10ap_privateILi11ELb0ELb1EE2neILi11ELb0EEEbRKS_IXT_EXT0_EXleT_Li64EEE will be added to the ProgramContainer
programModel::INFOR: Function _ZNK10ap_privateILi11ELb0ELb1EErmILi6ELb0EEENS0_5RTypeIXT_EXT0_EE3modERKS_IXT_EXT0_EXleT_Li64EEE will be added to the ProgramContainer
programModel::INFOR: Function _ZN10ap_privateILi11ELb0ELb1EEC1ILi6ELb0ELb1EEERKS_IXT_EXT0_EXT1_EE will be added to the ProgramContainer
programModel::INFOR: Function _ZN10ap_privateILi11ELb0ELb1EEC2ILi6ELb0ELb1EEERKS_IXT_EXT0_EXT1_EE will be added to the ProgramContainer
programModel::INFOR: Function _ZNK10ap_privateILi6ELb0ELb1EE7get_VALEv will be added to the ProgramContainer
programModel::INFOR: Function _ZNK10ap_privateILi11ELb0ELb1EE4uremILb0EEES0_RKS_ILi11EXT_ELb1EE will be added to the ProgramContainer
programModel::INFOR: Function _ZN10ap_privateILi11ELb0ELb1EE7get_VALEv will be added to the ProgramContainer
programModel::INFOR: Function _ZN10ap_privateILi6ELb0ELb1EEC1ILi11ELb0ELb1EEERKS_IXT_EXT0_EXT1_EE will be added to the ProgramContainer
programModel::INFOR: Function _ZN10ap_privateILi6ELb0ELb1EEC2ILi11ELb0ELb1EEERKS_IXT_EXT0_EXT1_EE will be added to the ProgramContainer
programModel::INFOR: Function _ZNK10ap_privateILi11ELb0ELb1EE7get_VALEv will be added to the ProgramContainer
programModel::INFOR: Function _ZNK10ap_privateILi11ELb0ELb1EEdvILi6ELb0EEENS0_5RTypeIXT_EXT0_EE3divERKS_IXT_EXT0_EXleT_Li64EEE will be added to the ProgramContainer
programModel::INFOR: Function _ZNK10ap_privateILi11ELb0ELb1EE4udivERKS0_ will be added to the ProgramContainer
programModel::INFOR: Function _ZNK10ap_privateILi11ELb0ELb1EE12getZExtValueEv will be added to the ProgramContainer
programModel::INFOR: Function _ZN10ap_privateILi11ELb0ELb1EEaSERKS0_ will be added to the ProgramContainer
programModel::INFOR: Function _ZlsILi32ELb1EERSoS0_RK11ap_int_baseIXT_EXT0_EE will be added to the ProgramContainer
programModel::INFOR: Function _ZNK11ap_int_baseILi32ELb1EE9to_stringB5cxx11Eab will be added to the ProgramContainer
programModel::INFOR: Function _ZNK10ap_privateILi32ELb1ELb1EE9to_stringB5cxx11Ehb will be added to the ProgramContainer
programModel::INFOR: Function _ZNK10ap_privateILi32ELb1ELb1EE8toStringB5cxx11Ehb will be added to the ProgramContainer
programModel::INFOR: Function _ZN10ap_privateILi32ELb0ELb1EEC1Ey will be added to the ProgramContainer
programModel::INFOR: Function _ZN10ap_privateILi32ELb0ELb1EEC2Ey will be added to the ProgramContainer
programModel::INFOR: Function _ZNK10ap_privateILi32ELb0ELb1EEeqERKS0_ will be added to the ProgramContainer
programModel::INFOR: Function _ZNK10ap_privateILi32ELb0ELb1EE15get_cleared_VALEv will be added to the ProgramContainer
programModel::INFOR: Function _ZNK10ap_privateILi32ELb0ELb1EE2neILi32ELb1EEEbRKS_IXT_EXT0_EXleT_Li64EEE will be added to the ProgramContainer
programModel::INFOR: Function _ZNK10ap_privateILi32ELb0ELb1EEeqERKS_ILi32ELb1ELb1EE will be added to the ProgramContainer
programModel::INFOR: Function _ZNK10ap_privateILi32ELb0ELb1EErmILi6ELb0EEENS0_5RTypeIXT_EXT0_EE3modERKS_IXT_EXT0_EXleT_Li64EEE will be added to the ProgramContainer
programModel::INFOR: Function _ZN10ap_privateILi32ELb0ELb1EEC1ILi6ELb0ELb1EEERKS_IXT_EXT0_EXT1_EE will be added to the ProgramContainer
programModel::INFOR: Function _ZN10ap_privateILi32ELb0ELb1EEC2ILi6ELb0ELb1EEERKS_IXT_EXT0_EXT1_EE will be added to the ProgramContainer
programModel::INFOR: Function _ZNK10ap_privateILi32ELb0ELb1EE4uremILb0EEES0_RKS_ILi32EXT_ELb1EE will be added to the ProgramContainer
programModel::INFOR: Function _ZN10ap_privateILi6ELb0ELb1EEC1ILi32ELb0ELb1EEERKS_IXT_EXT0_EXT1_EE will be added to the ProgramContainer
programModel::INFOR: Function _ZN10ap_privateILi6ELb0ELb1EEC2ILi32ELb0ELb1EEERKS_IXT_EXT0_EXT1_EE will be added to the ProgramContainer
programModel::INFOR: Function _ZNK10ap_privateILi32ELb0ELb1EEdvILi6ELb0EEENS0_5RTypeIXT_EXT0_EE3divERKS_IXT_EXT0_EXleT_Li64EEE will be added to the ProgramContainer
programModel::INFOR: Function _ZNK10ap_privateILi32ELb0ELb1EE4udivERKS0_ will be added to the ProgramContainer
programModel::INFOR: Function _ZNK10ap_privateILi32ELb0ELb1EE12getZExtValueEv will be added to the ProgramContainer
programModel::INFOR: Function _ZN10ap_privateILi32ELb0ELb1EE4flipEv will be added to the ProgramContainer
programModel::INFOR: Function _ZN10ap_privateILi32ELb0ELb1EE15get_cleared_VALEv will be added to the ProgramContainer
programModel::INFOR: Function _ZN10ap_privateILi32ELb0ELb1EEppEi will be added to the ProgramContainer
programModel::INFOR: Function _ZL6printfPKcz will be added to the ProgramContainer
programModel::INFOR: Function __dtor__ZStL8__ioinit will be added to the ProgramContainer
programModel::INFOR: Function __dtor__ZStL8__ioinit.13 will be added to the ProgramContainer
programModel::INFOR: Function __dtor__ZStL8__ioinit.68 will be added to the ProgramContainer
