INFO-FLOW: Workspace C:/Users/flaud/Documents/GitHub/LiveTelemetry/FPGA/CAN_Decoder_Hardware/CAN_decoder/CAN_decoder/hls opened at Wed Dec 11 16:52:10 -0500 2024
Execute     send_msg_by_id INFO @200-1505@%s%s default  vivado 
INFO: [HLS 200-1505] Using default flow_target 'vivado'
Execute   apply_ini C:/Users/flaud/Documents/GitHub/LiveTelemetry/FPGA/CAN_Decoder_Hardware/CAN_decoder/hls_config.cfg 
Execute     send_msg_by_id INFO @200-1465@%s 'syn.file=C:/Users/flaud/Documents/GitHub/LiveTelemetry/FPGA/CAN_Decoder_Hardware/CAN_decoder/can_message_decoder.cpp' from C:/Users/flaud/Documents/GitHub/LiveTelemetry/FPGA/CAN_Decoder_Hardware/CAN_decoder/hls_config.cfg(13) 
INFO: [HLS 200-1465] Applying ini 'syn.file=C:/Users/flaud/Documents/GitHub/LiveTelemetry/FPGA/CAN_Decoder_Hardware/CAN_decoder/can_message_decoder.cpp' from C:/Users/flaud/Documents/GitHub/LiveTelemetry/FPGA/CAN_Decoder_Hardware/CAN_decoder/hls_config.cfg(13)
Execute     add_files C:/Users/flaud/Documents/GitHub/LiveTelemetry/FPGA/CAN_Decoder_Hardware/CAN_decoder/can_message_decoder.cpp 
INFO: [HLS 200-10] Adding design file 'C:/Users/flaud/Documents/GitHub/LiveTelemetry/FPGA/CAN_Decoder_Hardware/CAN_decoder/can_message_decoder.cpp' to the project
Execute     send_msg_by_id INFO @200-1465@%s 'tb.file=C:/Users/flaud/Documents/GitHub/LiveTelemetry/FPGA/CAN_Decoder_Hardware/CAN_decoder/testbench.cpp' from C:/Users/flaud/Documents/GitHub/LiveTelemetry/FPGA/CAN_Decoder_Hardware/CAN_decoder/hls_config.cfg(12) 
INFO: [HLS 200-1465] Applying ini 'tb.file=C:/Users/flaud/Documents/GitHub/LiveTelemetry/FPGA/CAN_Decoder_Hardware/CAN_decoder/testbench.cpp' from C:/Users/flaud/Documents/GitHub/LiveTelemetry/FPGA/CAN_Decoder_Hardware/CAN_decoder/hls_config.cfg(12)
Execute     add_files -tb C:/Users/flaud/Documents/GitHub/LiveTelemetry/FPGA/CAN_Decoder_Hardware/CAN_decoder/testbench.cpp 
INFO: [HLS 200-10] Adding test bench file 'C:/Users/flaud/Documents/GitHub/LiveTelemetry/FPGA/CAN_Decoder_Hardware/CAN_decoder/testbench.cpp' to the project
Execute     send_msg_by_id INFO @200-1465@%s 'tb.file=can_message_decoder.cpp' from C:/Users/flaud/Documents/GitHub/LiveTelemetry/FPGA/CAN_Decoder_Hardware/CAN_decoder/hls_config.cfg(11) 
INFO: [HLS 200-1465] Applying ini 'tb.file=can_message_decoder.cpp' from C:/Users/flaud/Documents/GitHub/LiveTelemetry/FPGA/CAN_Decoder_Hardware/CAN_decoder/hls_config.cfg(11)
Execute     add_files -tb C:/Users/flaud/Documents/GitHub/LiveTelemetry/FPGA/CAN_Decoder_Hardware/CAN_decoder/can_message_decoder.cpp 
INFO: [HLS 200-10] Adding test bench file 'C:/Users/flaud/Documents/GitHub/LiveTelemetry/FPGA/CAN_Decoder_Hardware/CAN_decoder/can_message_decoder.cpp' to the project
Execute     send_msg_by_id INFO @200-1465@%s 'syn.top=decode_can_message' from C:/Users/flaud/Documents/GitHub/LiveTelemetry/FPGA/CAN_Decoder_Hardware/CAN_decoder/hls_config.cfg(9) 
INFO: [HLS 200-1465] Applying ini 'syn.top=decode_can_message' from C:/Users/flaud/Documents/GitHub/LiveTelemetry/FPGA/CAN_Decoder_Hardware/CAN_decoder/hls_config.cfg(9)
Execute     set_top decode_can_message 
Execute     send_msg_by_id INFO @200-1465@%s 'flow_target=vivado' from C:/Users/flaud/Documents/GitHub/LiveTelemetry/FPGA/CAN_Decoder_Hardware/CAN_decoder/hls_config.cfg(4) 
INFO: [HLS 200-1465] Applying ini 'flow_target=vivado' from C:/Users/flaud/Documents/GitHub/LiveTelemetry/FPGA/CAN_Decoder_Hardware/CAN_decoder/hls_config.cfg(4)
Execute     send_msg_by_id INFO @200-1505@%s%s  vivado 
INFO: [HLS 200-1505] Using flow_target 'vivado'
Execute     send_msg_by_id INFO @200-1465@%s 'part=xc7z020clg400-1' from C:/Users/flaud/Documents/GitHub/LiveTelemetry/FPGA/CAN_Decoder_Hardware/CAN_decoder/hls_config.cfg(1) 
INFO: [HLS 200-1465] Applying ini 'part=xc7z020clg400-1' from C:/Users/flaud/Documents/GitHub/LiveTelemetry/FPGA/CAN_Decoder_Hardware/CAN_decoder/hls_config.cfg(1)
Execute     set_part xc7z020clg400-1 
Execute       create_platform xc7z020clg400-1 -board  
DBG:HLSDevice: Trying to load device library: C:/Xilinx/2024.1\Vitis_HLS\2024.1\lib\win64.o\xv_hlsvwrap.dll
DBG:HLSDevice: first parts/arch.xml in RDI_DATADIR: C:/Xilinx/2024.1/Vivado/2024.1/data/parts/arch.xml
DBG:HLSDevice: init success
INFO: [HLS 200-1611] Setting target device to 'xc7z020-clg400-1'
Command       create_platform done; 2.091 sec.
Execute       source C:/Xilinx/2024.1/Vitis_HLS/2024.1/common/technology/xilinx/common/xilinx.gen 
Execute         source C:/Xilinx/2024.1/Vitis_HLS/2024.1/common/technology/xilinx/interface/plb46.gen 
Execute         source C:/Xilinx/2024.1/Vitis_HLS/2024.1/common/technology/xilinx/interface/axi4.gen 
Execute         source C:/Xilinx/2024.1/Vitis_HLS/2024.1/common/technology/xilinx/interface/nativeAXI4.gen 
Execute           source C:/Xilinx/2024.1/Vitis_HLS/2024.1/common/technology/xilinx/interface/saxilite.gen 
Execute         source C:/Xilinx/2024.1/Vitis_HLS/2024.1/common/technology/xilinx/scripts/xilinxcoregen.gen 
Execute         source C:/Xilinx/2024.1/Vitis_HLS/2024.1/common/technology/xilinx/interface/XilEDKCoreGen.gen 
Execute         source C:/Xilinx/2024.1/Vitis_HLS/2024.1/common/technology/xilinx/ip/dds_compiler.gen 
Execute         source C:/Xilinx/2024.1/Vitis_HLS/2024.1/common/technology/xilinx/ip/util.gen 
Execute         source C:/Xilinx/2024.1/Vitis_HLS/2024.1/common/technology/xilinx/ip/xfft.gen 
Execute         source C:/Xilinx/2024.1/Vitis_HLS/2024.1/common/technology/xilinx/ip/xfir.gen 
Execute         source C:/Xilinx/2024.1/Vitis_HLS/2024.1/common/technology/xilinx/DSP48/dsp48.gen 
Execute       ap_part_info -name xc7z020-clg400-1 -data info 
Execute       config_compile -quiet -complex-mul-dsp=0 
Command     set_part done; 2.214 sec.
Execute     send_msg_by_id INFO @200-1465@%s 'clock=10ns' from C:/Users/flaud/Documents/GitHub/LiveTelemetry/FPGA/CAN_Decoder_Hardware/CAN_decoder/hls_config.cfg(7) 
INFO: [HLS 200-1465] Applying ini 'clock=10ns' from C:/Users/flaud/Documents/GitHub/LiveTelemetry/FPGA/CAN_Decoder_Hardware/CAN_decoder/hls_config.cfg(7)
Execute     create_clock -period 10ns 
Execute       ap_set_clock -name default -period 10 -unit ns -default=false 
INFO: [SYN 201-201] Setting up clock 'default' with a period of 10ns.
Execute     send_msg_by_id INFO @200-1465@%s 'clock_uncertainty=0.5ns' from C:/Users/flaud/Documents/GitHub/LiveTelemetry/FPGA/CAN_Decoder_Hardware/CAN_decoder/hls_config.cfg(8) 
INFO: [HLS 200-1465] Applying ini 'clock_uncertainty=0.5ns' from C:/Users/flaud/Documents/GitHub/LiveTelemetry/FPGA/CAN_Decoder_Hardware/CAN_decoder/hls_config.cfg(8)
Execute     set_clock_uncertainty 0.5ns 
Execute       ap_set_clock -name default -uncertainty 0.5 -unit ns 
INFO: [SYN 201-201] Setting up clock 'default' with an uncertainty of 0.5ns.
Execute     send_msg_by_id INFO @200-1465@%s 'package.output.format=ip_catalog' from C:/Users/flaud/Documents/GitHub/LiveTelemetry/FPGA/CAN_Decoder_Hardware/CAN_decoder/hls_config.cfg(5) 
INFO: [HLS 200-1465] Applying ini 'package.output.format=ip_catalog' from C:/Users/flaud/Documents/GitHub/LiveTelemetry/FPGA/CAN_Decoder_Hardware/CAN_decoder/hls_config.cfg(5)
Execute     config_export -format=ip_catalog 
Command   apply_ini done; 2.253 sec.
Execute   apply_ini C:/Users/flaud/Documents/GitHub/LiveTelemetry/FPGA/CAN_Decoder_Hardware/CAN_decoder/CAN_decoder/hls/config.cmdline 
Execute   csynth_design 
Execute     AP::app_get_file_relativeroot [AP::app_get_root] {}
Execute     AP::app_get_file_relativeroot [AP::app_get_root] {}
Execute     AP::app_get_file_relativeroot [AP::app_get_root] {}
INFO-FLOW: Running SLX 'csynth' proc: ::SLX::run_csynth
Execute     elaborate -effort=medium -skip_syncheck=0 -keep_printf=0 -skip_cdt=0 -skip_transform=0 -ng=0 -g=0 -opt_fp=0 -from_csynth_design=1 
INFO: [HLS 200-111] Finished File checks and directory preparation: CPU user time: 2 seconds. CPU system time: 1 seconds. Elapsed time: 3.43 seconds; current allocated memory: 250.391 MB.
Execute       set_directive_top decode_can_message -name=decode_can_message 
Execute       source C:/Xilinx/2024.1/Vitis_HLS/2024.1/tps/tcl/tcllib1.11.1/yaml/huddle.tcl 
Execute       source C:/Xilinx/2024.1/Vitis_HLS/2024.1/tps/tcl/tcllib1.11.1/yaml/json2huddle.tcl 
INFO: [HLS 200-10] Analyzing design file 'can_message_decoder.cpp' ... 
INFO-FLOW: Compiling one TU...
INFO-FLOW: Handling can_message_decoder.cpp as C++
Execute       ap_part_info -name xc7z020-clg400-1 -data info 
INFO-FLOW: Running: GCC PP 39
INFO-FLOW: Source preprocessing
INFO-FLOW: run_clang exec: C:/Xilinx/2024.1/Vitis_HLS/2024.1/win64/tools/clang-3.9-csynth/bin/clang can_message_decoder.cpp -foptimization-record-file=C:/Users/flaud/Documents/GitHub/LiveTelemetry/FPGA/CAN_Decoder_Hardware/CAN_decoder/CAN_decoder/hls/.autopilot/db/can_message_decoder.cpp.clang.diag.yml -mllvm -pass-remarks-missed=reflow|pasta|unroll -mllvm -pass-remarks=reflow|pasta|unroll|inline -fno-limit-debug-info --sysroot C:/Xilinx/2024.1/Vitis_HLS/2024.1/tps/mingw/8.3.0/win64.o/nt -fhls -fno-exceptions -insert-hls-directive=C:/Users/flaud/Documents/GitHub/LiveTelemetry/FPGA/CAN_Decoder_Hardware/CAN_decoder/CAN_decoder/hls/.autopilot/db/all.directive.json -E -fno-math-errno -c -emit-llvm -mllvm -disable-llvm-optzns -Werror=implicit-function-declaration -Werror=implicit-hls-streams -Werror=return-type -Wpragmas -Wunused-parameter -Wdump-hls-pragmas -Wno-error=dump-hls-pragmas -hls-clock-period=10 -fno-threadsafe-statics -fno-use-cxa-atexit -std=gnu++14 -target fpga64-xilinx-mingw32 -fno-threadsafe-statics -fno-use-cxa-atexit -D__VITIS_HLS__ -DAESL_SYN -D__SYNTHESIS__ -D__HLS_SYN__ -I C:/Xilinx/2024.1/Vitis_HLS/2024.1/common/technology/autopilot -I C:/Xilinx/2024.1/Vitis_HLS/2024.1/common/technology/autopilot/ap_sysc -include etc/autopilot_ssdm_op.h -D__DSP48E1__ -I /usr/include/x86_64-linux-gnu -o C:/Users/flaud/Documents/GitHub/LiveTelemetry/FPGA/CAN_Decoder_Hardware/CAN_decoder/CAN_decoder/hls/.autopilot/db/can_message_decoder.pp.0.cpp {-hls-platform-db-name=C:/Xilinx/2024.1\Vitis_HLS\2024.1\common/technology\xilinx/common/platform.db} -hls-platform-name=zynq_slow -device-resource-info=BRAM_280.000000_DSP_220.000000_FF_106400.000000_LUT_53200.000000_SLICE_13300.000000_URAM_0.000000 -device-name-info=xc7z020clg400-1 > C:/Users/flaud/Documents/GitHub/LiveTelemetry/FPGA/CAN_Decoder_Hardware/CAN_decoder/CAN_decoder/hls/.autopilot/db/can_message_decoder.cpp.clang.out.log 2> C:/Users/flaud/Documents/GitHub/LiveTelemetry/FPGA/CAN_Decoder_Hardware/CAN_decoder/CAN_decoder/hls/.autopilot/db/can_message_decoder.cpp.clang.err.log
INFO-FLOW: Done: GCC PP 39 time: 0.4 seconds per iteration
INFO-FLOW: Source syntax check for synthesis
INFO-FLOW: run_clang exec: C:/Xilinx/2024.1/Vitis_HLS/2024.1/win64/tools/clang-3.9-csynth/bin/clang -foptimization-record-file=C:/Users/flaud/Documents/GitHub/LiveTelemetry/FPGA/CAN_Decoder_Hardware/CAN_decoder/CAN_decoder/hls/.autopilot/db/clang.diag.yml -mllvm -pass-remarks-missed=reflow|pasta|unroll -mllvm -pass-remarks=reflow|pasta|unroll|inline -fsyntax-only -fhls -target fpga64-xilinx-linux-gnu C:/Users/flaud/Documents/GitHub/LiveTelemetry/FPGA/CAN_Decoder_Hardware/CAN_decoder/CAN_decoder/hls/.autopilot/db/can_message_decoder.pp.0.cpp {-hls-platform-db-name=C:/Xilinx/2024.1\Vitis_HLS\2024.1\common/technology\xilinx/common/platform.db} -hls-platform-name=zynq_slow -device-resource-info=BRAM_280.000000_DSP_220.000000_FF_106400.000000_LUT_53200.000000_SLICE_13300.000000_URAM_0.000000 -device-name-info=xc7z020clg400-1 > C:/Users/flaud/Documents/GitHub/LiveTelemetry/FPGA/CAN_Decoder_Hardware/CAN_decoder/CAN_decoder/hls/.autopilot/db/clang.out.log 2> C:/Users/flaud/Documents/GitHub/LiveTelemetry/FPGA/CAN_Decoder_Hardware/CAN_decoder/CAN_decoder/hls/.autopilot/db/clang.err.log
Execute       clang_tidy xilinx-systemc-detector -desc systemc-detector C:/Users/flaud/Documents/GitHub/LiveTelemetry/FPGA/CAN_Decoder_Hardware/CAN_decoder/CAN_decoder/hls/.autopilot/db/can_message_decoder.pp.0.cpp std=gnu++14 -target fpga  -directive=C:/Users/flaud/Documents/GitHub/LiveTelemetry/FPGA/CAN_Decoder_Hardware/CAN_decoder/CAN_decoder/hls/.autopilot/db/.systemc_flag 
INFO-FLOW: exec C:/Xilinx/2024.1/Vitis_HLS/2024.1/win64/tools/clang-3.9-csynth/bin/clang-tidy -header-filter=.* --checks=-*,xilinx-systemc-detector -import-directive=C:/Users/flaud/Documents/GitHub/LiveTelemetry/FPGA/CAN_Decoder_Hardware/CAN_decoder/CAN_decoder/hls/.autopilot/db/.systemc_flag -fix-errors C:/Users/flaud/Documents/GitHub/LiveTelemetry/FPGA/CAN_Decoder_Hardware/CAN_decoder/CAN_decoder/hls/.autopilot/db/can_message_decoder.pp.0.cpp -- -std=gnu++14 -target fpga -fhls -ferror-limit=0
Command       clang_tidy done; 0.438 sec.
INFO-FLOW: Running: clang-tidy CDT preprocess 39
Execute       clang_tidy xilinx-directive2pragma -desc directive2pragma C:/Users/flaud/Documents/GitHub/LiveTelemetry/FPGA/CAN_Decoder_Hardware/CAN_decoder/CAN_decoder/hls/.autopilot/db/can_message_decoder.pp.0.cpp std=gnu++14 -target fpga  -directive=C:/Users/flaud/Documents/GitHub/LiveTelemetry/FPGA/CAN_Decoder_Hardware/CAN_decoder/CAN_decoder/hls/.autopilot/db/all.directive.json 
INFO-FLOW: exec C:/Xilinx/2024.1/Vitis_HLS/2024.1/win64/tools/clang-3.9-csynth/bin/clang-tidy -header-filter=.* --checks=-*,xilinx-directive2pragma -import-directive=C:/Users/flaud/Documents/GitHub/LiveTelemetry/FPGA/CAN_Decoder_Hardware/CAN_decoder/CAN_decoder/hls/.autopilot/db/all.directive.json -fix-errors C:/Users/flaud/Documents/GitHub/LiveTelemetry/FPGA/CAN_Decoder_Hardware/CAN_decoder/CAN_decoder/hls/.autopilot/db/can_message_decoder.pp.0.cpp -- -std=gnu++14 -target fpga -fhls -ferror-limit=0
Command       clang_tidy done; 0.727 sec.
INFO-FLOW: Done: clang-tidy CDT preprocess 39 time: 0.7 seconds per iteration
INFO-FLOW: Calling xilinx-label-all-loops ... 
INFO-FLOW: Calling xilinx-aggregate-on-hls-vector ... 
Execute       clang_tidy -errorcheck -desc loop-label xilinx-label-all-loops,xilinx-aggregate-on-hls-vector,,xilinx-warn-mayneed-no-ctor-attribute C:/Users/flaud/Documents/GitHub/LiveTelemetry/FPGA/CAN_Decoder_Hardware/CAN_decoder/CAN_decoder/hls/.autopilot/db/can_message_decoder.pp.0.cpp std=gnu++14 -target fpga  
INFO-FLOW: run_clang exec: C:/Xilinx/2024.1/Vitis_HLS/2024.1/win64/tools/clang-3.9-csynth/bin/clang-tidy -export-fixes=C:/Users/flaud/Documents/GitHub/LiveTelemetry/FPGA/CAN_Decoder_Hardware/CAN_decoder/CAN_decoder/hls/.autopilot/db/can_message_decoder.pp.0.cpp.clang-tidy.loop-label.diag.yml -header-filter=.* --checks=-*,xilinx-label-all-loops,xilinx-aggregate-on-hls-vector,,xilinx-warn-mayneed-no-ctor-attribute -fix-errors C:/Users/flaud/Documents/GitHub/LiveTelemetry/FPGA/CAN_Decoder_Hardware/CAN_decoder/CAN_decoder/hls/.autopilot/db/can_message_decoder.pp.0.cpp -- -std=gnu++14 -target fpga -fhls -ferror-limit=0 > C:/Users/flaud/Documents/GitHub/LiveTelemetry/FPGA/CAN_Decoder_Hardware/CAN_decoder/CAN_decoder/hls/.autopilot/db/can_message_decoder.pp.0.cpp.clang-tidy.loop-label.out.log 2> C:/Users/flaud/Documents/GitHub/LiveTelemetry/FPGA/CAN_Decoder_Hardware/CAN_decoder/CAN_decoder/hls/.autopilot/db/can_message_decoder.pp.0.cpp.clang-tidy.loop-label.err.log
Execute         source C:/Xilinx/2024.1/Vitis_HLS/2024.1/tps/tcl/tcllib1.11.1/yaml/yaml.tcl 
Command       clang_tidy done; 0.914 sec.
INFO-FLOW: run_clang exec: C:/Xilinx/2024.1/Vitis_HLS/2024.1/win64/tools/clang-3.9-csynth/bin/xilinx-dataflow-lawyer -export-fixes=C:/Users/flaud/Documents/GitHub/LiveTelemetry/FPGA/CAN_Decoder_Hardware/CAN_decoder/CAN_decoder/hls/.autopilot/db/can_message_decoder.pp.0.cpp.xilinx-dataflow-lawyer.diag.yml C:/Users/flaud/Documents/GitHub/LiveTelemetry/FPGA/CAN_Decoder_Hardware/CAN_decoder/CAN_decoder/hls/.autopilot/db/can_message_decoder.pp.0.cpp -- -std=gnu++14 -target fpga -fhls -ferror-limit=0 -fstrict-dataflow > C:/Users/flaud/Documents/GitHub/LiveTelemetry/FPGA/CAN_Decoder_Hardware/CAN_decoder/CAN_decoder/hls/.autopilot/db/can_message_decoder.pp.0.cpp.xilinx-dataflow-lawyer.out.log 2> C:/Users/flaud/Documents/GitHub/LiveTelemetry/FPGA/CAN_Decoder_Hardware/CAN_decoder/CAN_decoder/hls/.autopilot/db/can_message_decoder.pp.0.cpp.xilinx-dataflow-lawyer.err.log
Execute       ap_part_info -name xc7z020-clg400-1 -data info 
INFO-FLOW: compiling source code to llvm bc
INFO-FLOW: run_clang exec: C:/Xilinx/2024.1/Vitis_HLS/2024.1/win64/tools/clang-3.9-csynth/bin/clang -foptimization-record-file=C:/Users/flaud/Documents/GitHub/LiveTelemetry/FPGA/CAN_Decoder_Hardware/CAN_decoder/CAN_decoder/hls/.autopilot/db/can_message_decoder.pp.0.cpp.clang.diag.yml -mllvm -pass-remarks-missed=reflow|pasta|unroll -mllvm -pass-remarks=reflow|pasta|unroll|inline -fno-limit-debug-info -fhls -flto -fno-exceptions -Wno-error=c++11-narrowing -hls-emit-hint-scope C:/Users/flaud/Documents/GitHub/LiveTelemetry/FPGA/CAN_Decoder_Hardware/CAN_decoder/CAN_decoder/hls/.autopilot/db/can_message_decoder.pp.0.cpp -fno-math-errno -c -emit-llvm -mllvm -disable-llvm-optzns -Werror=implicit-function-declaration -Werror=implicit-hls-streams -Werror=return-type -Wpragmas -Wunused-parameter -Wdump-hls-pragmas -Wno-error=dump-hls-pragmas -hls-clock-period=10 -fno-threadsafe-statics -fno-use-cxa-atexit -std=gnu++14 -target fpga64-xilinx-linux-gnu -D__VITIS_HLS__ -DAESL_SYN -D__SYNTHESIS__ -D__HLS_SYN__ -I C:/Xilinx/2024.1/Vitis_HLS/2024.1/common/technology/autopilot -I C:/Xilinx/2024.1/Vitis_HLS/2024.1/common/technology/autopilot/ap_sysc -include etc/autopilot_ssdm_op.h -D__DSP48E1__ -g -o C:/Users/flaud/Documents/GitHub/LiveTelemetry/FPGA/CAN_Decoder_Hardware/CAN_decoder/CAN_decoder/hls/.autopilot/db/can_message_decoder.bc {-hls-platform-db-name=C:/Xilinx/2024.1\Vitis_HLS\2024.1\common/technology\xilinx/common/platform.db} -hls-platform-name=zynq_slow -device-resource-info=BRAM_280.000000_DSP_220.000000_FF_106400.000000_LUT_53200.000000_SLICE_13300.000000_URAM_0.000000 -device-name-info=xc7z020clg400-1 > C:/Users/flaud/Documents/GitHub/LiveTelemetry/FPGA/CAN_Decoder_Hardware/CAN_decoder/CAN_decoder/hls/.autopilot/db/can_message_decoder.pp.0.cpp.clang.out.log 2> C:/Users/flaud/Documents/GitHub/LiveTelemetry/FPGA/CAN_Decoder_Hardware/CAN_decoder/CAN_decoder/hls/.autopilot/db/can_message_decoder.pp.0.cpp.clang.err.log
INFO: [HLS 200-111] Finished Source Code Analysis and Preprocessing: CPU user time: 1 seconds. CPU system time: 0 seconds. Elapsed time: 4.41 seconds; current allocated memory: 253.289 MB.
INFO-FLOW: Linking Debug ...
INFO-FLOW: Linking dut bc code.
Execute       run_link_or_opt -out C:/Users/flaud/Documents/GitHub/LiveTelemetry/FPGA/CAN_Decoder_Hardware/CAN_decoder/CAN_decoder/hls/.autopilot/db/a.g.ld.0.bc -args  "C:/Users/flaud/Documents/GitHub/LiveTelemetry/FPGA/CAN_Decoder_Hardware/CAN_decoder/CAN_decoder/hls/.autopilot/db/can_message_decoder.g.bc"  
INFO-FLOW: run_clang exec: C:/Xilinx/2024.1/Vitis_HLS/2024.1/win64/tools/clang-3.9-csynth/bin/llvm-link C:/Users/flaud/Documents/GitHub/LiveTelemetry/FPGA/CAN_Decoder_Hardware/CAN_decoder/CAN_decoder/hls/.autopilot/db/can_message_decoder.g.bc -o C:/Users/flaud/Documents/GitHub/LiveTelemetry/FPGA/CAN_Decoder_Hardware/CAN_decoder/CAN_decoder/hls/.autopilot/db/a.g.ld.0.bc > C:/Users/flaud/Documents/GitHub/LiveTelemetry/FPGA/CAN_Decoder_Hardware/CAN_decoder/CAN_decoder/hls/.autopilot/db/a.g.ld.0.bc.llvm-link.out.log 2> C:/Users/flaud/Documents/GitHub/LiveTelemetry/FPGA/CAN_Decoder_Hardware/CAN_decoder/CAN_decoder/hls/.autopilot/db/a.g.ld.0.bc.llvm-link.err.log
INFO-FLOW: 
Execute       run_link_or_opt -opt -out C:/Users/flaud/Documents/GitHub/LiveTelemetry/FPGA/CAN_Decoder_Hardware/CAN_decoder/CAN_decoder/hls/.autopilot/db/a.g.ld.1.lower.bc -args C:/Users/flaud/Documents/GitHub/LiveTelemetry/FPGA/CAN_Decoder_Hardware/CAN_decoder/CAN_decoder/hls/.autopilot/db/a.g.ld.0.bc -reflow-lower-math-intrinsics 
INFO-FLOW: run_clang exec: C:/Xilinx/2024.1/Vitis_HLS/2024.1/win64/tools/clang-3.9-csynth/bin/opt -pass-remarks-missed=reflow|pasta|unroll -pass-remarks=reflow|pasta|unroll|inline -pass-remarks-output=C:/Users/flaud/Documents/GitHub/LiveTelemetry/FPGA/CAN_Decoder_Hardware/CAN_decoder/CAN_decoder/hls/.autopilot/db/a.g.ld.1.lower.bc.opt.diag.yml C:/Users/flaud/Documents/GitHub/LiveTelemetry/FPGA/CAN_Decoder_Hardware/CAN_decoder/CAN_decoder/hls/.autopilot/db/a.g.ld.0.bc -reflow-lower-math-intrinsics -o C:/Users/flaud/Documents/GitHub/LiveTelemetry/FPGA/CAN_Decoder_Hardware/CAN_decoder/CAN_decoder/hls/.autopilot/db/a.g.ld.1.lower.bc > C:/Users/flaud/Documents/GitHub/LiveTelemetry/FPGA/CAN_Decoder_Hardware/CAN_decoder/CAN_decoder/hls/.autopilot/db/a.g.ld.1.lower.bc.opt.out.log 2> C:/Users/flaud/Documents/GitHub/LiveTelemetry/FPGA/CAN_Decoder_Hardware/CAN_decoder/CAN_decoder/hls/.autopilot/db/a.g.ld.1.lower.bc.opt.err.log
INFO-FLOW: 
INFO-FLOW: Running: gen_design_size_report post-opt
INFO-FLOW: Done: gen_design_size_report post-opt time: 0 seconds per iteration
INFO-FLOW: Linking math bc lib
Execute       run_link_or_opt -out C:/Users/flaud/Documents/GitHub/LiveTelemetry/FPGA/CAN_Decoder_Hardware/CAN_decoder/CAN_decoder/hls/.autopilot/db/a.g.ld.2.m1.bc -args C:/Users/flaud/Documents/GitHub/LiveTelemetry/FPGA/CAN_Decoder_Hardware/CAN_decoder/CAN_decoder/hls/.autopilot/db/a.g.ld.1.lower.bc -only-needed C:/Xilinx/2024.1/Vitis_HLS/2024.1/win64/lib/libhlsm_39.bc C:/Xilinx/2024.1/Vitis_HLS/2024.1/win64/lib/libhlsmc++_39.bc 
INFO-FLOW: run_clang exec: C:/Xilinx/2024.1/Vitis_HLS/2024.1/win64/tools/clang-3.9-csynth/bin/llvm-link C:/Users/flaud/Documents/GitHub/LiveTelemetry/FPGA/CAN_Decoder_Hardware/CAN_decoder/CAN_decoder/hls/.autopilot/db/a.g.ld.1.lower.bc -only-needed C:/Xilinx/2024.1/Vitis_HLS/2024.1/win64/lib/libhlsm_39.bc C:/Xilinx/2024.1/Vitis_HLS/2024.1/win64/lib/libhlsmc++_39.bc -o C:/Users/flaud/Documents/GitHub/LiveTelemetry/FPGA/CAN_Decoder_Hardware/CAN_decoder/CAN_decoder/hls/.autopilot/db/a.g.ld.2.m1.bc > C:/Users/flaud/Documents/GitHub/LiveTelemetry/FPGA/CAN_Decoder_Hardware/CAN_decoder/CAN_decoder/hls/.autopilot/db/a.g.ld.2.m1.bc.llvm-link.out.log 2> C:/Users/flaud/Documents/GitHub/LiveTelemetry/FPGA/CAN_Decoder_Hardware/CAN_decoder/CAN_decoder/hls/.autopilot/db/a.g.ld.2.m1.bc.llvm-link.err.log
INFO-FLOW: 
Command       run_link_or_opt done; 1.983 sec.
Execute       run_link_or_opt -opt -out C:/Users/flaud/Documents/GitHub/LiveTelemetry/FPGA/CAN_Decoder_Hardware/CAN_decoder/CAN_decoder/hls/.autopilot/db/a.g.ld.3.fpc.bc -args C:/Users/flaud/Documents/GitHub/LiveTelemetry/FPGA/CAN_Decoder_Hardware/CAN_decoder/CAN_decoder/hls/.autopilot/db/a.g.ld.2.m1.bc -reflow-globaldce -hls-top-function-name=decode_can_message -reflow-float-conversion 
INFO-FLOW: run_clang exec: C:/Xilinx/2024.1/Vitis_HLS/2024.1/win64/tools/clang-3.9-csynth/bin/opt -pass-remarks-missed=reflow|pasta|unroll -pass-remarks=reflow|pasta|unroll|inline -pass-remarks-output=C:/Users/flaud/Documents/GitHub/LiveTelemetry/FPGA/CAN_Decoder_Hardware/CAN_decoder/CAN_decoder/hls/.autopilot/db/a.g.ld.3.fpc.bc.opt.diag.yml C:/Users/flaud/Documents/GitHub/LiveTelemetry/FPGA/CAN_Decoder_Hardware/CAN_decoder/CAN_decoder/hls/.autopilot/db/a.g.ld.2.m1.bc -reflow-globaldce -hls-top-function-name=decode_can_message -reflow-float-conversion -o C:/Users/flaud/Documents/GitHub/LiveTelemetry/FPGA/CAN_Decoder_Hardware/CAN_decoder/CAN_decoder/hls/.autopilot/db/a.g.ld.3.fpc.bc > C:/Users/flaud/Documents/GitHub/LiveTelemetry/FPGA/CAN_Decoder_Hardware/CAN_decoder/CAN_decoder/hls/.autopilot/db/a.g.ld.3.fpc.bc.opt.out.log 2> C:/Users/flaud/Documents/GitHub/LiveTelemetry/FPGA/CAN_Decoder_Hardware/CAN_decoder/CAN_decoder/hls/.autopilot/db/a.g.ld.3.fpc.bc.opt.err.log
INFO-FLOW: 
INFO-FLOW: Running: gen_design_size_report post-opt
INFO-FLOW: Done: gen_design_size_report post-opt time: 0 seconds per iteration
Command       run_link_or_opt done; 1.006 sec.
Execute       run_link_or_opt -out C:/Users/flaud/Documents/GitHub/LiveTelemetry/FPGA/CAN_Decoder_Hardware/CAN_decoder/CAN_decoder/hls/.autopilot/db/a.g.ld.4.m2.bc -args C:/Users/flaud/Documents/GitHub/LiveTelemetry/FPGA/CAN_Decoder_Hardware/CAN_decoder/CAN_decoder/hls/.autopilot/db/a.g.ld.3.fpc.bc -only-needed C:/Xilinx/2024.1/Vitis_HLS/2024.1/win64/lib/libfloatconversion_39.bc 
INFO-FLOW: run_clang exec: C:/Xilinx/2024.1/Vitis_HLS/2024.1/win64/tools/clang-3.9-csynth/bin/llvm-link C:/Users/flaud/Documents/GitHub/LiveTelemetry/FPGA/CAN_Decoder_Hardware/CAN_decoder/CAN_decoder/hls/.autopilot/db/a.g.ld.3.fpc.bc -only-needed C:/Xilinx/2024.1/Vitis_HLS/2024.1/win64/lib/libfloatconversion_39.bc -o C:/Users/flaud/Documents/GitHub/LiveTelemetry/FPGA/CAN_Decoder_Hardware/CAN_decoder/CAN_decoder/hls/.autopilot/db/a.g.ld.4.m2.bc > C:/Users/flaud/Documents/GitHub/LiveTelemetry/FPGA/CAN_Decoder_Hardware/CAN_decoder/CAN_decoder/hls/.autopilot/db/a.g.ld.4.m2.bc.llvm-link.out.log 2> C:/Users/flaud/Documents/GitHub/LiveTelemetry/FPGA/CAN_Decoder_Hardware/CAN_decoder/CAN_decoder/hls/.autopilot/db/a.g.ld.4.m2.bc.llvm-link.err.log
INFO-FLOW: 
Execute       run_link_or_opt -opt -out C:/Users/flaud/Documents/GitHub/LiveTelemetry/FPGA/CAN_Decoder_Hardware/CAN_decoder/CAN_decoder/hls/.autopilot/db/a.g.ld.5.gdce.bc -args C:/Users/flaud/Documents/GitHub/LiveTelemetry/FPGA/CAN_Decoder_Hardware/CAN_decoder/CAN_decoder/hls/.autopilot/db/a.g.ld.4.m2.bc -reflow-globaldce -hls-top-function-name=decode_can_message 
INFO-FLOW: run_clang exec: C:/Xilinx/2024.1/Vitis_HLS/2024.1/win64/tools/clang-3.9-csynth/bin/opt -pass-remarks-missed=reflow|pasta|unroll -pass-remarks=reflow|pasta|unroll|inline -pass-remarks-output=C:/Users/flaud/Documents/GitHub/LiveTelemetry/FPGA/CAN_Decoder_Hardware/CAN_decoder/CAN_decoder/hls/.autopilot/db/a.g.ld.5.gdce.bc.opt.diag.yml C:/Users/flaud/Documents/GitHub/LiveTelemetry/FPGA/CAN_Decoder_Hardware/CAN_decoder/CAN_decoder/hls/.autopilot/db/a.g.ld.4.m2.bc -reflow-globaldce -hls-top-function-name=decode_can_message -o C:/Users/flaud/Documents/GitHub/LiveTelemetry/FPGA/CAN_Decoder_Hardware/CAN_decoder/CAN_decoder/hls/.autopilot/db/a.g.ld.5.gdce.bc > C:/Users/flaud/Documents/GitHub/LiveTelemetry/FPGA/CAN_Decoder_Hardware/CAN_decoder/CAN_decoder/hls/.autopilot/db/a.g.ld.5.gdce.bc.opt.out.log 2> C:/Users/flaud/Documents/GitHub/LiveTelemetry/FPGA/CAN_Decoder_Hardware/CAN_decoder/CAN_decoder/hls/.autopilot/db/a.g.ld.5.gdce.bc.opt.err.log
INFO-FLOW: 
INFO-FLOW: Running: gen_design_size_report post-opt
INFO-FLOW: Done: gen_design_size_report post-opt time: 0 seconds per iteration
Execute       send_msg_by_id INFO @200-777@%s Vivado 
INFO: [HLS 200-777] Using interface defaults for 'Vivado' flow target.
Execute       is_m_axi_addr64 
INFO-FLOW: Doing LTO.
INFO-FLOW: run_clang (background poll_ms 5000) exec: C:/Xilinx/2024.1/Vitis_HLS/2024.1/win64/tools/clang-3.9-csynth/bin/clang -foptimization-record-file=C:/Users/flaud/Documents/GitHub/LiveTelemetry/FPGA/CAN_Decoder_Hardware/CAN_decoder/CAN_decoder/hls/.autopilot/db/a.g.ld.0.bc.clang.reflow.diag.yml -mllvm -pass-remarks-missed=reflow|pasta|unroll -mllvm -pass-remarks=reflow|pasta|unroll|inline -fhls -mllvm -hls-top-function-name=decode_can_message -mllvm -hls-db-dir -mllvm C:/Users/flaud/Documents/GitHub/LiveTelemetry/FPGA/CAN_Decoder_Hardware/CAN_decoder/CAN_decoder/hls/.autopilot/db -emit-llvm -c -target fpga64-xilinx-none -mllvm -xcl-xmlinfo=C:/Users/flaud/Documents/GitHub/LiveTelemetry/FPGA/CAN_Decoder_Hardware/CAN_decoder/CAN_decoder/hls/.autopilot/db/kernel.internal.xml -mllvm -top-io-mapping-info=C:/Users/flaud/Documents/GitHub/LiveTelemetry/FPGA/CAN_Decoder_Hardware/CAN_decoder/CAN_decoder/hls/.autopilot/db/top-io-fe.xml -mllvm -hls-bitcode-version=3.1 -mllvm -reflow-enable-slave-interface-default-setting=true -mllvm -gen-kernel-xml=false -mllvm -default-maxi-offset=slave -mllvm -maxi-latency=0 -mllvm -hls-maxi-data-size-in-bits=8 -mllvm -hls-maxi-max-data-size-in-bits=1024 -mllvm -hls-max-widen-size-in-bits=0 -mllvm -xcl-kernel-max-mem-ports=0 -mllvm -maxi-read-trans=16 -mllvm -maxi-write-trans=16 -mllvm -maxi-read-burst-len=16 -mllvm -maxi-write-burst-len=16 -mllvm -reflow-enable-saxi-64bits=0 -mllvm -reflow-basic-block-instr-threshold=200000 -mllvm -reflow-auto-pipeline-threshold=64 -mllvm -reflow-enable-maxi-auto-id-channel=0 -mllvm -enable-fp-thr=0 -mllvm -reflow-bdd-simplify-threshold=1048576 -mllvm -reflow-fanout-threshold=16 -mllvm -reflow-complete-threshold=4 -mllvm -reflow-array-promotion-threshold=64 -mllvm -assume-maxi-align=1 -mllvm -reflow-enable-dataflow-strict-mode-checking=1 -ftime-report -mllvm -time-passes -mllvm -reflow-auto-array-partition-mode=default -mllvm -reflow-enable-auto-small-array-partition=true -mllvm -reflow-enable-auto-array-partition-for-flatten=true -mllvm -reflow-enable-auto-parallel-performance-driven=true -mllvm -reflow-enable-partition-for-automation=true -mllvm -reflow-aggregate-bitwidth-threshold=4096 -mllvm -reflow-reserved-saxilite-registers=0 -mllvm -enable-reflow-auto-loop-pipeline -mllvm -reflow-max-unroll-threshold=409600 -mllvm -auto-unroll-tripcount-threshold=0 -mllvm -reflow-assume-no-address-wrap=true -mllvm -reflow-enable-occurrence-inference=true -mllvm -reflow-emit-hint-scope=true -mllvm -reflow-enable-codegen-with-if=true -mllvm -hls -mllvm -disable-inlined-alloca-merging=true -mllvm -default-clock-period=10 -mllvm -use_read_first_ram_in_loop=1 -mllvm -default-clock-uncertainty=0.5 -x ir C:/Users/flaud/Documents/GitHub/LiveTelemetry/FPGA/CAN_Decoder_Hardware/CAN_decoder/CAN_decoder/hls/.autopilot/db/a.g.ld.5.gdce.bc -o C:/Users/flaud/Documents/GitHub/LiveTelemetry/FPGA/CAN_Decoder_Hardware/CAN_decoder/CAN_decoder/hls/.autopilot/db/a.g.lto.bc {-hls-platform-db-name=C:/Xilinx/2024.1\Vitis_HLS\2024.1\common/technology\xilinx/common/platform.db} -hls-platform-name=zynq_slow -device-resource-info=BRAM_280.000000_DSP_220.000000_FF_106400.000000_LUT_53200.000000_SLICE_13300.000000_URAM_0.000000 -device-name-info=xc7z020clg400-1 2> C:/Users/flaud/Documents/GitHub/LiveTelemetry/FPGA/CAN_Decoder_Hardware/CAN_decoder/CAN_decoder/hls/.autopilot/db/a.g.ld.0.bc.clang.reflow.err.log bg_poll_cmd: ::AP::poll_clang_39_closed_source
Execute       send_msg_by_id INFO @200-1995@%s%s%s 2,323 Compile/Link C:/Users/flaud/Documents/GitHub/LiveTelemetry/FPGA/CAN_Decoder_Hardware/CAN_decoder/CAN_decoder/hls/syn/report/csynth_design_size.rpt 
INFO: [HLS 200-1995] There were 2,323 instructions in the design after the 'Compile/Link' phase of compilation. See the Design Size Report for more details: C:/Users/flaud/Documents/GitHub/LiveTelemetry/FPGA/CAN_Decoder_Hardware/CAN_decoder/CAN_decoder/hls/syn/report/csynth_design_size.rpt
INFO-FLOW: background_tcl error: C:/Xilinx/2024.1/Vitis_HLS/2024.1/win64/tools/clang-3.9-csynth/bin/clang exited with code 1
ERROR: [HLS 214-244] in function 'decode_can_message(can_message_t, decoded_signal_t*, int*)': Failed to implement stream interface on variable 'decoded_signals'. Each array element of 'decoded_signals' must: (a) be accessed only once, (b) read or write the whole array element in one operation and (c) be accessed in sequential order. (can_message_decoder.cpp:195:63)
Execute       send_msg_by_id ERROR @200-1715@ 
ERROR: [HLS 200-1715] Encountered problem during source synthesis
INFO-FLOW: Error in clang_39: 
INFO-FLOW: Caught error in elaborate: Pre-synthesis failed.
    while executing
"AP::ap_link_39 [::AP::get_bc_list  $dbgInfo] $skip_transform $LLVMFlags $dbgInfo"
    (procedure "AP::compile_dut_files_39" line 58)
    invoked from within
"AP::compile_dut_files_39 $dut_files $dbgInfo $skip_cdt $skip_transform"
    (procedure "AP::compile" line 108)
    invoked from within
"AP::compile 1 $skip_cdt $skip_transform"
    (procedure "ap_internal_elaborate" line 83)
    invoked from within
"ap_internal_elaborate "
Command     elaborate done; error code: 2; 12.7 sec.
INFO-FLOW: Caught error in csynth_design: Pre-synthesis failed.
    while executing
"ap_internal_csynth_design "
Command   csynth_design done; error code: 2; 12.776 sec.
Execute   close_project 
Execute     close_solution 
Execute       cleanup_all 
Execute       cleanup_all 
INFO-FLOW: Workspace C:/Users/flaud/Documents/GitHub/LiveTelemetry/FPGA/CAN_Decoder_Hardware/CAN_decoder/CAN_decoder/hls opened at Wed Dec 11 16:54:12 -0500 2024
Execute     send_msg_by_id INFO @200-1505@%s%s default  vivado 
INFO: [HLS 200-1505] Using default flow_target 'vivado'
Execute   apply_ini C:/Users/flaud/Documents/GitHub/LiveTelemetry/FPGA/CAN_Decoder_Hardware/CAN_decoder/hls_config.cfg 
Execute     send_msg_by_id INFO @200-1465@%s 'syn.file=C:/Users/flaud/Documents/GitHub/LiveTelemetry/FPGA/CAN_Decoder_Hardware/CAN_decoder/can_message_decoder.cpp' from C:/Users/flaud/Documents/GitHub/LiveTelemetry/FPGA/CAN_Decoder_Hardware/CAN_decoder/hls_config.cfg(13) 
INFO: [HLS 200-1465] Applying ini 'syn.file=C:/Users/flaud/Documents/GitHub/LiveTelemetry/FPGA/CAN_Decoder_Hardware/CAN_decoder/can_message_decoder.cpp' from C:/Users/flaud/Documents/GitHub/LiveTelemetry/FPGA/CAN_Decoder_Hardware/CAN_decoder/hls_config.cfg(13)
Execute     add_files C:/Users/flaud/Documents/GitHub/LiveTelemetry/FPGA/CAN_Decoder_Hardware/CAN_decoder/can_message_decoder.cpp 
INFO: [HLS 200-10] Adding design file 'C:/Users/flaud/Documents/GitHub/LiveTelemetry/FPGA/CAN_Decoder_Hardware/CAN_decoder/can_message_decoder.cpp' to the project
Execute     send_msg_by_id INFO @200-1465@%s 'tb.file=C:/Users/flaud/Documents/GitHub/LiveTelemetry/FPGA/CAN_Decoder_Hardware/CAN_decoder/testbench.cpp' from C:/Users/flaud/Documents/GitHub/LiveTelemetry/FPGA/CAN_Decoder_Hardware/CAN_decoder/hls_config.cfg(12) 
INFO: [HLS 200-1465] Applying ini 'tb.file=C:/Users/flaud/Documents/GitHub/LiveTelemetry/FPGA/CAN_Decoder_Hardware/CAN_decoder/testbench.cpp' from C:/Users/flaud/Documents/GitHub/LiveTelemetry/FPGA/CAN_Decoder_Hardware/CAN_decoder/hls_config.cfg(12)
Execute     add_files -tb C:/Users/flaud/Documents/GitHub/LiveTelemetry/FPGA/CAN_Decoder_Hardware/CAN_decoder/testbench.cpp 
INFO: [HLS 200-10] Adding test bench file 'C:/Users/flaud/Documents/GitHub/LiveTelemetry/FPGA/CAN_Decoder_Hardware/CAN_decoder/testbench.cpp' to the project
Execute     send_msg_by_id INFO @200-1465@%s 'tb.file=can_message_decoder.cpp' from C:/Users/flaud/Documents/GitHub/LiveTelemetry/FPGA/CAN_Decoder_Hardware/CAN_decoder/hls_config.cfg(11) 
INFO: [HLS 200-1465] Applying ini 'tb.file=can_message_decoder.cpp' from C:/Users/flaud/Documents/GitHub/LiveTelemetry/FPGA/CAN_Decoder_Hardware/CAN_decoder/hls_config.cfg(11)
Execute     add_files -tb C:/Users/flaud/Documents/GitHub/LiveTelemetry/FPGA/CAN_Decoder_Hardware/CAN_decoder/can_message_decoder.cpp 
INFO: [HLS 200-10] Adding test bench file 'C:/Users/flaud/Documents/GitHub/LiveTelemetry/FPGA/CAN_Decoder_Hardware/CAN_decoder/can_message_decoder.cpp' to the project
Execute     send_msg_by_id INFO @200-1465@%s 'syn.top=decode_can_message' from C:/Users/flaud/Documents/GitHub/LiveTelemetry/FPGA/CAN_Decoder_Hardware/CAN_decoder/hls_config.cfg(9) 
INFO: [HLS 200-1465] Applying ini 'syn.top=decode_can_message' from C:/Users/flaud/Documents/GitHub/LiveTelemetry/FPGA/CAN_Decoder_Hardware/CAN_decoder/hls_config.cfg(9)
Execute     set_top decode_can_message 
Execute     send_msg_by_id INFO @200-1465@%s 'flow_target=vivado' from C:/Users/flaud/Documents/GitHub/LiveTelemetry/FPGA/CAN_Decoder_Hardware/CAN_decoder/hls_config.cfg(4) 
INFO: [HLS 200-1465] Applying ini 'flow_target=vivado' from C:/Users/flaud/Documents/GitHub/LiveTelemetry/FPGA/CAN_Decoder_Hardware/CAN_decoder/hls_config.cfg(4)
Execute     send_msg_by_id INFO @200-1505@%s%s  vivado 
INFO: [HLS 200-1505] Using flow_target 'vivado'
Execute     send_msg_by_id INFO @200-1465@%s 'part=xc7z020clg400-1' from C:/Users/flaud/Documents/GitHub/LiveTelemetry/FPGA/CAN_Decoder_Hardware/CAN_decoder/hls_config.cfg(1) 
INFO: [HLS 200-1465] Applying ini 'part=xc7z020clg400-1' from C:/Users/flaud/Documents/GitHub/LiveTelemetry/FPGA/CAN_Decoder_Hardware/CAN_decoder/hls_config.cfg(1)
Execute     set_part xc7z020clg400-1 
Execute       create_platform xc7z020clg400-1 -board  
DBG:HLSDevice: Trying to load device library: C:/Xilinx/2024.1\Vitis_HLS\2024.1\lib\win64.o\xv_hlsvwrap.dll
DBG:HLSDevice: first parts/arch.xml in RDI_DATADIR: C:/Xilinx/2024.1/Vivado/2024.1/data/parts/arch.xml
DBG:HLSDevice: init success
INFO: [HLS 200-1611] Setting target device to 'xc7z020-clg400-1'
Command       create_platform done; 2.187 sec.
Execute       source C:/Xilinx/2024.1/Vitis_HLS/2024.1/common/technology/xilinx/common/xilinx.gen 
Execute         source C:/Xilinx/2024.1/Vitis_HLS/2024.1/common/technology/xilinx/interface/plb46.gen 
Execute         source C:/Xilinx/2024.1/Vitis_HLS/2024.1/common/technology/xilinx/interface/axi4.gen 
Execute         source C:/Xilinx/2024.1/Vitis_HLS/2024.1/common/technology/xilinx/interface/nativeAXI4.gen 
Execute           source C:/Xilinx/2024.1/Vitis_HLS/2024.1/common/technology/xilinx/interface/saxilite.gen 
Execute         source C:/Xilinx/2024.1/Vitis_HLS/2024.1/common/technology/xilinx/scripts/xilinxcoregen.gen 
Execute         source C:/Xilinx/2024.1/Vitis_HLS/2024.1/common/technology/xilinx/interface/XilEDKCoreGen.gen 
Execute         source C:/Xilinx/2024.1/Vitis_HLS/2024.1/common/technology/xilinx/ip/dds_compiler.gen 
Execute         source C:/Xilinx/2024.1/Vitis_HLS/2024.1/common/technology/xilinx/ip/util.gen 
Execute         source C:/Xilinx/2024.1/Vitis_HLS/2024.1/common/technology/xilinx/ip/xfft.gen 
Execute         source C:/Xilinx/2024.1/Vitis_HLS/2024.1/common/technology/xilinx/ip/xfir.gen 
Execute         source C:/Xilinx/2024.1/Vitis_HLS/2024.1/common/technology/xilinx/DSP48/dsp48.gen 
Execute       ap_part_info -name xc7z020-clg400-1 -data info 
Execute       config_compile -quiet -complex-mul-dsp=0 
Command     set_part done; 2.342 sec.
Execute     send_msg_by_id INFO @200-1465@%s 'clock=10ns' from C:/Users/flaud/Documents/GitHub/LiveTelemetry/FPGA/CAN_Decoder_Hardware/CAN_decoder/hls_config.cfg(7) 
INFO: [HLS 200-1465] Applying ini 'clock=10ns' from C:/Users/flaud/Documents/GitHub/LiveTelemetry/FPGA/CAN_Decoder_Hardware/CAN_decoder/hls_config.cfg(7)
Execute     create_clock -period 10ns 
Execute       ap_set_clock -name default -period 10 -unit ns -default=false 
INFO: [SYN 201-201] Setting up clock 'default' with a period of 10ns.
Execute     send_msg_by_id INFO @200-1465@%s 'clock_uncertainty=0.5ns' from C:/Users/flaud/Documents/GitHub/LiveTelemetry/FPGA/CAN_Decoder_Hardware/CAN_decoder/hls_config.cfg(8) 
INFO: [HLS 200-1465] Applying ini 'clock_uncertainty=0.5ns' from C:/Users/flaud/Documents/GitHub/LiveTelemetry/FPGA/CAN_Decoder_Hardware/CAN_decoder/hls_config.cfg(8)
Execute     set_clock_uncertainty 0.5ns 
Execute       ap_set_clock -name default -uncertainty 0.5 -unit ns 
INFO: [SYN 201-201] Setting up clock 'default' with an uncertainty of 0.5ns.
Execute     send_msg_by_id INFO @200-1465@%s 'csim.code_analyzer=1' from C:/Users/flaud/Documents/GitHub/LiveTelemetry/FPGA/CAN_Decoder_Hardware/CAN_decoder/hls_config.cfg(14) 
INFO: [HLS 200-1465] Applying ini 'csim.code_analyzer=1' from C:/Users/flaud/Documents/GitHub/LiveTelemetry/FPGA/CAN_Decoder_Hardware/CAN_decoder/hls_config.cfg(14)
Execute     config_csim -code_analyzer=1 
Execute     send_msg_by_id INFO @200-1465@%s 'package.output.format=ip_catalog' from C:/Users/flaud/Documents/GitHub/LiveTelemetry/FPGA/CAN_Decoder_Hardware/CAN_decoder/hls_config.cfg(5) 
INFO: [HLS 200-1465] Applying ini 'package.output.format=ip_catalog' from C:/Users/flaud/Documents/GitHub/LiveTelemetry/FPGA/CAN_Decoder_Hardware/CAN_decoder/hls_config.cfg(5)
Execute     config_export -format=ip_catalog 
Command   apply_ini done; 2.391 sec.
Execute   apply_ini C:/Users/flaud/Documents/GitHub/LiveTelemetry/FPGA/CAN_Decoder_Hardware/CAN_decoder/CAN_decoder/hls/config.cmdline 
Execute   csim_design 
Execute     AP::app_get_file_relativeroot [AP::app_get_root] {}
Execute     AP::app_get_file_relativeroot [AP::app_get_root] {}
Execute     AP::app_get_file_relativeroot [AP::app_get_root] {}
INFO-FLOW: Running SLX 'csim' proc: ::SLX::run_csim
INFO-FLOW: ::SLX::run_csim failed: child process exited abnormally
INFO-FLOW: Caught error in csim_design: Problem running csim: child process exited abnormally
    while executing
"error "Problem running $stage: $result""
    (procedure "::AP::hls_slx_hook" line 54)
    invoked from within
"::AP::hls_slx_hook csim $config_value_dict replace_flow"
    (procedure "ap_internal_csim_design" line 104)
    invoked from within
"ap_internal_csim_design "
Command   csim_design done; error code: 2; 30.287 sec.
Execute   close_project 
Execute     close_solution 
Execute       cleanup_all 
Execute       cleanup_all 
