C:\Users\flaud\Documents\GitHub\LiveTelemetry\FPGA\CAN_Decoder_Hardware\CAN_decoder\CAN_decoder\hls\.autopilot\db\can_message_decoder.pp.0.cpp:1542:7: warning: Added loop label VITIS_LOOP_1223_1:   [xilinx-label-all-loops]
      for (i = 0; i < __N - 1; ++i) {
      ^~~
      VITIS_LOOP_1223_1: 
C:\Users\flaud\Documents\GitHub\LiveTelemetry\FPGA\CAN_Decoder_Hardware\CAN_decoder\CAN_decoder\hls\.autopilot\db\can_message_decoder.pp.0.cpp:1542:7: note: FIX-IT applied suggested code changes
C:\Users\flaud\Documents\GitHub\LiveTelemetry\FPGA\CAN_Decoder_Hardware\CAN_decoder\CAN_decoder\hls\.autopilot\db\can_message_decoder.pp.0.cpp:2516:5: warning: Added loop label VITIS_LOOP_676_1:   [xilinx-label-all-loops]
    for (unsigned i = low; i != high; ++i) {
    ^~~
    VITIS_LOOP_676_1: 
C:\Users\flaud\Documents\GitHub\LiveTelemetry\FPGA\CAN_Decoder_Hardware\CAN_decoder\CAN_decoder\hls\.autopilot\db\can_message_decoder.pp.0.cpp:2516:5: note: FIX-IT applied suggested code changes
C:\Users\flaud\Documents\GitHub\LiveTelemetry\FPGA\CAN_Decoder_Hardware\CAN_decoder\CAN_decoder\hls\.autopilot\db\can_message_decoder.pp.0.cpp:2530:5: warning: Added loop label VITIS_LOOP_690_1:   [xilinx-label-all-loops]
    for (unsigned i = low; i != high; ++i) {
    ^~~
    VITIS_LOOP_690_1: 
C:\Users\flaud\Documents\GitHub\LiveTelemetry\FPGA\CAN_Decoder_Hardware\CAN_decoder\CAN_decoder\hls\.autopilot\db\can_message_decoder.pp.0.cpp:2530:5: note: FIX-IT applied suggested code changes
C:\Users\flaud\Documents\GitHub\LiveTelemetry\FPGA\CAN_Decoder_Hardware\CAN_decoder\CAN_decoder\hls\.autopilot\db\can_message_decoder.pp.0.cpp:2544:5: warning: Added loop label VITIS_LOOP_704_1:   [xilinx-label-all-loops]
    for (unsigned i = low; i != high; ++i) {
    ^~~
    VITIS_LOOP_704_1: 
C:\Users\flaud\Documents\GitHub\LiveTelemetry\FPGA\CAN_Decoder_Hardware\CAN_decoder\CAN_decoder\hls\.autopilot\db\can_message_decoder.pp.0.cpp:2544:5: note: FIX-IT applied suggested code changes
C:\Users\flaud\Documents\GitHub\LiveTelemetry\FPGA\CAN_Decoder_Hardware\CAN_decoder\CAN_decoder\hls\.autopilot\db\can_message_decoder.pp.0.cpp:4173:7: warning: Added loop label VITIS_LOOP_1247_1:   [xilinx-label-all-loops]
      for (i = 0; i < __N - 1; ++i) {
      ^~~
      VITIS_LOOP_1247_1: 
C:\Users\flaud\Documents\GitHub\LiveTelemetry\FPGA\CAN_Decoder_Hardware\CAN_decoder\CAN_decoder\hls\.autopilot\db\can_message_decoder.pp.0.cpp:4173:7: note: FIX-IT applied suggested code changes
C:\Users\flaud\Documents\GitHub\LiveTelemetry\FPGA\CAN_Decoder_Hardware\CAN_decoder\CAN_decoder\hls\.autopilot\db\can_message_decoder.pp.0.cpp:5994:2: warning: Added loop label VITIS_LOOP_73_1:   [xilinx-label-all-loops]
 for (int i = 0; i < 1024; i++) {
 ^~~
 VITIS_LOOP_73_1: 
C:\Users\flaud\Documents\GitHub\LiveTelemetry\FPGA\CAN_Decoder_Hardware\CAN_decoder\CAN_decoder\hls\.autopilot\db\can_message_decoder.pp.0.cpp:5994:2: note: FIX-IT applied suggested code changes
C:\Users\flaud\Documents\GitHub\LiveTelemetry\FPGA\CAN_Decoder_Hardware\CAN_decoder\CAN_decoder\hls\.autopilot\db\can_message_decoder.pp.0.cpp:6002:5: warning: Added loop label VITIS_LOOP_81_2:   [xilinx-label-all-loops]
    for (int i = 1; i <= msg_lut_size; i++) {
    ^~~
    VITIS_LOOP_81_2: 
C:\Users\flaud\Documents\GitHub\LiveTelemetry\FPGA\CAN_Decoder_Hardware\CAN_decoder\CAN_decoder\hls\.autopilot\db\can_message_decoder.pp.0.cpp:6002:5: note: FIX-IT applied suggested code changes
C:\Users\flaud\Documents\GitHub\LiveTelemetry\FPGA\CAN_Decoder_Hardware\CAN_decoder\CAN_decoder\hls\.autopilot\db\can_message_decoder.pp.0.cpp:6014:9: warning: Added loop label VITIS_LOOP_93_3:   [xilinx-label-all-loops]
        for (int j = 0; j < 68; j++) {
        ^~~
        VITIS_LOOP_93_3: 
C:\Users\flaud\Documents\GitHub\LiveTelemetry\FPGA\CAN_Decoder_Hardware\CAN_decoder\CAN_decoder\hls\.autopilot\db\can_message_decoder.pp.0.cpp:6014:9: note: FIX-IT applied suggested code changes
C:\Users\flaud\Documents\GitHub\LiveTelemetry\FPGA\CAN_Decoder_Hardware\CAN_decoder\CAN_decoder\hls\.autopilot\db\can_message_decoder.pp.0.cpp:6025:13: warning: Added loop label VITIS_LOOP_104_4:   [xilinx-label-all-loops]
            while (current->next != nullptr) {
            ^~~~~
            VITIS_LOOP_104_4: 
C:\Users\flaud\Documents\GitHub\LiveTelemetry\FPGA\CAN_Decoder_Hardware\CAN_decoder\CAN_decoder\hls\.autopilot\db\can_message_decoder.pp.0.cpp:6025:13: note: FIX-IT applied suggested code changes
C:\Users\flaud\Documents\GitHub\LiveTelemetry\FPGA\CAN_Decoder_Hardware\CAN_decoder\CAN_decoder\hls\.autopilot\db\can_message_decoder.pp.0.cpp:6053:5: warning: Added loop label VITIS_LOOP_128_1:   [xilinx-label-all-loops]
    while (current != nullptr) {
    ^~~~~
    VITIS_LOOP_128_1: 
C:\Users\flaud\Documents\GitHub\LiveTelemetry\FPGA\CAN_Decoder_Hardware\CAN_decoder\CAN_decoder\hls\.autopilot\db\can_message_decoder.pp.0.cpp:6053:5: note: FIX-IT applied suggested code changes
C:\Users\flaud\Documents\GitHub\LiveTelemetry\FPGA\CAN_Decoder_Hardware\CAN_decoder\CAN_decoder\hls\.autopilot\db\can_message_decoder.pp.0.cpp:6075:5: warning: Added loop label VITIS_LOOP_150_2:   [xilinx-label-all-loops]
    for (int j = 0; j < num_signals; j++) {
    ^~~
    VITIS_LOOP_150_2: 
C:\Users\flaud\Documents\GitHub\LiveTelemetry\FPGA\CAN_Decoder_Hardware\CAN_decoder\CAN_decoder\hls\.autopilot\db\can_message_decoder.pp.0.cpp:6075:5: note: FIX-IT applied suggested code changes
C:\Users\flaud\Documents\GitHub\LiveTelemetry\FPGA\CAN_Decoder_Hardware\CAN_decoder\CAN_decoder\hls\.autopilot\db\can_message_decoder.pp.0.cpp:6111:9: warning: Added loop label VITIS_LOOP_186_3:   [xilinx-label-all-loops]
        for (int i = 0; i < 1024; i++) {
        ^~~
        VITIS_LOOP_186_3: 
C:\Users\flaud\Documents\GitHub\LiveTelemetry\FPGA\CAN_Decoder_Hardware\CAN_decoder\CAN_decoder\hls\.autopilot\db\can_message_decoder.pp.0.cpp:6111:9: note: FIX-IT applied suggested code changes
C:\Users\flaud\Documents\GitHub\LiveTelemetry\FPGA\CAN_Decoder_Hardware\CAN_decoder\CAN_decoder\hls\.autopilot\db\can_message_decoder.pp.0.cpp:6113:13: warning: Added loop label VITIS_LOOP_188_4:   [xilinx-label-all-loops]
            while (current != nullptr) {
            ^~~~~
            VITIS_LOOP_188_4: 
C:\Users\flaud\Documents\GitHub\LiveTelemetry\FPGA\CAN_Decoder_Hardware\CAN_decoder\CAN_decoder\hls\.autopilot\db\can_message_decoder.pp.0.cpp:6113:13: note: FIX-IT applied suggested code changes
C:\Users\flaud\Documents\GitHub\LiveTelemetry\FPGA\CAN_Decoder_Hardware\CAN_decoder\CAN_decoder\hls\.autopilot\db\can_message_decoder.pp.0.cpp:6117:21: warning: Added loop label VITIS_LOOP_192_5:   [xilinx-label-all-loops]
                    for (int j = 0; j < 68; j++) {
                    ^~~
                    VITIS_LOOP_192_5: 
C:\Users\flaud\Documents\GitHub\LiveTelemetry\FPGA\CAN_Decoder_Hardware\CAN_decoder\CAN_decoder\hls\.autopilot\db\can_message_decoder.pp.0.cpp:6117:21: note: FIX-IT applied suggested code changes
