

================================================================
== Vitis HLS Report for 'decode_can_message_Pipeline_VITIS_LOOP_182_4'
================================================================
* Date:           Tue Dec 17 11:28:49 2024

* Version:        2024.1.2 (Build 5096458 on Sep  5 2024)
* Project:        CAN_decoder
* Solution:       hls (Vivado IP Flow Target)
* Product family: zynq
* Target device:  xc7z020-clg400-1


================================================================
== Performance Estimates
================================================================
+ Timing: 
    * Summary: 
    +--------+----------+----------+------------+
    |  Clock |  Target  | Estimated| Uncertainty|
    +--------+----------+----------+------------+
    |ap_clk  |  10.00 ns|  8.526 ns|     0.50 ns|
    +--------+----------+----------+------------+

+ Latency: 
    * Summary: 
    +---------+---------+-----------+----------+-----+-----+-----------------------------------------------+
    |  Latency (cycles) |  Latency (absolute)  |  Interval |                    Pipeline                   |
    |   min   |   max   |    min    |    max   | min | max |                      Type                     |
    +---------+---------+-----------+----------+-----+-----+-----------------------------------------------+
    |        2|      196|  20.000 ns|  1.960 us|    1|  128|  loop auto-rewind stp(delay=0 clock cycles(s))|
    +---------+---------+-----------+----------+-----+-----+-----------------------------------------------+

    + Detail: 
        * Instance: 
        N/A

        * Loop: 
        +--------------------+---------+---------+----------+-----------+-----------+---------+----------+
        |                    |  Latency (cycles) | Iteration|  Initiation Interval  |   Trip  |          |
        |      Loop Name     |   min   |   max   |  Latency |  achieved |   target  |  Count  | Pipelined|
        +--------------------+---------+---------+----------+-----------+-----------+---------+----------+
        |- VITIS_LOOP_182_4  |        0|      194|        69|          1|          1|  0 ~ 127|       yes|
        +--------------------+---------+---------+----------+-----------+-----------+---------+----------+

============================================================
+ Verbose Summary: Synthesis Manager
============================================================
InlineROM: 1
ExposeGlobal: 0
============================================================
+ Verbose Summary: CDFG Model
============================================================
IsTopModel: 0
ResetActiveHigh: 1
IsCombinational: 0
IsDatapathOnly: 0
HasWiredReturn: 1
HasMFsm: 2
HasVarLatency: 1
IsPipeline: 0
IsRtlPipelined: 0
IsInstanceOverlapped: 0
IsDontTouch: 0
HasImplIP: 0
IsGatedGlobalClock: 0

+ Individual pipeline summary: 
  * Pipeline-0: initiation interval (II) = 1, depth = 69


============================================================
+ Verbose Summary: Schedule
============================================================
* Number of FSM states : 69
* Pipeline : 1
  Pipeline-0 : II = 1, D = 69, States = { 1 2 3 4 5 6 7 8 9 10 11 12 13 14 15 16 17 18 19 20 21 22 23 24 25 26 27 28 29 30 31 32 33 34 35 36 37 38 39 40 41 42 43 44 45 46 47 48 49 50 51 52 53 54 55 56 57 58 59 60 61 62 63 64 65 66 67 68 69 }
* Dataflow Pipeline: 0

* FSM state transitions: 
1 --> 2 
2 --> 3 
3 --> 4 
4 --> 5 
5 --> 6 
6 --> 7 
7 --> 8 
8 --> 9 
9 --> 10 
10 --> 11 
11 --> 12 
12 --> 13 
13 --> 14 
14 --> 15 
15 --> 16 
16 --> 17 
17 --> 18 
18 --> 19 
19 --> 20 
20 --> 21 
21 --> 22 
22 --> 23 
23 --> 24 
24 --> 25 
25 --> 26 
26 --> 27 
27 --> 28 
28 --> 29 
29 --> 30 
30 --> 31 
31 --> 32 
32 --> 33 
33 --> 34 
34 --> 35 
35 --> 36 
36 --> 37 
37 --> 38 
38 --> 39 
39 --> 40 
40 --> 41 
41 --> 42 
42 --> 43 
43 --> 44 
44 --> 45 
45 --> 46 
46 --> 47 
47 --> 48 
48 --> 49 
49 --> 50 
50 --> 51 
51 --> 52 
52 --> 53 
53 --> 54 
54 --> 55 
55 --> 56 
56 --> 57 
57 --> 58 
58 --> 59 
59 --> 60 
60 --> 61 
61 --> 62 
62 --> 63 
63 --> 64 
64 --> 65 
65 --> 66 
66 --> 67 
67 --> 68 
68 --> 69 
69 --> 

* FSM state operations: 

State 1 <SV = 0> <Delay = 6.91>
ST_1 : Operation 72 [1/1] (0.00ns)   --->   "%indvars_iv = alloca i32 1"   --->   Operation 72 'alloca' 'indvars_iv' <Predicate = true> <Delay = 0.00>
ST_1 : Operation 73 [1/1] (0.00ns)   --->   "%j = alloca i32 1" [can_message_decoder.cpp:182]   --->   Operation 73 'alloca' 'j' <Predicate = true> <Delay = 0.00>
ST_1 : Operation 74 [1/1] (0.00ns)   --->   "%conv_i32_read = read i32 @_ssdm_op_Read.ap_auto.i32, i32 %conv_i32"   --->   Operation 74 'read' 'conv_i32_read' <Predicate = true> <Delay = 0.00>
ST_1 : Operation 75 [1/1] (0.00ns)   --->   "%tmp = read i9 @_ssdm_op_Read.ap_auto.i9, i9 %empty"   --->   Operation 75 'read' 'tmp' <Predicate = true> <Delay = 0.00>
ST_1 : Operation 76 [1/1] (0.00ns)   --->   "%mul_ln184_read = read i16 @_ssdm_op_Read.ap_auto.i16, i16 %mul_ln184"   --->   Operation 76 'read' 'mul_ln184_read' <Predicate = true> <Delay = 0.00>
ST_1 : Operation 77 [1/1] (0.00ns)   --->   "%num_signals_150_read = read i7 @_ssdm_op_Read.ap_auto.i7, i7 %num_signals_150"   --->   Operation 77 'read' 'num_signals_150_read' <Predicate = true> <Delay = 0.00>
ST_1 : Operation 78 [1/1] (0.00ns)   --->   "%tmp_4 = read i7 @_ssdm_op_Read.ap_auto.i7, i7 %empty_27"   --->   Operation 78 'read' 'tmp_4' <Predicate = true> <Delay = 0.00>
ST_1 : Operation 79 [1/1] (0.00ns)   --->   "%conv_i32_cast = zext i32 %conv_i32_read"   --->   Operation 79 'zext' 'conv_i32_cast' <Predicate = true> <Delay = 0.00>
ST_1 : Operation 80 [1/1] (0.00ns)   --->   "%specinterface_ln0 = specinterface void @_ssdm_op_SpecInterface, i80 %signal_def_mem, void @empty_5, i32 0, i32 0, void @empty_3, i32 4294967295, i32 0, void @empty_3, void @empty_3, void @empty_3, i32 0, i32 0, i32 0, i32 0, void @empty_3, void @empty_3, i32 4294967295, i32 0, i32 0"   --->   Operation 80 'specinterface' 'specinterface_ln0' <Predicate = true> <Delay = 0.00>
ST_1 : Operation 81 [1/1] (0.00ns)   --->   "%specinterface_ln0 = specinterface void @_ssdm_op_SpecInterface, i64 %hash_table_accumulator_accumulated_values, void @empty_5, i32 0, i32 0, void @empty_3, i32 4294967295, i32 0, void @empty_3, void @empty_3, void @empty_3, i32 0, i32 0, i32 0, i32 0, void @empty_3, void @empty_3, i32 4294967295, i32 0, i32 0"   --->   Operation 81 'specinterface' 'specinterface_ln0' <Predicate = true> <Delay = 0.00>
ST_1 : Operation 82 [1/1] (0.00ns)   --->   "%specinterface_ln0 = specinterface void @_ssdm_op_SpecInterface, i43 %decoded_signals, void @empty_5, i32 0, i32 0, void @empty_3, i32 4294967295, i32 0, void @empty_3, void @empty_3, void @empty_3, i32 0, i32 0, i32 0, i32 0, void @empty_3, void @empty_3, i32 4294967295, i32 0, i32 0"   --->   Operation 82 'specinterface' 'specinterface_ln0' <Predicate = true> <Delay = 0.00>
ST_1 : Operation 83 [1/1] (1.58ns)   --->   "%store_ln182 = store i7 0, i7 %j" [can_message_decoder.cpp:182]   --->   Operation 83 'store' 'store_ln182' <Predicate = true> <Delay = 1.58>
ST_1 : Operation 84 [1/1] (1.58ns)   --->   "%store_ln0 = store i7 %tmp_4, i7 %indvars_iv"   --->   Operation 84 'store' 'store_ln0' <Predicate = true> <Delay = 1.58>
ST_1 : Operation 85 [1/1] (0.00ns)   --->   "%br_ln0 = br void %for.inc120"   --->   Operation 85 'br' 'br_ln0' <Predicate = true> <Delay = 0.00>
ST_1 : Operation 86 [1/1] (0.00ns)   --->   "%j_1 = load i7 %j" [can_message_decoder.cpp:182]   --->   Operation 86 'load' 'j_1' <Predicate = true> <Delay = 0.00>
ST_1 : Operation 87 [1/1] (1.87ns)   --->   "%icmp_ln182 = icmp_eq  i7 %j_1, i7 %num_signals_150_read" [can_message_decoder.cpp:182]   --->   Operation 87 'icmp' 'icmp_ln182' <Predicate = true> <Delay = 1.87> <CoreInst = "Cmp">   --->   Core 9 'Cmp' <Latency = 0> <II = 1> <Delay = 1.87> <FuncUnit> <Opcode : 'seteq' 'setne' 'setle' 'setge' 'setlt' 'setgt'> <InPorts = 2> <OutPorts = 1>
ST_1 : Operation 88 [1/1] (1.87ns)   --->   "%add_ln182 = add i7 %j_1, i7 1" [can_message_decoder.cpp:182]   --->   Operation 88 'add' 'add_ln182' <Predicate = true> <Delay = 1.87> <CoreInst = "Adder">   --->   Core 1 'Adder' <Latency = 0> <II = 1> <Delay = 1.87> <FuncUnit> <Opcode : 'add' 'sub'> <InPorts = 2> <OutPorts = 1>
ST_1 : Operation 89 [1/1] (0.00ns)   --->   "%br_ln182 = br i1 %icmp_ln182, void %for.inc120.split, void %for.cond84.for.end122_crit_edge.exitStub" [can_message_decoder.cpp:182]   --->   Operation 89 'br' 'br_ln182' <Predicate = true> <Delay = 0.00>
ST_1 : Operation 90 [1/1] (0.00ns)   --->   "%zext_ln184 = zext i7 %j_1" [can_message_decoder.cpp:184]   --->   Operation 90 'zext' 'zext_ln184' <Predicate = (!icmp_ln182)> <Delay = 0.00>
ST_1 : Operation 91 [1/1] (2.07ns)   --->   "%add_ln184 = add i16 %mul_ln184_read, i16 %zext_ln184" [can_message_decoder.cpp:184]   --->   Operation 91 'add' 'add_ln184' <Predicate = (!icmp_ln182)> <Delay = 2.07> <CoreInst = "Adder">   --->   Core 1 'Adder' <Latency = 0> <II = 1> <Delay = 2.07> <FuncUnit> <Opcode : 'add' 'sub'> <InPorts = 2> <OutPorts = 1>
ST_1 : Operation 92 [1/1] (0.00ns)   --->   "%zext_ln184_1 = zext i16 %add_ln184" [can_message_decoder.cpp:184]   --->   Operation 92 'zext' 'zext_ln184_1' <Predicate = (!icmp_ln182)> <Delay = 0.00>
ST_1 : Operation 93 [1/1] (0.00ns)   --->   "%hash_table_accumulator_accumulated_values_addr = getelementptr i64 %hash_table_accumulator_accumulated_values, i64 0, i64 %zext_ln184_1" [can_message_decoder.cpp:184]   --->   Operation 93 'getelementptr' 'hash_table_accumulator_accumulated_values_addr' <Predicate = (!icmp_ln182)> <Delay = 0.00>
ST_1 : Operation 94 [2/2] (3.25ns)   --->   "%hash_table_accumulator_accumulated_values_load = load i16 %hash_table_accumulator_accumulated_values_addr" [can_message_decoder.cpp:184]   --->   Operation 94 'load' 'hash_table_accumulator_accumulated_values_load' <Predicate = (!icmp_ln182)> <Delay = 3.25> <CoreInst = "RAM">   --->   Core 81 'RAM' <Latency = 1> <II = 1> <Delay = 3.25> <Storage> <Opcode : 'load' 'store'> <Ports = 2> <Width = 64> <Depth = 34816> <RAM>
ST_1 : Operation 95 [1/1] (1.58ns)   --->   "%store_ln182 = store i7 %add_ln182, i7 %j" [can_message_decoder.cpp:182]   --->   Operation 95 'store' 'store_ln182' <Predicate = (!icmp_ln182)> <Delay = 1.58>

State 2 <SV = 1> <Delay = 8.52>
ST_2 : Operation 96 [1/2] (3.25ns)   --->   "%hash_table_accumulator_accumulated_values_load = load i16 %hash_table_accumulator_accumulated_values_addr" [can_message_decoder.cpp:184]   --->   Operation 96 'load' 'hash_table_accumulator_accumulated_values_load' <Predicate = true> <Delay = 3.25> <CoreInst = "RAM">   --->   Core 81 'RAM' <Latency = 1> <II = 1> <Delay = 3.25> <Storage> <Opcode : 'load' 'store'> <Ports = 2> <Width = 64> <Depth = 34816> <RAM>
ST_2 : Operation 97 [68/68] (5.27ns)   --->   "%sdiv_ln184 = sdiv i64 %hash_table_accumulator_accumulated_values_load, i64 %conv_i32_cast" [can_message_decoder.cpp:184]   --->   Operation 97 'sdiv' 'sdiv_ln184' <Predicate = true> <Delay = 5.27> <CoreInst = "Divider">   --->   Core 6 'Divider' <Latency = 67> <II = 1> <Delay = 5.27> <FuncUnit> <Opcode : 'udiv' 'sdiv' 'urem' 'srem'> <InPorts = 2> <OutPorts = 1>
ST_2 : Operation 98 [1/1] (3.25ns)   --->   "%store_ln187 = store i64 0, i16 %hash_table_accumulator_accumulated_values_addr" [can_message_decoder.cpp:187]   --->   Operation 98 'store' 'store_ln187' <Predicate = true> <Delay = 3.25> <CoreInst = "RAM">   --->   Core 81 'RAM' <Latency = 1> <II = 1> <Delay = 3.25> <Storage> <Opcode : 'load' 'store'> <Ports = 2> <Width = 64> <Depth = 34816> <RAM>

State 3 <SV = 2> <Delay = 5.27>
ST_3 : Operation 99 [67/68] (5.27ns)   --->   "%sdiv_ln184 = sdiv i64 %hash_table_accumulator_accumulated_values_load, i64 %conv_i32_cast" [can_message_decoder.cpp:184]   --->   Operation 99 'sdiv' 'sdiv_ln184' <Predicate = true> <Delay = 5.27> <CoreInst = "Divider">   --->   Core 6 'Divider' <Latency = 67> <II = 1> <Delay = 5.27> <FuncUnit> <Opcode : 'udiv' 'sdiv' 'urem' 'srem'> <InPorts = 2> <OutPorts = 1>

State 4 <SV = 3> <Delay = 5.27>
ST_4 : Operation 100 [66/68] (5.27ns)   --->   "%sdiv_ln184 = sdiv i64 %hash_table_accumulator_accumulated_values_load, i64 %conv_i32_cast" [can_message_decoder.cpp:184]   --->   Operation 100 'sdiv' 'sdiv_ln184' <Predicate = true> <Delay = 5.27> <CoreInst = "Divider">   --->   Core 6 'Divider' <Latency = 67> <II = 1> <Delay = 5.27> <FuncUnit> <Opcode : 'udiv' 'sdiv' 'urem' 'srem'> <InPorts = 2> <OutPorts = 1>

State 5 <SV = 4> <Delay = 5.27>
ST_5 : Operation 101 [65/68] (5.27ns)   --->   "%sdiv_ln184 = sdiv i64 %hash_table_accumulator_accumulated_values_load, i64 %conv_i32_cast" [can_message_decoder.cpp:184]   --->   Operation 101 'sdiv' 'sdiv_ln184' <Predicate = true> <Delay = 5.27> <CoreInst = "Divider">   --->   Core 6 'Divider' <Latency = 67> <II = 1> <Delay = 5.27> <FuncUnit> <Opcode : 'udiv' 'sdiv' 'urem' 'srem'> <InPorts = 2> <OutPorts = 1>

State 6 <SV = 5> <Delay = 5.27>
ST_6 : Operation 102 [64/68] (5.27ns)   --->   "%sdiv_ln184 = sdiv i64 %hash_table_accumulator_accumulated_values_load, i64 %conv_i32_cast" [can_message_decoder.cpp:184]   --->   Operation 102 'sdiv' 'sdiv_ln184' <Predicate = true> <Delay = 5.27> <CoreInst = "Divider">   --->   Core 6 'Divider' <Latency = 67> <II = 1> <Delay = 5.27> <FuncUnit> <Opcode : 'udiv' 'sdiv' 'urem' 'srem'> <InPorts = 2> <OutPorts = 1>

State 7 <SV = 6> <Delay = 5.27>
ST_7 : Operation 103 [63/68] (5.27ns)   --->   "%sdiv_ln184 = sdiv i64 %hash_table_accumulator_accumulated_values_load, i64 %conv_i32_cast" [can_message_decoder.cpp:184]   --->   Operation 103 'sdiv' 'sdiv_ln184' <Predicate = true> <Delay = 5.27> <CoreInst = "Divider">   --->   Core 6 'Divider' <Latency = 67> <II = 1> <Delay = 5.27> <FuncUnit> <Opcode : 'udiv' 'sdiv' 'urem' 'srem'> <InPorts = 2> <OutPorts = 1>

State 8 <SV = 7> <Delay = 5.27>
ST_8 : Operation 104 [62/68] (5.27ns)   --->   "%sdiv_ln184 = sdiv i64 %hash_table_accumulator_accumulated_values_load, i64 %conv_i32_cast" [can_message_decoder.cpp:184]   --->   Operation 104 'sdiv' 'sdiv_ln184' <Predicate = true> <Delay = 5.27> <CoreInst = "Divider">   --->   Core 6 'Divider' <Latency = 67> <II = 1> <Delay = 5.27> <FuncUnit> <Opcode : 'udiv' 'sdiv' 'urem' 'srem'> <InPorts = 2> <OutPorts = 1>

State 9 <SV = 8> <Delay = 5.27>
ST_9 : Operation 105 [61/68] (5.27ns)   --->   "%sdiv_ln184 = sdiv i64 %hash_table_accumulator_accumulated_values_load, i64 %conv_i32_cast" [can_message_decoder.cpp:184]   --->   Operation 105 'sdiv' 'sdiv_ln184' <Predicate = true> <Delay = 5.27> <CoreInst = "Divider">   --->   Core 6 'Divider' <Latency = 67> <II = 1> <Delay = 5.27> <FuncUnit> <Opcode : 'udiv' 'sdiv' 'urem' 'srem'> <InPorts = 2> <OutPorts = 1>

State 10 <SV = 9> <Delay = 5.27>
ST_10 : Operation 106 [60/68] (5.27ns)   --->   "%sdiv_ln184 = sdiv i64 %hash_table_accumulator_accumulated_values_load, i64 %conv_i32_cast" [can_message_decoder.cpp:184]   --->   Operation 106 'sdiv' 'sdiv_ln184' <Predicate = true> <Delay = 5.27> <CoreInst = "Divider">   --->   Core 6 'Divider' <Latency = 67> <II = 1> <Delay = 5.27> <FuncUnit> <Opcode : 'udiv' 'sdiv' 'urem' 'srem'> <InPorts = 2> <OutPorts = 1>

State 11 <SV = 10> <Delay = 5.27>
ST_11 : Operation 107 [59/68] (5.27ns)   --->   "%sdiv_ln184 = sdiv i64 %hash_table_accumulator_accumulated_values_load, i64 %conv_i32_cast" [can_message_decoder.cpp:184]   --->   Operation 107 'sdiv' 'sdiv_ln184' <Predicate = true> <Delay = 5.27> <CoreInst = "Divider">   --->   Core 6 'Divider' <Latency = 67> <II = 1> <Delay = 5.27> <FuncUnit> <Opcode : 'udiv' 'sdiv' 'urem' 'srem'> <InPorts = 2> <OutPorts = 1>

State 12 <SV = 11> <Delay = 5.27>
ST_12 : Operation 108 [58/68] (5.27ns)   --->   "%sdiv_ln184 = sdiv i64 %hash_table_accumulator_accumulated_values_load, i64 %conv_i32_cast" [can_message_decoder.cpp:184]   --->   Operation 108 'sdiv' 'sdiv_ln184' <Predicate = true> <Delay = 5.27> <CoreInst = "Divider">   --->   Core 6 'Divider' <Latency = 67> <II = 1> <Delay = 5.27> <FuncUnit> <Opcode : 'udiv' 'sdiv' 'urem' 'srem'> <InPorts = 2> <OutPorts = 1>

State 13 <SV = 12> <Delay = 5.27>
ST_13 : Operation 109 [57/68] (5.27ns)   --->   "%sdiv_ln184 = sdiv i64 %hash_table_accumulator_accumulated_values_load, i64 %conv_i32_cast" [can_message_decoder.cpp:184]   --->   Operation 109 'sdiv' 'sdiv_ln184' <Predicate = true> <Delay = 5.27> <CoreInst = "Divider">   --->   Core 6 'Divider' <Latency = 67> <II = 1> <Delay = 5.27> <FuncUnit> <Opcode : 'udiv' 'sdiv' 'urem' 'srem'> <InPorts = 2> <OutPorts = 1>

State 14 <SV = 13> <Delay = 5.27>
ST_14 : Operation 110 [56/68] (5.27ns)   --->   "%sdiv_ln184 = sdiv i64 %hash_table_accumulator_accumulated_values_load, i64 %conv_i32_cast" [can_message_decoder.cpp:184]   --->   Operation 110 'sdiv' 'sdiv_ln184' <Predicate = true> <Delay = 5.27> <CoreInst = "Divider">   --->   Core 6 'Divider' <Latency = 67> <II = 1> <Delay = 5.27> <FuncUnit> <Opcode : 'udiv' 'sdiv' 'urem' 'srem'> <InPorts = 2> <OutPorts = 1>

State 15 <SV = 14> <Delay = 5.27>
ST_15 : Operation 111 [55/68] (5.27ns)   --->   "%sdiv_ln184 = sdiv i64 %hash_table_accumulator_accumulated_values_load, i64 %conv_i32_cast" [can_message_decoder.cpp:184]   --->   Operation 111 'sdiv' 'sdiv_ln184' <Predicate = true> <Delay = 5.27> <CoreInst = "Divider">   --->   Core 6 'Divider' <Latency = 67> <II = 1> <Delay = 5.27> <FuncUnit> <Opcode : 'udiv' 'sdiv' 'urem' 'srem'> <InPorts = 2> <OutPorts = 1>

State 16 <SV = 15> <Delay = 5.27>
ST_16 : Operation 112 [54/68] (5.27ns)   --->   "%sdiv_ln184 = sdiv i64 %hash_table_accumulator_accumulated_values_load, i64 %conv_i32_cast" [can_message_decoder.cpp:184]   --->   Operation 112 'sdiv' 'sdiv_ln184' <Predicate = true> <Delay = 5.27> <CoreInst = "Divider">   --->   Core 6 'Divider' <Latency = 67> <II = 1> <Delay = 5.27> <FuncUnit> <Opcode : 'udiv' 'sdiv' 'urem' 'srem'> <InPorts = 2> <OutPorts = 1>

State 17 <SV = 16> <Delay = 5.27>
ST_17 : Operation 113 [53/68] (5.27ns)   --->   "%sdiv_ln184 = sdiv i64 %hash_table_accumulator_accumulated_values_load, i64 %conv_i32_cast" [can_message_decoder.cpp:184]   --->   Operation 113 'sdiv' 'sdiv_ln184' <Predicate = true> <Delay = 5.27> <CoreInst = "Divider">   --->   Core 6 'Divider' <Latency = 67> <II = 1> <Delay = 5.27> <FuncUnit> <Opcode : 'udiv' 'sdiv' 'urem' 'srem'> <InPorts = 2> <OutPorts = 1>

State 18 <SV = 17> <Delay = 5.27>
ST_18 : Operation 114 [52/68] (5.27ns)   --->   "%sdiv_ln184 = sdiv i64 %hash_table_accumulator_accumulated_values_load, i64 %conv_i32_cast" [can_message_decoder.cpp:184]   --->   Operation 114 'sdiv' 'sdiv_ln184' <Predicate = true> <Delay = 5.27> <CoreInst = "Divider">   --->   Core 6 'Divider' <Latency = 67> <II = 1> <Delay = 5.27> <FuncUnit> <Opcode : 'udiv' 'sdiv' 'urem' 'srem'> <InPorts = 2> <OutPorts = 1>

State 19 <SV = 18> <Delay = 5.27>
ST_19 : Operation 115 [51/68] (5.27ns)   --->   "%sdiv_ln184 = sdiv i64 %hash_table_accumulator_accumulated_values_load, i64 %conv_i32_cast" [can_message_decoder.cpp:184]   --->   Operation 115 'sdiv' 'sdiv_ln184' <Predicate = true> <Delay = 5.27> <CoreInst = "Divider">   --->   Core 6 'Divider' <Latency = 67> <II = 1> <Delay = 5.27> <FuncUnit> <Opcode : 'udiv' 'sdiv' 'urem' 'srem'> <InPorts = 2> <OutPorts = 1>

State 20 <SV = 19> <Delay = 5.27>
ST_20 : Operation 116 [50/68] (5.27ns)   --->   "%sdiv_ln184 = sdiv i64 %hash_table_accumulator_accumulated_values_load, i64 %conv_i32_cast" [can_message_decoder.cpp:184]   --->   Operation 116 'sdiv' 'sdiv_ln184' <Predicate = true> <Delay = 5.27> <CoreInst = "Divider">   --->   Core 6 'Divider' <Latency = 67> <II = 1> <Delay = 5.27> <FuncUnit> <Opcode : 'udiv' 'sdiv' 'urem' 'srem'> <InPorts = 2> <OutPorts = 1>

State 21 <SV = 20> <Delay = 5.27>
ST_21 : Operation 117 [49/68] (5.27ns)   --->   "%sdiv_ln184 = sdiv i64 %hash_table_accumulator_accumulated_values_load, i64 %conv_i32_cast" [can_message_decoder.cpp:184]   --->   Operation 117 'sdiv' 'sdiv_ln184' <Predicate = true> <Delay = 5.27> <CoreInst = "Divider">   --->   Core 6 'Divider' <Latency = 67> <II = 1> <Delay = 5.27> <FuncUnit> <Opcode : 'udiv' 'sdiv' 'urem' 'srem'> <InPorts = 2> <OutPorts = 1>

State 22 <SV = 21> <Delay = 5.27>
ST_22 : Operation 118 [48/68] (5.27ns)   --->   "%sdiv_ln184 = sdiv i64 %hash_table_accumulator_accumulated_values_load, i64 %conv_i32_cast" [can_message_decoder.cpp:184]   --->   Operation 118 'sdiv' 'sdiv_ln184' <Predicate = true> <Delay = 5.27> <CoreInst = "Divider">   --->   Core 6 'Divider' <Latency = 67> <II = 1> <Delay = 5.27> <FuncUnit> <Opcode : 'udiv' 'sdiv' 'urem' 'srem'> <InPorts = 2> <OutPorts = 1>

State 23 <SV = 22> <Delay = 5.27>
ST_23 : Operation 119 [47/68] (5.27ns)   --->   "%sdiv_ln184 = sdiv i64 %hash_table_accumulator_accumulated_values_load, i64 %conv_i32_cast" [can_message_decoder.cpp:184]   --->   Operation 119 'sdiv' 'sdiv_ln184' <Predicate = true> <Delay = 5.27> <CoreInst = "Divider">   --->   Core 6 'Divider' <Latency = 67> <II = 1> <Delay = 5.27> <FuncUnit> <Opcode : 'udiv' 'sdiv' 'urem' 'srem'> <InPorts = 2> <OutPorts = 1>

State 24 <SV = 23> <Delay = 5.27>
ST_24 : Operation 120 [46/68] (5.27ns)   --->   "%sdiv_ln184 = sdiv i64 %hash_table_accumulator_accumulated_values_load, i64 %conv_i32_cast" [can_message_decoder.cpp:184]   --->   Operation 120 'sdiv' 'sdiv_ln184' <Predicate = true> <Delay = 5.27> <CoreInst = "Divider">   --->   Core 6 'Divider' <Latency = 67> <II = 1> <Delay = 5.27> <FuncUnit> <Opcode : 'udiv' 'sdiv' 'urem' 'srem'> <InPorts = 2> <OutPorts = 1>

State 25 <SV = 24> <Delay = 5.27>
ST_25 : Operation 121 [45/68] (5.27ns)   --->   "%sdiv_ln184 = sdiv i64 %hash_table_accumulator_accumulated_values_load, i64 %conv_i32_cast" [can_message_decoder.cpp:184]   --->   Operation 121 'sdiv' 'sdiv_ln184' <Predicate = true> <Delay = 5.27> <CoreInst = "Divider">   --->   Core 6 'Divider' <Latency = 67> <II = 1> <Delay = 5.27> <FuncUnit> <Opcode : 'udiv' 'sdiv' 'urem' 'srem'> <InPorts = 2> <OutPorts = 1>

State 26 <SV = 25> <Delay = 5.27>
ST_26 : Operation 122 [44/68] (5.27ns)   --->   "%sdiv_ln184 = sdiv i64 %hash_table_accumulator_accumulated_values_load, i64 %conv_i32_cast" [can_message_decoder.cpp:184]   --->   Operation 122 'sdiv' 'sdiv_ln184' <Predicate = true> <Delay = 5.27> <CoreInst = "Divider">   --->   Core 6 'Divider' <Latency = 67> <II = 1> <Delay = 5.27> <FuncUnit> <Opcode : 'udiv' 'sdiv' 'urem' 'srem'> <InPorts = 2> <OutPorts = 1>

State 27 <SV = 26> <Delay = 5.27>
ST_27 : Operation 123 [43/68] (5.27ns)   --->   "%sdiv_ln184 = sdiv i64 %hash_table_accumulator_accumulated_values_load, i64 %conv_i32_cast" [can_message_decoder.cpp:184]   --->   Operation 123 'sdiv' 'sdiv_ln184' <Predicate = true> <Delay = 5.27> <CoreInst = "Divider">   --->   Core 6 'Divider' <Latency = 67> <II = 1> <Delay = 5.27> <FuncUnit> <Opcode : 'udiv' 'sdiv' 'urem' 'srem'> <InPorts = 2> <OutPorts = 1>

State 28 <SV = 27> <Delay = 5.27>
ST_28 : Operation 124 [42/68] (5.27ns)   --->   "%sdiv_ln184 = sdiv i64 %hash_table_accumulator_accumulated_values_load, i64 %conv_i32_cast" [can_message_decoder.cpp:184]   --->   Operation 124 'sdiv' 'sdiv_ln184' <Predicate = true> <Delay = 5.27> <CoreInst = "Divider">   --->   Core 6 'Divider' <Latency = 67> <II = 1> <Delay = 5.27> <FuncUnit> <Opcode : 'udiv' 'sdiv' 'urem' 'srem'> <InPorts = 2> <OutPorts = 1>

State 29 <SV = 28> <Delay = 5.27>
ST_29 : Operation 125 [41/68] (5.27ns)   --->   "%sdiv_ln184 = sdiv i64 %hash_table_accumulator_accumulated_values_load, i64 %conv_i32_cast" [can_message_decoder.cpp:184]   --->   Operation 125 'sdiv' 'sdiv_ln184' <Predicate = true> <Delay = 5.27> <CoreInst = "Divider">   --->   Core 6 'Divider' <Latency = 67> <II = 1> <Delay = 5.27> <FuncUnit> <Opcode : 'udiv' 'sdiv' 'urem' 'srem'> <InPorts = 2> <OutPorts = 1>

State 30 <SV = 29> <Delay = 5.27>
ST_30 : Operation 126 [40/68] (5.27ns)   --->   "%sdiv_ln184 = sdiv i64 %hash_table_accumulator_accumulated_values_load, i64 %conv_i32_cast" [can_message_decoder.cpp:184]   --->   Operation 126 'sdiv' 'sdiv_ln184' <Predicate = true> <Delay = 5.27> <CoreInst = "Divider">   --->   Core 6 'Divider' <Latency = 67> <II = 1> <Delay = 5.27> <FuncUnit> <Opcode : 'udiv' 'sdiv' 'urem' 'srem'> <InPorts = 2> <OutPorts = 1>

State 31 <SV = 30> <Delay = 5.27>
ST_31 : Operation 127 [39/68] (5.27ns)   --->   "%sdiv_ln184 = sdiv i64 %hash_table_accumulator_accumulated_values_load, i64 %conv_i32_cast" [can_message_decoder.cpp:184]   --->   Operation 127 'sdiv' 'sdiv_ln184' <Predicate = true> <Delay = 5.27> <CoreInst = "Divider">   --->   Core 6 'Divider' <Latency = 67> <II = 1> <Delay = 5.27> <FuncUnit> <Opcode : 'udiv' 'sdiv' 'urem' 'srem'> <InPorts = 2> <OutPorts = 1>

State 32 <SV = 31> <Delay = 5.27>
ST_32 : Operation 128 [38/68] (5.27ns)   --->   "%sdiv_ln184 = sdiv i64 %hash_table_accumulator_accumulated_values_load, i64 %conv_i32_cast" [can_message_decoder.cpp:184]   --->   Operation 128 'sdiv' 'sdiv_ln184' <Predicate = true> <Delay = 5.27> <CoreInst = "Divider">   --->   Core 6 'Divider' <Latency = 67> <II = 1> <Delay = 5.27> <FuncUnit> <Opcode : 'udiv' 'sdiv' 'urem' 'srem'> <InPorts = 2> <OutPorts = 1>

State 33 <SV = 32> <Delay = 5.27>
ST_33 : Operation 129 [37/68] (5.27ns)   --->   "%sdiv_ln184 = sdiv i64 %hash_table_accumulator_accumulated_values_load, i64 %conv_i32_cast" [can_message_decoder.cpp:184]   --->   Operation 129 'sdiv' 'sdiv_ln184' <Predicate = true> <Delay = 5.27> <CoreInst = "Divider">   --->   Core 6 'Divider' <Latency = 67> <II = 1> <Delay = 5.27> <FuncUnit> <Opcode : 'udiv' 'sdiv' 'urem' 'srem'> <InPorts = 2> <OutPorts = 1>

State 34 <SV = 33> <Delay = 5.27>
ST_34 : Operation 130 [36/68] (5.27ns)   --->   "%sdiv_ln184 = sdiv i64 %hash_table_accumulator_accumulated_values_load, i64 %conv_i32_cast" [can_message_decoder.cpp:184]   --->   Operation 130 'sdiv' 'sdiv_ln184' <Predicate = true> <Delay = 5.27> <CoreInst = "Divider">   --->   Core 6 'Divider' <Latency = 67> <II = 1> <Delay = 5.27> <FuncUnit> <Opcode : 'udiv' 'sdiv' 'urem' 'srem'> <InPorts = 2> <OutPorts = 1>

State 35 <SV = 34> <Delay = 5.27>
ST_35 : Operation 131 [35/68] (5.27ns)   --->   "%sdiv_ln184 = sdiv i64 %hash_table_accumulator_accumulated_values_load, i64 %conv_i32_cast" [can_message_decoder.cpp:184]   --->   Operation 131 'sdiv' 'sdiv_ln184' <Predicate = true> <Delay = 5.27> <CoreInst = "Divider">   --->   Core 6 'Divider' <Latency = 67> <II = 1> <Delay = 5.27> <FuncUnit> <Opcode : 'udiv' 'sdiv' 'urem' 'srem'> <InPorts = 2> <OutPorts = 1>

State 36 <SV = 35> <Delay = 5.27>
ST_36 : Operation 132 [34/68] (5.27ns)   --->   "%sdiv_ln184 = sdiv i64 %hash_table_accumulator_accumulated_values_load, i64 %conv_i32_cast" [can_message_decoder.cpp:184]   --->   Operation 132 'sdiv' 'sdiv_ln184' <Predicate = true> <Delay = 5.27> <CoreInst = "Divider">   --->   Core 6 'Divider' <Latency = 67> <II = 1> <Delay = 5.27> <FuncUnit> <Opcode : 'udiv' 'sdiv' 'urem' 'srem'> <InPorts = 2> <OutPorts = 1>

State 37 <SV = 36> <Delay = 5.27>
ST_37 : Operation 133 [33/68] (5.27ns)   --->   "%sdiv_ln184 = sdiv i64 %hash_table_accumulator_accumulated_values_load, i64 %conv_i32_cast" [can_message_decoder.cpp:184]   --->   Operation 133 'sdiv' 'sdiv_ln184' <Predicate = true> <Delay = 5.27> <CoreInst = "Divider">   --->   Core 6 'Divider' <Latency = 67> <II = 1> <Delay = 5.27> <FuncUnit> <Opcode : 'udiv' 'sdiv' 'urem' 'srem'> <InPorts = 2> <OutPorts = 1>

State 38 <SV = 37> <Delay = 5.27>
ST_38 : Operation 134 [32/68] (5.27ns)   --->   "%sdiv_ln184 = sdiv i64 %hash_table_accumulator_accumulated_values_load, i64 %conv_i32_cast" [can_message_decoder.cpp:184]   --->   Operation 134 'sdiv' 'sdiv_ln184' <Predicate = true> <Delay = 5.27> <CoreInst = "Divider">   --->   Core 6 'Divider' <Latency = 67> <II = 1> <Delay = 5.27> <FuncUnit> <Opcode : 'udiv' 'sdiv' 'urem' 'srem'> <InPorts = 2> <OutPorts = 1>

State 39 <SV = 38> <Delay = 5.27>
ST_39 : Operation 135 [31/68] (5.27ns)   --->   "%sdiv_ln184 = sdiv i64 %hash_table_accumulator_accumulated_values_load, i64 %conv_i32_cast" [can_message_decoder.cpp:184]   --->   Operation 135 'sdiv' 'sdiv_ln184' <Predicate = true> <Delay = 5.27> <CoreInst = "Divider">   --->   Core 6 'Divider' <Latency = 67> <II = 1> <Delay = 5.27> <FuncUnit> <Opcode : 'udiv' 'sdiv' 'urem' 'srem'> <InPorts = 2> <OutPorts = 1>

State 40 <SV = 39> <Delay = 5.27>
ST_40 : Operation 136 [30/68] (5.27ns)   --->   "%sdiv_ln184 = sdiv i64 %hash_table_accumulator_accumulated_values_load, i64 %conv_i32_cast" [can_message_decoder.cpp:184]   --->   Operation 136 'sdiv' 'sdiv_ln184' <Predicate = true> <Delay = 5.27> <CoreInst = "Divider">   --->   Core 6 'Divider' <Latency = 67> <II = 1> <Delay = 5.27> <FuncUnit> <Opcode : 'udiv' 'sdiv' 'urem' 'srem'> <InPorts = 2> <OutPorts = 1>

State 41 <SV = 40> <Delay = 5.27>
ST_41 : Operation 137 [29/68] (5.27ns)   --->   "%sdiv_ln184 = sdiv i64 %hash_table_accumulator_accumulated_values_load, i64 %conv_i32_cast" [can_message_decoder.cpp:184]   --->   Operation 137 'sdiv' 'sdiv_ln184' <Predicate = true> <Delay = 5.27> <CoreInst = "Divider">   --->   Core 6 'Divider' <Latency = 67> <II = 1> <Delay = 5.27> <FuncUnit> <Opcode : 'udiv' 'sdiv' 'urem' 'srem'> <InPorts = 2> <OutPorts = 1>

State 42 <SV = 41> <Delay = 5.27>
ST_42 : Operation 138 [28/68] (5.27ns)   --->   "%sdiv_ln184 = sdiv i64 %hash_table_accumulator_accumulated_values_load, i64 %conv_i32_cast" [can_message_decoder.cpp:184]   --->   Operation 138 'sdiv' 'sdiv_ln184' <Predicate = true> <Delay = 5.27> <CoreInst = "Divider">   --->   Core 6 'Divider' <Latency = 67> <II = 1> <Delay = 5.27> <FuncUnit> <Opcode : 'udiv' 'sdiv' 'urem' 'srem'> <InPorts = 2> <OutPorts = 1>

State 43 <SV = 42> <Delay = 5.27>
ST_43 : Operation 139 [27/68] (5.27ns)   --->   "%sdiv_ln184 = sdiv i64 %hash_table_accumulator_accumulated_values_load, i64 %conv_i32_cast" [can_message_decoder.cpp:184]   --->   Operation 139 'sdiv' 'sdiv_ln184' <Predicate = true> <Delay = 5.27> <CoreInst = "Divider">   --->   Core 6 'Divider' <Latency = 67> <II = 1> <Delay = 5.27> <FuncUnit> <Opcode : 'udiv' 'sdiv' 'urem' 'srem'> <InPorts = 2> <OutPorts = 1>

State 44 <SV = 43> <Delay = 5.27>
ST_44 : Operation 140 [26/68] (5.27ns)   --->   "%sdiv_ln184 = sdiv i64 %hash_table_accumulator_accumulated_values_load, i64 %conv_i32_cast" [can_message_decoder.cpp:184]   --->   Operation 140 'sdiv' 'sdiv_ln184' <Predicate = true> <Delay = 5.27> <CoreInst = "Divider">   --->   Core 6 'Divider' <Latency = 67> <II = 1> <Delay = 5.27> <FuncUnit> <Opcode : 'udiv' 'sdiv' 'urem' 'srem'> <InPorts = 2> <OutPorts = 1>

State 45 <SV = 44> <Delay = 5.27>
ST_45 : Operation 141 [25/68] (5.27ns)   --->   "%sdiv_ln184 = sdiv i64 %hash_table_accumulator_accumulated_values_load, i64 %conv_i32_cast" [can_message_decoder.cpp:184]   --->   Operation 141 'sdiv' 'sdiv_ln184' <Predicate = true> <Delay = 5.27> <CoreInst = "Divider">   --->   Core 6 'Divider' <Latency = 67> <II = 1> <Delay = 5.27> <FuncUnit> <Opcode : 'udiv' 'sdiv' 'urem' 'srem'> <InPorts = 2> <OutPorts = 1>

State 46 <SV = 45> <Delay = 5.27>
ST_46 : Operation 142 [24/68] (5.27ns)   --->   "%sdiv_ln184 = sdiv i64 %hash_table_accumulator_accumulated_values_load, i64 %conv_i32_cast" [can_message_decoder.cpp:184]   --->   Operation 142 'sdiv' 'sdiv_ln184' <Predicate = true> <Delay = 5.27> <CoreInst = "Divider">   --->   Core 6 'Divider' <Latency = 67> <II = 1> <Delay = 5.27> <FuncUnit> <Opcode : 'udiv' 'sdiv' 'urem' 'srem'> <InPorts = 2> <OutPorts = 1>

State 47 <SV = 46> <Delay = 5.27>
ST_47 : Operation 143 [23/68] (5.27ns)   --->   "%sdiv_ln184 = sdiv i64 %hash_table_accumulator_accumulated_values_load, i64 %conv_i32_cast" [can_message_decoder.cpp:184]   --->   Operation 143 'sdiv' 'sdiv_ln184' <Predicate = true> <Delay = 5.27> <CoreInst = "Divider">   --->   Core 6 'Divider' <Latency = 67> <II = 1> <Delay = 5.27> <FuncUnit> <Opcode : 'udiv' 'sdiv' 'urem' 'srem'> <InPorts = 2> <OutPorts = 1>

State 48 <SV = 47> <Delay = 5.27>
ST_48 : Operation 144 [22/68] (5.27ns)   --->   "%sdiv_ln184 = sdiv i64 %hash_table_accumulator_accumulated_values_load, i64 %conv_i32_cast" [can_message_decoder.cpp:184]   --->   Operation 144 'sdiv' 'sdiv_ln184' <Predicate = true> <Delay = 5.27> <CoreInst = "Divider">   --->   Core 6 'Divider' <Latency = 67> <II = 1> <Delay = 5.27> <FuncUnit> <Opcode : 'udiv' 'sdiv' 'urem' 'srem'> <InPorts = 2> <OutPorts = 1>

State 49 <SV = 48> <Delay = 5.27>
ST_49 : Operation 145 [21/68] (5.27ns)   --->   "%sdiv_ln184 = sdiv i64 %hash_table_accumulator_accumulated_values_load, i64 %conv_i32_cast" [can_message_decoder.cpp:184]   --->   Operation 145 'sdiv' 'sdiv_ln184' <Predicate = true> <Delay = 5.27> <CoreInst = "Divider">   --->   Core 6 'Divider' <Latency = 67> <II = 1> <Delay = 5.27> <FuncUnit> <Opcode : 'udiv' 'sdiv' 'urem' 'srem'> <InPorts = 2> <OutPorts = 1>

State 50 <SV = 49> <Delay = 5.27>
ST_50 : Operation 146 [20/68] (5.27ns)   --->   "%sdiv_ln184 = sdiv i64 %hash_table_accumulator_accumulated_values_load, i64 %conv_i32_cast" [can_message_decoder.cpp:184]   --->   Operation 146 'sdiv' 'sdiv_ln184' <Predicate = true> <Delay = 5.27> <CoreInst = "Divider">   --->   Core 6 'Divider' <Latency = 67> <II = 1> <Delay = 5.27> <FuncUnit> <Opcode : 'udiv' 'sdiv' 'urem' 'srem'> <InPorts = 2> <OutPorts = 1>

State 51 <SV = 50> <Delay = 5.27>
ST_51 : Operation 147 [19/68] (5.27ns)   --->   "%sdiv_ln184 = sdiv i64 %hash_table_accumulator_accumulated_values_load, i64 %conv_i32_cast" [can_message_decoder.cpp:184]   --->   Operation 147 'sdiv' 'sdiv_ln184' <Predicate = true> <Delay = 5.27> <CoreInst = "Divider">   --->   Core 6 'Divider' <Latency = 67> <II = 1> <Delay = 5.27> <FuncUnit> <Opcode : 'udiv' 'sdiv' 'urem' 'srem'> <InPorts = 2> <OutPorts = 1>

State 52 <SV = 51> <Delay = 5.27>
ST_52 : Operation 148 [18/68] (5.27ns)   --->   "%sdiv_ln184 = sdiv i64 %hash_table_accumulator_accumulated_values_load, i64 %conv_i32_cast" [can_message_decoder.cpp:184]   --->   Operation 148 'sdiv' 'sdiv_ln184' <Predicate = true> <Delay = 5.27> <CoreInst = "Divider">   --->   Core 6 'Divider' <Latency = 67> <II = 1> <Delay = 5.27> <FuncUnit> <Opcode : 'udiv' 'sdiv' 'urem' 'srem'> <InPorts = 2> <OutPorts = 1>

State 53 <SV = 52> <Delay = 5.27>
ST_53 : Operation 149 [17/68] (5.27ns)   --->   "%sdiv_ln184 = sdiv i64 %hash_table_accumulator_accumulated_values_load, i64 %conv_i32_cast" [can_message_decoder.cpp:184]   --->   Operation 149 'sdiv' 'sdiv_ln184' <Predicate = true> <Delay = 5.27> <CoreInst = "Divider">   --->   Core 6 'Divider' <Latency = 67> <II = 1> <Delay = 5.27> <FuncUnit> <Opcode : 'udiv' 'sdiv' 'urem' 'srem'> <InPorts = 2> <OutPorts = 1>

State 54 <SV = 53> <Delay = 5.27>
ST_54 : Operation 150 [16/68] (5.27ns)   --->   "%sdiv_ln184 = sdiv i64 %hash_table_accumulator_accumulated_values_load, i64 %conv_i32_cast" [can_message_decoder.cpp:184]   --->   Operation 150 'sdiv' 'sdiv_ln184' <Predicate = true> <Delay = 5.27> <CoreInst = "Divider">   --->   Core 6 'Divider' <Latency = 67> <II = 1> <Delay = 5.27> <FuncUnit> <Opcode : 'udiv' 'sdiv' 'urem' 'srem'> <InPorts = 2> <OutPorts = 1>

State 55 <SV = 54> <Delay = 5.27>
ST_55 : Operation 151 [15/68] (5.27ns)   --->   "%sdiv_ln184 = sdiv i64 %hash_table_accumulator_accumulated_values_load, i64 %conv_i32_cast" [can_message_decoder.cpp:184]   --->   Operation 151 'sdiv' 'sdiv_ln184' <Predicate = true> <Delay = 5.27> <CoreInst = "Divider">   --->   Core 6 'Divider' <Latency = 67> <II = 1> <Delay = 5.27> <FuncUnit> <Opcode : 'udiv' 'sdiv' 'urem' 'srem'> <InPorts = 2> <OutPorts = 1>

State 56 <SV = 55> <Delay = 5.27>
ST_56 : Operation 152 [14/68] (5.27ns)   --->   "%sdiv_ln184 = sdiv i64 %hash_table_accumulator_accumulated_values_load, i64 %conv_i32_cast" [can_message_decoder.cpp:184]   --->   Operation 152 'sdiv' 'sdiv_ln184' <Predicate = true> <Delay = 5.27> <CoreInst = "Divider">   --->   Core 6 'Divider' <Latency = 67> <II = 1> <Delay = 5.27> <FuncUnit> <Opcode : 'udiv' 'sdiv' 'urem' 'srem'> <InPorts = 2> <OutPorts = 1>

State 57 <SV = 56> <Delay = 5.27>
ST_57 : Operation 153 [13/68] (5.27ns)   --->   "%sdiv_ln184 = sdiv i64 %hash_table_accumulator_accumulated_values_load, i64 %conv_i32_cast" [can_message_decoder.cpp:184]   --->   Operation 153 'sdiv' 'sdiv_ln184' <Predicate = true> <Delay = 5.27> <CoreInst = "Divider">   --->   Core 6 'Divider' <Latency = 67> <II = 1> <Delay = 5.27> <FuncUnit> <Opcode : 'udiv' 'sdiv' 'urem' 'srem'> <InPorts = 2> <OutPorts = 1>

State 58 <SV = 57> <Delay = 5.27>
ST_58 : Operation 154 [12/68] (5.27ns)   --->   "%sdiv_ln184 = sdiv i64 %hash_table_accumulator_accumulated_values_load, i64 %conv_i32_cast" [can_message_decoder.cpp:184]   --->   Operation 154 'sdiv' 'sdiv_ln184' <Predicate = true> <Delay = 5.27> <CoreInst = "Divider">   --->   Core 6 'Divider' <Latency = 67> <II = 1> <Delay = 5.27> <FuncUnit> <Opcode : 'udiv' 'sdiv' 'urem' 'srem'> <InPorts = 2> <OutPorts = 1>

State 59 <SV = 58> <Delay = 5.27>
ST_59 : Operation 155 [11/68] (5.27ns)   --->   "%sdiv_ln184 = sdiv i64 %hash_table_accumulator_accumulated_values_load, i64 %conv_i32_cast" [can_message_decoder.cpp:184]   --->   Operation 155 'sdiv' 'sdiv_ln184' <Predicate = true> <Delay = 5.27> <CoreInst = "Divider">   --->   Core 6 'Divider' <Latency = 67> <II = 1> <Delay = 5.27> <FuncUnit> <Opcode : 'udiv' 'sdiv' 'urem' 'srem'> <InPorts = 2> <OutPorts = 1>

State 60 <SV = 59> <Delay = 5.27>
ST_60 : Operation 156 [10/68] (5.27ns)   --->   "%sdiv_ln184 = sdiv i64 %hash_table_accumulator_accumulated_values_load, i64 %conv_i32_cast" [can_message_decoder.cpp:184]   --->   Operation 156 'sdiv' 'sdiv_ln184' <Predicate = true> <Delay = 5.27> <CoreInst = "Divider">   --->   Core 6 'Divider' <Latency = 67> <II = 1> <Delay = 5.27> <FuncUnit> <Opcode : 'udiv' 'sdiv' 'urem' 'srem'> <InPorts = 2> <OutPorts = 1>

State 61 <SV = 60> <Delay = 5.27>
ST_61 : Operation 157 [9/68] (5.27ns)   --->   "%sdiv_ln184 = sdiv i64 %hash_table_accumulator_accumulated_values_load, i64 %conv_i32_cast" [can_message_decoder.cpp:184]   --->   Operation 157 'sdiv' 'sdiv_ln184' <Predicate = true> <Delay = 5.27> <CoreInst = "Divider">   --->   Core 6 'Divider' <Latency = 67> <II = 1> <Delay = 5.27> <FuncUnit> <Opcode : 'udiv' 'sdiv' 'urem' 'srem'> <InPorts = 2> <OutPorts = 1>

State 62 <SV = 61> <Delay = 5.27>
ST_62 : Operation 158 [8/68] (5.27ns)   --->   "%sdiv_ln184 = sdiv i64 %hash_table_accumulator_accumulated_values_load, i64 %conv_i32_cast" [can_message_decoder.cpp:184]   --->   Operation 158 'sdiv' 'sdiv_ln184' <Predicate = true> <Delay = 5.27> <CoreInst = "Divider">   --->   Core 6 'Divider' <Latency = 67> <II = 1> <Delay = 5.27> <FuncUnit> <Opcode : 'udiv' 'sdiv' 'urem' 'srem'> <InPorts = 2> <OutPorts = 1>

State 63 <SV = 62> <Delay = 5.27>
ST_63 : Operation 159 [7/68] (5.27ns)   --->   "%sdiv_ln184 = sdiv i64 %hash_table_accumulator_accumulated_values_load, i64 %conv_i32_cast" [can_message_decoder.cpp:184]   --->   Operation 159 'sdiv' 'sdiv_ln184' <Predicate = true> <Delay = 5.27> <CoreInst = "Divider">   --->   Core 6 'Divider' <Latency = 67> <II = 1> <Delay = 5.27> <FuncUnit> <Opcode : 'udiv' 'sdiv' 'urem' 'srem'> <InPorts = 2> <OutPorts = 1>

State 64 <SV = 63> <Delay = 5.27>
ST_64 : Operation 160 [6/68] (5.27ns)   --->   "%sdiv_ln184 = sdiv i64 %hash_table_accumulator_accumulated_values_load, i64 %conv_i32_cast" [can_message_decoder.cpp:184]   --->   Operation 160 'sdiv' 'sdiv_ln184' <Predicate = true> <Delay = 5.27> <CoreInst = "Divider">   --->   Core 6 'Divider' <Latency = 67> <II = 1> <Delay = 5.27> <FuncUnit> <Opcode : 'udiv' 'sdiv' 'urem' 'srem'> <InPorts = 2> <OutPorts = 1>

State 65 <SV = 64> <Delay = 5.27>
ST_65 : Operation 161 [5/68] (5.27ns)   --->   "%sdiv_ln184 = sdiv i64 %hash_table_accumulator_accumulated_values_load, i64 %conv_i32_cast" [can_message_decoder.cpp:184]   --->   Operation 161 'sdiv' 'sdiv_ln184' <Predicate = true> <Delay = 5.27> <CoreInst = "Divider">   --->   Core 6 'Divider' <Latency = 67> <II = 1> <Delay = 5.27> <FuncUnit> <Opcode : 'udiv' 'sdiv' 'urem' 'srem'> <InPorts = 2> <OutPorts = 1>

State 66 <SV = 65> <Delay = 5.27>
ST_66 : Operation 162 [4/68] (5.27ns)   --->   "%sdiv_ln184 = sdiv i64 %hash_table_accumulator_accumulated_values_load, i64 %conv_i32_cast" [can_message_decoder.cpp:184]   --->   Operation 162 'sdiv' 'sdiv_ln184' <Predicate = true> <Delay = 5.27> <CoreInst = "Divider">   --->   Core 6 'Divider' <Latency = 67> <II = 1> <Delay = 5.27> <FuncUnit> <Opcode : 'udiv' 'sdiv' 'urem' 'srem'> <InPorts = 2> <OutPorts = 1>

State 67 <SV = 66> <Delay = 5.27>
ST_67 : Operation 163 [3/68] (5.27ns)   --->   "%sdiv_ln184 = sdiv i64 %hash_table_accumulator_accumulated_values_load, i64 %conv_i32_cast" [can_message_decoder.cpp:184]   --->   Operation 163 'sdiv' 'sdiv_ln184' <Predicate = true> <Delay = 5.27> <CoreInst = "Divider">   --->   Core 6 'Divider' <Latency = 67> <II = 1> <Delay = 5.27> <FuncUnit> <Opcode : 'udiv' 'sdiv' 'urem' 'srem'> <InPorts = 2> <OutPorts = 1>

State 68 <SV = 67> <Delay = 6.95>
ST_68 : Operation 164 [1/1] (0.00ns)   --->   "%zext_ln183 = zext i7 %j_1" [can_message_decoder.cpp:183]   --->   Operation 164 'zext' 'zext_ln183' <Predicate = true> <Delay = 0.00>
ST_68 : Operation 165 [1/1] (0.00ns) (grouped into TernaryAdder)   --->   "%add_ln183 = add i9 %zext_ln183, i9 %tmp" [can_message_decoder.cpp:183]   --->   Operation 165 'add' 'add_ln183' <Predicate = true> <Delay = 0.00> <CoreInst = "TAddSub">   --->   Core 10 'TAddSub' <Latency = 0> <II = 1> <Delay = 1.84> <IPBlock> <Opcode : '' 'add' 'sub'> <InPorts = 3> <OutPorts = 1> <Sync> <CReg>
ST_68 : Operation 166 [1/1] (3.69ns) (root node of TernaryAdder)   --->   "%add_ln183_1 = add i9 %add_ln183, i9 1" [can_message_decoder.cpp:183]   --->   Operation 166 'add' 'add_ln183_1' <Predicate = true> <Delay = 3.69> <CoreInst = "TAddSub">   --->   Core 10 'TAddSub' <Latency = 0> <II = 1> <Delay = 1.84> <IPBlock> <Opcode : '' 'add' 'sub'> <InPorts = 3> <OutPorts = 1> <Sync> <CReg>
ST_68 : Operation 167 [1/1] (0.00ns)   --->   "%zext_ln183_1 = zext i9 %add_ln183_1" [can_message_decoder.cpp:183]   --->   Operation 167 'zext' 'zext_ln183_1' <Predicate = true> <Delay = 0.00>
ST_68 : Operation 168 [1/1] (0.00ns)   --->   "%signal_def_mem_addr = getelementptr i80 %signal_def_mem, i64 0, i64 %zext_ln183_1" [can_message_decoder.cpp:183]   --->   Operation 168 'getelementptr' 'signal_def_mem_addr' <Predicate = true> <Delay = 0.00>
ST_68 : Operation 169 [2/2] (3.25ns)   --->   "%signal_def_mem_load = load i9 %signal_def_mem_addr" [can_message_decoder.cpp:183]   --->   Operation 169 'load' 'signal_def_mem_load' <Predicate = true> <Delay = 3.25> <CoreInst = "RAM">   --->   Core 81 'RAM' <Latency = 1> <II = 1> <Delay = 3.25> <Storage> <Opcode : 'load' 'store'> <Ports = 2> <Width = 80> <Depth = 512> <RAM>
ST_68 : Operation 170 [2/68] (5.27ns)   --->   "%sdiv_ln184 = sdiv i64 %hash_table_accumulator_accumulated_values_load, i64 %conv_i32_cast" [can_message_decoder.cpp:184]   --->   Operation 170 'sdiv' 'sdiv_ln184' <Predicate = true> <Delay = 5.27> <CoreInst = "Divider">   --->   Core 6 'Divider' <Latency = 67> <II = 1> <Delay = 5.27> <FuncUnit> <Opcode : 'udiv' 'sdiv' 'urem' 'srem'> <InPorts = 2> <OutPorts = 1>
ST_68 : Operation 186 [1/1] (1.58ns)   --->   "%ret_ln0 = ret"   --->   Operation 186 'ret' 'ret_ln0' <Predicate = (icmp_ln182)> <Delay = 1.58>

State 69 <SV = 68> <Delay = 8.52>
ST_69 : Operation 171 [1/1] (0.00ns)   --->   "%indvars_iv_load = load i7 %indvars_iv" [can_message_decoder.cpp:189]   --->   Operation 171 'load' 'indvars_iv_load' <Predicate = true> <Delay = 0.00>
ST_69 : Operation 172 [1/1] (0.00ns)   --->   "%zext_ln182 = zext i7 %indvars_iv_load" [can_message_decoder.cpp:182]   --->   Operation 172 'zext' 'zext_ln182' <Predicate = true> <Delay = 0.00>
ST_69 : Operation 173 [1/1] (0.00ns)   --->   "%specpipeline_ln182 = specpipeline void @_ssdm_op_SpecPipeline, i32 4294967295, i32 0, i32 0, i32 0, void @empty_3" [can_message_decoder.cpp:182]   --->   Operation 173 'specpipeline' 'specpipeline_ln182' <Predicate = true> <Delay = 0.00>
ST_69 : Operation 174 [1/1] (0.00ns)   --->   "%speclooptripcount_ln182 = speclooptripcount void @_ssdm_op_SpecLoopTripCount, i64 0, i64 127, i64 63" [can_message_decoder.cpp:182]   --->   Operation 174 'speclooptripcount' 'speclooptripcount_ln182' <Predicate = true> <Delay = 0.00>
ST_69 : Operation 175 [1/1] (0.00ns)   --->   "%specloopname_ln182 = specloopname void @_ssdm_op_SpecLoopName, void @empty_8" [can_message_decoder.cpp:182]   --->   Operation 175 'specloopname' 'specloopname_ln182' <Predicate = true> <Delay = 0.00>
ST_69 : Operation 176 [1/2] (3.25ns)   --->   "%signal_def_mem_load = load i9 %signal_def_mem_addr" [can_message_decoder.cpp:183]   --->   Operation 176 'load' 'signal_def_mem_load' <Predicate = true> <Delay = 3.25> <CoreInst = "RAM">   --->   Core 81 'RAM' <Latency = 1> <II = 1> <Delay = 3.25> <Storage> <Opcode : 'load' 'store'> <Ports = 2> <Width = 80> <Depth = 512> <RAM>
ST_69 : Operation 177 [1/1] (0.00ns)   --->   "%tmp_s = partselect i11 @_ssdm_op_PartSelect.i11.i80.i32.i32, i80 %signal_def_mem_load, i32 64, i32 74" [can_message_decoder.cpp:183]   --->   Operation 177 'partselect' 'tmp_s' <Predicate = true> <Delay = 0.00>
ST_69 : Operation 178 [1/68] (5.27ns)   --->   "%sdiv_ln184 = sdiv i64 %hash_table_accumulator_accumulated_values_load, i64 %conv_i32_cast" [can_message_decoder.cpp:184]   --->   Operation 178 'sdiv' 'sdiv_ln184' <Predicate = true> <Delay = 5.27> <CoreInst = "Divider">   --->   Core 6 'Divider' <Latency = 67> <II = 1> <Delay = 5.27> <FuncUnit> <Opcode : 'udiv' 'sdiv' 'urem' 'srem'> <InPorts = 2> <OutPorts = 1>
ST_69 : Operation 179 [1/1] (0.00ns)   --->   "%trunc_ln184 = trunc i32 %sdiv_ln184" [can_message_decoder.cpp:184]   --->   Operation 179 'trunc' 'trunc_ln184' <Predicate = true> <Delay = 0.00>
ST_69 : Operation 180 [1/1] (0.00ns)   --->   "%conv_i_partset = bitconcatenate i43 @_ssdm_op_BitConcatenate.i43.i32.i11, i32 %trunc_ln184, i11 %tmp_s" [can_message_decoder.cpp:184]   --->   Operation 180 'bitconcatenate' 'conv_i_partset' <Predicate = true> <Delay = 0.00>
ST_69 : Operation 181 [1/1] (0.00ns)   --->   "%decoded_signals_addr = getelementptr i43 %decoded_signals, i64 0, i64 %zext_ln182" [can_message_decoder.cpp:184]   --->   Operation 181 'getelementptr' 'decoded_signals_addr' <Predicate = true> <Delay = 0.00>
ST_69 : Operation 182 [1/1] (3.25ns)   --->   "%store_ln184 = store i43 %conv_i_partset, i7 %decoded_signals_addr" [can_message_decoder.cpp:184]   --->   Operation 182 'store' 'store_ln184' <Predicate = true> <Delay = 3.25> <CoreInst = "RAM">   --->   Core 81 'RAM' <Latency = 1> <II = 1> <Delay = 3.25> <Storage> <Opcode : 'load' 'store'> <Ports = 2> <Width = 43> <Depth = 68> <RAM>
ST_69 : Operation 183 [1/1] (1.87ns)   --->   "%add_ln189 = add i7 %indvars_iv_load, i7 1" [can_message_decoder.cpp:189]   --->   Operation 183 'add' 'add_ln189' <Predicate = true> <Delay = 1.87> <CoreInst = "Adder">   --->   Core 1 'Adder' <Latency = 0> <II = 1> <Delay = 1.87> <FuncUnit> <Opcode : 'add' 'sub'> <InPorts = 2> <OutPorts = 1>
ST_69 : Operation 184 [1/1] (1.58ns)   --->   "%store_ln189 = store i7 %add_ln189, i7 %indvars_iv" [can_message_decoder.cpp:189]   --->   Operation 184 'store' 'store_ln189' <Predicate = true> <Delay = 1.58>
ST_69 : Operation 185 [1/1] (0.00ns)   --->   "%br_ln182 = br void %for.inc120" [can_message_decoder.cpp:182]   --->   Operation 185 'br' 'br_ln182' <Predicate = true> <Delay = 0.00>


============================================================
+ Verbose Summary: Binding
============================================================
STG Binding: 
---------------- STG Properties BEGIN ----------------
- Is combinational: 0
- Is one-state seq: 0
- Is datapath-only: 0
- Is pipelined: 0
- Is top level: 0
Port [ Return ] is wired: 1; IO mode=ap_ctrl_hs:ce=0
Port [ empty_27]:  wired=1; compound=0; hidden=0; nouse=0; global=0; static=0; extern=0; dir=0; type=0; pingpong=0; private_global=0; IO mode=ap_none:ce=0
Port [ num_signals_150]:  wired=1; compound=0; hidden=0; nouse=0; global=0; static=0; extern=0; dir=0; type=0; pingpong=0; private_global=0; IO mode=ap_none:ce=0
Port [ mul_ln184]:  wired=1; compound=0; hidden=0; nouse=0; global=0; static=0; extern=0; dir=0; type=0; pingpong=0; private_global=0; IO mode=ap_none:ce=0
Port [ hash_table_accumulator_accumulated_values]:  wired=1; compound=1; hidden=0; nouse=0; global=0; static=0; extern=0; dir=2; type=1; pingpong=0; private_global=0; MemPort=[01]; IO mode=ap_memory:ce=0
Port [ empty]:  wired=1; compound=0; hidden=0; nouse=0; global=0; static=0; extern=0; dir=0; type=0; pingpong=0; private_global=0; IO mode=ap_none:ce=0
Port [ signal_def_mem]:  wired=1; compound=1; hidden=0; nouse=0; global=0; static=0; extern=0; dir=0; type=1; pingpong=0; private_global=0; MemPort=[13]; IO mode=ap_memory:ce=0
Port [ conv_i32]:  wired=1; compound=0; hidden=0; nouse=0; global=0; static=0; extern=0; dir=0; type=0; pingpong=0; private_global=0; IO mode=ap_none:ce=0
Port [ decoded_signals]:  wired=1; compound=1; hidden=0; nouse=0; global=0; static=0; extern=0; dir=1; type=1; pingpong=0; private_global=0; MemPort=[03]; IO mode=ap_memory:ce=0
---------------- STG Properties END ------------------

---------------- Datapath Model BEGIN ----------------

<LifeTime>
<method=bitvector/>
indvars_iv                                     (alloca           ) [ 0111111111111111111111111111111111111111111111111111111111111111111111]
j                                              (alloca           ) [ 0100000000000000000000000000000000000000000000000000000000000000000000]
conv_i32_read                                  (read             ) [ 0000000000000000000000000000000000000000000000000000000000000000000000]
tmp                                            (read             ) [ 0111111111111111111111111111111111111111111111111111111111111111111110]
mul_ln184_read                                 (read             ) [ 0000000000000000000000000000000000000000000000000000000000000000000000]
num_signals_150_read                           (read             ) [ 0000000000000000000000000000000000000000000000000000000000000000000000]
tmp_4                                          (read             ) [ 0000000000000000000000000000000000000000000000000000000000000000000000]
conv_i32_cast                                  (zext             ) [ 0111111111111111111111111111111111111111111111111111111111111111111111]
specinterface_ln0                              (specinterface    ) [ 0000000000000000000000000000000000000000000000000000000000000000000000]
specinterface_ln0                              (specinterface    ) [ 0000000000000000000000000000000000000000000000000000000000000000000000]
specinterface_ln0                              (specinterface    ) [ 0000000000000000000000000000000000000000000000000000000000000000000000]
store_ln182                                    (store            ) [ 0000000000000000000000000000000000000000000000000000000000000000000000]
store_ln0                                      (store            ) [ 0000000000000000000000000000000000000000000000000000000000000000000000]
br_ln0                                         (br               ) [ 0000000000000000000000000000000000000000000000000000000000000000000000]
j_1                                            (load             ) [ 0111111111111111111111111111111111111111111111111111111111111111111110]
icmp_ln182                                     (icmp             ) [ 0111111111111111111111111111111111111111111111111111111111111111111110]
add_ln182                                      (add              ) [ 0000000000000000000000000000000000000000000000000000000000000000000000]
br_ln182                                       (br               ) [ 0000000000000000000000000000000000000000000000000000000000000000000000]
zext_ln184                                     (zext             ) [ 0000000000000000000000000000000000000000000000000000000000000000000000]
add_ln184                                      (add              ) [ 0000000000000000000000000000000000000000000000000000000000000000000000]
zext_ln184_1                                   (zext             ) [ 0000000000000000000000000000000000000000000000000000000000000000000000]
hash_table_accumulator_accumulated_values_addr (getelementptr    ) [ 0110000000000000000000000000000000000000000000000000000000000000000000]
store_ln182                                    (store            ) [ 0000000000000000000000000000000000000000000000000000000000000000000000]
hash_table_accumulator_accumulated_values_load (load             ) [ 0101111111111111111111111111111111111111111111111111111111111111111111]
store_ln187                                    (store            ) [ 0000000000000000000000000000000000000000000000000000000000000000000000]
zext_ln183                                     (zext             ) [ 0000000000000000000000000000000000000000000000000000000000000000000000]
add_ln183                                      (add              ) [ 0000000000000000000000000000000000000000000000000000000000000000000000]
add_ln183_1                                    (add              ) [ 0000000000000000000000000000000000000000000000000000000000000000000000]
zext_ln183_1                                   (zext             ) [ 0000000000000000000000000000000000000000000000000000000000000000000000]
signal_def_mem_addr                            (getelementptr    ) [ 0100000000000000000000000000000000000000000000000000000000000000000001]
indvars_iv_load                                (load             ) [ 0000000000000000000000000000000000000000000000000000000000000000000000]
zext_ln182                                     (zext             ) [ 0000000000000000000000000000000000000000000000000000000000000000000000]
specpipeline_ln182                             (specpipeline     ) [ 0000000000000000000000000000000000000000000000000000000000000000000000]
speclooptripcount_ln182                        (speclooptripcount) [ 0000000000000000000000000000000000000000000000000000000000000000000000]
specloopname_ln182                             (specloopname     ) [ 0000000000000000000000000000000000000000000000000000000000000000000000]
signal_def_mem_load                            (load             ) [ 0000000000000000000000000000000000000000000000000000000000000000000000]
tmp_s                                          (partselect       ) [ 0000000000000000000000000000000000000000000000000000000000000000000000]
sdiv_ln184                                     (sdiv             ) [ 0000000000000000000000000000000000000000000000000000000000000000000000]
trunc_ln184                                    (trunc            ) [ 0000000000000000000000000000000000000000000000000000000000000000000000]
conv_i_partset                                 (bitconcatenate   ) [ 0000000000000000000000000000000000000000000000000000000000000000000000]
decoded_signals_addr                           (getelementptr    ) [ 0000000000000000000000000000000000000000000000000000000000000000000000]
store_ln184                                    (store            ) [ 0000000000000000000000000000000000000000000000000000000000000000000000]
add_ln189                                      (add              ) [ 0000000000000000000000000000000000000000000000000000000000000000000000]
store_ln189                                    (store            ) [ 0000000000000000000000000000000000000000000000000000000000000000000000]
br_ln182                                       (br               ) [ 0000000000000000000000000000000000000000000000000000000000000000000000]
ret_ln0                                        (ret              ) [ 0000000000000000000000000000000000000000000000000000000000000000000000]
</LifeTime>

<model>

<comp_list>
<comp id="0" class="1000" name="empty_27">
<pin_list>
<pin id="1" dir="1" index="0" bw="1" slack="0"/>
</pin_list>
<bind>
<StgValue><ssdm name="empty_27"/></StgValue>
</bind>
</comp>

<comp id="2" class="1000" name="num_signals_150">
<pin_list>
<pin id="3" dir="1" index="0" bw="1" slack="0"/>
</pin_list>
<bind>
<StgValue><ssdm name="num_signals_150"/></StgValue>
</bind>
</comp>

<comp id="4" class="1000" name="mul_ln184">
<pin_list>
<pin id="5" dir="1" index="0" bw="1" slack="0"/>
</pin_list>
<bind>
<StgValue><ssdm name="mul_ln184"/></StgValue>
</bind>
</comp>

<comp id="6" class="1000" name="hash_table_accumulator_accumulated_values">
<pin_list>
<pin id="7" dir="1" index="0" bw="1" slack="0"/>
</pin_list>
<bind>
<StgValue><ssdm name="hash_table_accumulator_accumulated_values"/><MemPortTyVec>0 1 </MemPortTyVec>
</StgValue>
</bind>
</comp>

<comp id="8" class="1000" name="empty">
<pin_list>
<pin id="9" dir="1" index="0" bw="1" slack="0"/>
</pin_list>
<bind>
<StgValue><ssdm name="empty"/></StgValue>
</bind>
</comp>

<comp id="10" class="1000" name="signal_def_mem">
<pin_list>
<pin id="11" dir="1" index="0" bw="1" slack="0"/>
</pin_list>
<bind>
<StgValue><ssdm name="signal_def_mem"/><MemPortTyVec>1 3 </MemPortTyVec>
</StgValue>
</bind>
</comp>

<comp id="12" class="1000" name="conv_i32">
<pin_list>
<pin id="13" dir="1" index="0" bw="1" slack="0"/>
</pin_list>
<bind>
<StgValue><ssdm name="conv_i32"/></StgValue>
</bind>
</comp>

<comp id="14" class="1000" name="decoded_signals">
<pin_list>
<pin id="15" dir="1" index="0" bw="1" slack="0"/>
</pin_list>
<bind>
<StgValue><ssdm name="decoded_signals"/><MemPortTyVec>0 3 </MemPortTyVec>
</StgValue>
</bind>
</comp>

<comp id="16" class="1001" name="const_16">
<pin_list>
<pin id="17" dir="1" index="0" bw="1" slack="0"/>
</pin_list>
<bind>
<StgValue><ssdm name=""/></StgValue>
</bind>
</comp>

<comp id="18" class="1001" name="const_18">
<pin_list>
<pin id="19" dir="1" index="0" bw="1" slack="0"/>
</pin_list>
<bind>
<StgValue><ssdm name="_ssdm_op_Read.ap_auto.i32"/></StgValue>
</bind>
</comp>

<comp id="20" class="1001" name="const_20">
<pin_list>
<pin id="21" dir="1" index="0" bw="1" slack="0"/>
</pin_list>
<bind>
<StgValue><ssdm name="_ssdm_op_Read.ap_auto.i9"/></StgValue>
</bind>
</comp>

<comp id="22" class="1001" name="const_22">
<pin_list>
<pin id="23" dir="1" index="0" bw="1" slack="0"/>
</pin_list>
<bind>
<StgValue><ssdm name="_ssdm_op_Read.ap_auto.i16"/></StgValue>
</bind>
</comp>

<comp id="24" class="1001" name="const_24">
<pin_list>
<pin id="25" dir="1" index="0" bw="1" slack="0"/>
</pin_list>
<bind>
<StgValue><ssdm name="_ssdm_op_Read.ap_auto.i7"/></StgValue>
</bind>
</comp>

<comp id="26" class="1001" name="const_26">
<pin_list>
<pin id="27" dir="1" index="0" bw="1" slack="2147483647"/>
</pin_list>
<bind>
<StgValue><ssdm name="_ssdm_op_SpecInterface"/></StgValue>
</bind>
</comp>

<comp id="28" class="1001" name="const_28">
<pin_list>
<pin id="29" dir="1" index="0" bw="1" slack="2147483647"/>
</pin_list>
<bind>
<StgValue><ssdm name="empty_5"/></StgValue>
</bind>
</comp>

<comp id="30" class="1001" name="const_30">
<pin_list>
<pin id="31" dir="1" index="0" bw="1" slack="2147483647"/>
</pin_list>
<bind>
<StgValue><ssdm name=""/></StgValue>
</bind>
</comp>

<comp id="32" class="1001" name="const_32">
<pin_list>
<pin id="33" dir="1" index="0" bw="1" slack="2147483647"/>
</pin_list>
<bind>
<StgValue><ssdm name="empty_3"/></StgValue>
</bind>
</comp>

<comp id="34" class="1001" name="const_34">
<pin_list>
<pin id="35" dir="1" index="0" bw="1" slack="2147483647"/>
</pin_list>
<bind>
<StgValue><ssdm name=""/></StgValue>
</bind>
</comp>

<comp id="36" class="1001" name="const_36">
<pin_list>
<pin id="37" dir="1" index="0" bw="1" slack="0"/>
</pin_list>
<bind>
<StgValue><ssdm name=""/></StgValue>
</bind>
</comp>

<comp id="38" class="1001" name="const_38">
<pin_list>
<pin id="39" dir="1" index="0" bw="1" slack="0"/>
</pin_list>
<bind>
<StgValue><ssdm name=""/></StgValue>
</bind>
</comp>

<comp id="40" class="1001" name="const_40">
<pin_list>
<pin id="41" dir="1" index="0" bw="1" slack="0"/>
</pin_list>
<bind>
<StgValue><ssdm name=""/></StgValue>
</bind>
</comp>

<comp id="42" class="1001" name="const_42">
<pin_list>
<pin id="43" dir="1" index="0" bw="1" slack="0"/>
</pin_list>
<bind>
<StgValue><ssdm name=""/></StgValue>
</bind>
</comp>

<comp id="44" class="1001" name="const_44">
<pin_list>
<pin id="45" dir="1" index="0" bw="1" slack="2147483647"/>
</pin_list>
<bind>
<StgValue><ssdm name="_ssdm_op_SpecPipeline"/></StgValue>
</bind>
</comp>

<comp id="46" class="1001" name="const_46">
<pin_list>
<pin id="47" dir="1" index="0" bw="1" slack="2147483647"/>
</pin_list>
<bind>
<StgValue><ssdm name="_ssdm_op_SpecLoopTripCount"/></StgValue>
</bind>
</comp>

<comp id="48" class="1001" name="const_48">
<pin_list>
<pin id="49" dir="1" index="0" bw="1" slack="2147483647"/>
</pin_list>
<bind>
<StgValue><ssdm name=""/></StgValue>
</bind>
</comp>

<comp id="50" class="1001" name="const_50">
<pin_list>
<pin id="51" dir="1" index="0" bw="1" slack="2147483647"/>
</pin_list>
<bind>
<StgValue><ssdm name=""/></StgValue>
</bind>
</comp>

<comp id="52" class="1001" name="const_52">
<pin_list>
<pin id="53" dir="1" index="0" bw="1" slack="2147483647"/>
</pin_list>
<bind>
<StgValue><ssdm name="_ssdm_op_SpecLoopName"/></StgValue>
</bind>
</comp>

<comp id="54" class="1001" name="const_54">
<pin_list>
<pin id="55" dir="1" index="0" bw="1" slack="2147483647"/>
</pin_list>
<bind>
<StgValue><ssdm name="empty_8"/></StgValue>
</bind>
</comp>

<comp id="56" class="1001" name="const_56">
<pin_list>
<pin id="57" dir="1" index="0" bw="1" slack="0"/>
</pin_list>
<bind>
<StgValue><ssdm name="_ssdm_op_PartSelect.i11.i80.i32.i32"/></StgValue>
</bind>
</comp>

<comp id="58" class="1001" name="const_58">
<pin_list>
<pin id="59" dir="1" index="0" bw="1" slack="0"/>
</pin_list>
<bind>
<StgValue><ssdm name=""/></StgValue>
</bind>
</comp>

<comp id="60" class="1001" name="const_60">
<pin_list>
<pin id="61" dir="1" index="0" bw="1" slack="0"/>
</pin_list>
<bind>
<StgValue><ssdm name=""/></StgValue>
</bind>
</comp>

<comp id="62" class="1001" name="const_62">
<pin_list>
<pin id="63" dir="1" index="0" bw="1" slack="0"/>
</pin_list>
<bind>
<StgValue><ssdm name="_ssdm_op_BitConcatenate.i43.i32.i11"/></StgValue>
</bind>
</comp>

<comp id="64" class="1004" name="indvars_iv_fu_64">
<pin_list>
<pin id="65" dir="0" index="0" bw="1" slack="0"/>
<pin id="66" dir="1" index="1" bw="7" slack="0"/>
</pin_list>
<bind>
<opcode="alloca(26) " fcode="alloca"/>
<opset="indvars_iv/1 "/>
</bind>
</comp>

<comp id="68" class="1004" name="j_fu_68">
<pin_list>
<pin id="69" dir="0" index="0" bw="1" slack="0"/>
<pin id="70" dir="1" index="1" bw="7" slack="0"/>
</pin_list>
<bind>
<opcode="alloca(26) " fcode="alloca"/>
<opset="j/1 "/>
</bind>
</comp>

<comp id="72" class="1004" name="conv_i32_read_read_fu_72">
<pin_list>
<pin id="73" dir="0" index="0" bw="32" slack="0"/>
<pin id="74" dir="0" index="1" bw="32" slack="0"/>
<pin id="75" dir="1" index="2" bw="32" slack="0"/>
</pin_list>
<bind>
<opcode="read(1150) " fcode="read"/>
<opset="conv_i32_read/1 "/>
</bind>
</comp>

<comp id="78" class="1004" name="tmp_read_fu_78">
<pin_list>
<pin id="79" dir="0" index="0" bw="9" slack="0"/>
<pin id="80" dir="0" index="1" bw="9" slack="0"/>
<pin id="81" dir="1" index="2" bw="9" slack="67"/>
</pin_list>
<bind>
<opcode="read(1150) " fcode="read"/>
<opset="tmp/1 "/>
</bind>
</comp>

<comp id="84" class="1004" name="mul_ln184_read_read_fu_84">
<pin_list>
<pin id="85" dir="0" index="0" bw="16" slack="0"/>
<pin id="86" dir="0" index="1" bw="16" slack="0"/>
<pin id="87" dir="1" index="2" bw="16" slack="0"/>
</pin_list>
<bind>
<opcode="read(1150) " fcode="read"/>
<opset="mul_ln184_read/1 "/>
</bind>
</comp>

<comp id="90" class="1004" name="num_signals_150_read_read_fu_90">
<pin_list>
<pin id="91" dir="0" index="0" bw="7" slack="0"/>
<pin id="92" dir="0" index="1" bw="7" slack="0"/>
<pin id="93" dir="1" index="2" bw="7" slack="0"/>
</pin_list>
<bind>
<opcode="read(1150) " fcode="read"/>
<opset="num_signals_150_read/1 "/>
</bind>
</comp>

<comp id="96" class="1004" name="tmp_4_read_fu_96">
<pin_list>
<pin id="97" dir="0" index="0" bw="7" slack="0"/>
<pin id="98" dir="0" index="1" bw="7" slack="0"/>
<pin id="99" dir="1" index="2" bw="7" slack="0"/>
</pin_list>
<bind>
<opcode="read(1150) " fcode="read"/>
<opset="tmp_4/1 "/>
</bind>
</comp>

<comp id="102" class="1004" name="hash_table_accumulator_accumulated_values_addr_gep_fu_102">
<pin_list>
<pin id="103" dir="0" index="0" bw="64" slack="0"/>
<pin id="104" dir="0" index="1" bw="1" slack="0"/>
<pin id="105" dir="0" index="2" bw="16" slack="0"/>
<pin id="106" dir="1" index="3" bw="16" slack="0"/>
</pin_list>
<bind>
<opcode="getelementptr(29) " fcode="getelementptr"/>
<opset="hash_table_accumulator_accumulated_values_addr/1 "/>
</bind>
</comp>

<comp id="109" class="1004" name="grp_access_fu_109">
<pin_list>
<pin id="110" dir="0" index="0" bw="16" slack="1"/>
<pin id="111" dir="0" index="1" bw="64" slack="0"/>
<pin id="112" dir="0" index="2" bw="0" slack="0"/>
<pin id="114" dir="0" index="4" bw="16" slack="2147483647"/>
<pin id="115" dir="0" index="5" bw="64" slack="2147483647"/>
<pin id="116" dir="0" index="6" bw="0" slack="2147483647"/>
<pin id="113" dir="1" index="3" bw="64" slack="2147483647"/>
<pin id="117" dir="1" index="7" bw="64" slack="0"/>
</pin_list>
<bind>
<opcode="load(27) store(28) " fcode="store"/>
<opset="hash_table_accumulator_accumulated_values_load/1 store_ln187/2 "/>
</bind>
</comp>

<comp id="120" class="1004" name="signal_def_mem_addr_gep_fu_120">
<pin_list>
<pin id="121" dir="0" index="0" bw="80" slack="0"/>
<pin id="122" dir="0" index="1" bw="1" slack="0"/>
<pin id="123" dir="0" index="2" bw="9" slack="0"/>
<pin id="124" dir="1" index="3" bw="9" slack="0"/>
</pin_list>
<bind>
<opcode="getelementptr(29) " fcode="getelementptr"/>
<opset="signal_def_mem_addr/68 "/>
</bind>
</comp>

<comp id="127" class="1004" name="grp_access_fu_127">
<pin_list>
<pin id="128" dir="0" index="0" bw="9" slack="0"/>
<pin id="129" dir="0" index="1" bw="80" slack="2147483647"/>
<pin id="130" dir="0" index="2" bw="0" slack="2147483647"/>
<pin id="131" dir="1" index="3" bw="80" slack="0"/>
</pin_list>
<bind>
<opcode="load(27) " fcode="load"/>
<opset="signal_def_mem_load/68 "/>
</bind>
</comp>

<comp id="133" class="1004" name="decoded_signals_addr_gep_fu_133">
<pin_list>
<pin id="134" dir="0" index="0" bw="43" slack="0"/>
<pin id="135" dir="0" index="1" bw="1" slack="0"/>
<pin id="136" dir="0" index="2" bw="7" slack="0"/>
<pin id="137" dir="1" index="3" bw="7" slack="0"/>
</pin_list>
<bind>
<opcode="getelementptr(29) " fcode="getelementptr"/>
<opset="decoded_signals_addr/69 "/>
</bind>
</comp>

<comp id="140" class="1004" name="store_ln184_access_fu_140">
<pin_list>
<pin id="141" dir="0" index="0" bw="7" slack="0"/>
<pin id="142" dir="0" index="1" bw="43" slack="0"/>
<pin id="143" dir="0" index="2" bw="0" slack="2147483647"/>
<pin id="144" dir="1" index="3" bw="43" slack="2147483647"/>
</pin_list>
<bind>
<opcode="store(28) " fcode="store"/>
<opset="store_ln184/69 "/>
</bind>
</comp>

<comp id="146" class="1004" name="conv_i32_cast_fu_146">
<pin_list>
<pin id="147" dir="0" index="0" bw="32" slack="0"/>
<pin id="148" dir="1" index="1" bw="64" slack="1"/>
</pin_list>
<bind>
<opcode="zext(34) " fcode="zext"/>
<opset="conv_i32_cast/1 "/>
</bind>
</comp>

<comp id="150" class="1004" name="store_ln182_store_fu_150">
<pin_list>
<pin id="151" dir="0" index="0" bw="1" slack="0"/>
<pin id="152" dir="0" index="1" bw="7" slack="0"/>
<pin id="153" dir="1" index="2" bw="0" slack="2147483647"/>
</pin_list>
<bind>
<opcode="store(28) " fcode="store"/>
<opset="store_ln182/1 "/>
</bind>
</comp>

<comp id="155" class="1004" name="store_ln0_store_fu_155">
<pin_list>
<pin id="156" dir="0" index="0" bw="7" slack="0"/>
<pin id="157" dir="0" index="1" bw="7" slack="0"/>
<pin id="158" dir="1" index="2" bw="0" slack="2147483647"/>
</pin_list>
<bind>
<opcode="store(28) " fcode="store"/>
<opset="store_ln0/1 "/>
</bind>
</comp>

<comp id="160" class="1004" name="j_1_load_fu_160">
<pin_list>
<pin id="161" dir="0" index="0" bw="7" slack="0"/>
<pin id="162" dir="1" index="1" bw="7" slack="0"/>
</pin_list>
<bind>
<opcode="load(27) " fcode="load"/>
<opset="j_1/1 "/>
</bind>
</comp>

<comp id="163" class="1004" name="icmp_ln182_fu_163">
<pin_list>
<pin id="164" dir="0" index="0" bw="7" slack="0"/>
<pin id="165" dir="0" index="1" bw="7" slack="0"/>
<pin id="166" dir="1" index="2" bw="1" slack="67"/>
</pin_list>
<bind>
<opcode="icmp(45) " fcode="icmp"/>
<opset="icmp_ln182/1 "/>
</bind>
</comp>

<comp id="169" class="1004" name="add_ln182_fu_169">
<pin_list>
<pin id="170" dir="0" index="0" bw="7" slack="0"/>
<pin id="171" dir="0" index="1" bw="1" slack="0"/>
<pin id="172" dir="1" index="2" bw="7" slack="0"/>
</pin_list>
<bind>
<opcode="add(8) " fcode="add"/>
<opset="add_ln182/1 "/>
</bind>
</comp>

<comp id="175" class="1004" name="zext_ln184_fu_175">
<pin_list>
<pin id="176" dir="0" index="0" bw="7" slack="0"/>
<pin id="177" dir="1" index="1" bw="16" slack="0"/>
</pin_list>
<bind>
<opcode="zext(34) " fcode="zext"/>
<opset="zext_ln184/1 "/>
</bind>
</comp>

<comp id="179" class="1004" name="add_ln184_fu_179">
<pin_list>
<pin id="180" dir="0" index="0" bw="16" slack="0"/>
<pin id="181" dir="0" index="1" bw="7" slack="0"/>
<pin id="182" dir="1" index="2" bw="16" slack="0"/>
</pin_list>
<bind>
<opcode="add(8) " fcode="add"/>
<opset="add_ln184/1 "/>
</bind>
</comp>

<comp id="185" class="1004" name="zext_ln184_1_fu_185">
<pin_list>
<pin id="186" dir="0" index="0" bw="16" slack="0"/>
<pin id="187" dir="1" index="1" bw="64" slack="0"/>
</pin_list>
<bind>
<opcode="zext(34) " fcode="zext"/>
<opset="zext_ln184_1/1 "/>
</bind>
</comp>

<comp id="190" class="1004" name="store_ln182_store_fu_190">
<pin_list>
<pin id="191" dir="0" index="0" bw="7" slack="0"/>
<pin id="192" dir="0" index="1" bw="7" slack="0"/>
<pin id="193" dir="1" index="2" bw="0" slack="2147483647"/>
</pin_list>
<bind>
<opcode="store(28) " fcode="store"/>
<opset="store_ln182/1 "/>
</bind>
</comp>

<comp id="195" class="1004" name="grp_fu_195">
<pin_list>
<pin id="196" dir="0" index="0" bw="64" slack="0"/>
<pin id="197" dir="0" index="1" bw="33" slack="1"/>
<pin id="198" dir="1" index="2" bw="32" slack="0"/>
</pin_list>
<bind>
<opcode="sdiv(15) " fcode="sdiv"/>
<opset="sdiv_ln184/2 "/>
</bind>
</comp>

<comp id="200" class="1004" name="zext_ln183_fu_200">
<pin_list>
<pin id="201" dir="0" index="0" bw="7" slack="67"/>
<pin id="202" dir="1" index="1" bw="9" slack="0"/>
</pin_list>
<bind>
<opcode="zext(34) " fcode="zext"/>
<opset="zext_ln183/68 "/>
</bind>
</comp>

<comp id="203" class="1004" name="add_ln183_fu_203">
<pin_list>
<pin id="204" dir="0" index="0" bw="7" slack="0"/>
<pin id="205" dir="0" index="1" bw="9" slack="67"/>
<pin id="206" dir="1" index="2" bw="9" slack="0"/>
</pin_list>
<bind>
<opcode="add(8) " fcode="add"/>
<opset="add_ln183/68 "/>
</bind>
</comp>

<comp id="208" class="1004" name="add_ln183_1_fu_208">
<pin_list>
<pin id="209" dir="0" index="0" bw="9" slack="0"/>
<pin id="210" dir="0" index="1" bw="1" slack="0"/>
<pin id="211" dir="1" index="2" bw="9" slack="0"/>
</pin_list>
<bind>
<opcode="add(8) " fcode="add"/>
<opset="add_ln183_1/68 "/>
</bind>
</comp>

<comp id="214" class="1004" name="zext_ln183_1_fu_214">
<pin_list>
<pin id="215" dir="0" index="0" bw="9" slack="0"/>
<pin id="216" dir="1" index="1" bw="64" slack="0"/>
</pin_list>
<bind>
<opcode="zext(34) " fcode="zext"/>
<opset="zext_ln183_1/68 "/>
</bind>
</comp>

<comp id="219" class="1004" name="indvars_iv_load_load_fu_219">
<pin_list>
<pin id="220" dir="0" index="0" bw="7" slack="68"/>
<pin id="221" dir="1" index="1" bw="7" slack="0"/>
</pin_list>
<bind>
<opcode="load(27) " fcode="load"/>
<opset="indvars_iv_load/69 "/>
</bind>
</comp>

<comp id="222" class="1004" name="zext_ln182_fu_222">
<pin_list>
<pin id="223" dir="0" index="0" bw="7" slack="0"/>
<pin id="224" dir="1" index="1" bw="64" slack="0"/>
</pin_list>
<bind>
<opcode="zext(34) " fcode="zext"/>
<opset="zext_ln182/69 "/>
</bind>
</comp>

<comp id="227" class="1004" name="tmp_s_fu_227">
<pin_list>
<pin id="228" dir="0" index="0" bw="11" slack="0"/>
<pin id="229" dir="0" index="1" bw="80" slack="0"/>
<pin id="230" dir="0" index="2" bw="8" slack="0"/>
<pin id="231" dir="0" index="3" bw="8" slack="0"/>
<pin id="232" dir="1" index="4" bw="11" slack="0"/>
</pin_list>
<bind>
<opcode="partselect(1002) " fcode="partselect"/>
<opset="tmp_s/69 "/>
</bind>
</comp>

<comp id="237" class="1004" name="trunc_ln184_fu_237">
<pin_list>
<pin id="238" dir="0" index="0" bw="32" slack="0"/>
<pin id="239" dir="1" index="1" bw="32" slack="0"/>
</pin_list>
<bind>
<opcode="trunc(33) " fcode="trunc"/>
<opset="trunc_ln184/69 "/>
</bind>
</comp>

<comp id="241" class="1004" name="conv_i_partset_fu_241">
<pin_list>
<pin id="242" dir="0" index="0" bw="43" slack="0"/>
<pin id="243" dir="0" index="1" bw="32" slack="0"/>
<pin id="244" dir="0" index="2" bw="11" slack="0"/>
<pin id="245" dir="1" index="3" bw="43" slack="0"/>
</pin_list>
<bind>
<opcode="bitconcatenate(1004) " fcode="bitconcatenate"/>
<opset="conv_i_partset/69 "/>
</bind>
</comp>

<comp id="250" class="1004" name="add_ln189_fu_250">
<pin_list>
<pin id="251" dir="0" index="0" bw="7" slack="0"/>
<pin id="252" dir="0" index="1" bw="1" slack="0"/>
<pin id="253" dir="1" index="2" bw="7" slack="0"/>
</pin_list>
<bind>
<opcode="add(8) " fcode="add"/>
<opset="add_ln189/69 "/>
</bind>
</comp>

<comp id="256" class="1004" name="store_ln189_store_fu_256">
<pin_list>
<pin id="257" dir="0" index="0" bw="7" slack="0"/>
<pin id="258" dir="0" index="1" bw="7" slack="68"/>
<pin id="259" dir="1" index="2" bw="0" slack="2147483647"/>
</pin_list>
<bind>
<opcode="store(28) " fcode="store"/>
<opset="store_ln189/69 "/>
</bind>
</comp>

<comp id="261" class="1005" name="indvars_iv_reg_261">
<pin_list>
<pin id="262" dir="0" index="0" bw="7" slack="0"/>
<pin id="263" dir="1" index="1" bw="7" slack="0"/>
</pin_list>
<bind>
<opset="indvars_iv "/>
</bind>
</comp>

<comp id="268" class="1005" name="j_reg_268">
<pin_list>
<pin id="269" dir="0" index="0" bw="7" slack="0"/>
<pin id="270" dir="1" index="1" bw="7" slack="0"/>
</pin_list>
<bind>
<opset="j "/>
</bind>
</comp>

<comp id="275" class="1005" name="tmp_reg_275">
<pin_list>
<pin id="276" dir="0" index="0" bw="9" slack="67"/>
<pin id="277" dir="1" index="1" bw="9" slack="67"/>
</pin_list>
<bind>
<opset="tmp "/>
</bind>
</comp>

<comp id="280" class="1005" name="conv_i32_cast_reg_280">
<pin_list>
<pin id="281" dir="0" index="0" bw="64" slack="1"/>
<pin id="282" dir="1" index="1" bw="64" slack="1"/>
</pin_list>
<bind>
<opset="conv_i32_cast "/>
</bind>
</comp>

<comp id="285" class="1005" name="j_1_reg_285">
<pin_list>
<pin id="286" dir="0" index="0" bw="7" slack="67"/>
<pin id="287" dir="1" index="1" bw="7" slack="67"/>
</pin_list>
<bind>
<opset="j_1 "/>
</bind>
</comp>

<comp id="290" class="1005" name="icmp_ln182_reg_290">
<pin_list>
<pin id="291" dir="0" index="0" bw="1" slack="67"/>
<pin id="292" dir="1" index="1" bw="1" slack="2147483647"/>
</pin_list>
<bind>
<opset="icmp_ln182 "/>
</bind>
</comp>

<comp id="294" class="1005" name="hash_table_accumulator_accumulated_values_addr_reg_294">
<pin_list>
<pin id="295" dir="0" index="0" bw="16" slack="1"/>
<pin id="296" dir="1" index="1" bw="16" slack="1"/>
</pin_list>
<bind>
<opset="hash_table_accumulator_accumulated_values_addr "/>
</bind>
</comp>

<comp id="300" class="1005" name="hash_table_accumulator_accumulated_values_load_reg_300">
<pin_list>
<pin id="301" dir="0" index="0" bw="64" slack="1"/>
<pin id="302" dir="1" index="1" bw="64" slack="1"/>
</pin_list>
<bind>
<opset="hash_table_accumulator_accumulated_values_load "/>
</bind>
</comp>

<comp id="305" class="1005" name="signal_def_mem_addr_reg_305">
<pin_list>
<pin id="306" dir="0" index="0" bw="9" slack="1"/>
<pin id="307" dir="1" index="1" bw="9" slack="1"/>
</pin_list>
<bind>
<opset="signal_def_mem_addr "/>
</bind>
</comp>

</comp_list>

<net_list>
<net id="67"><net_src comp="16" pin="0"/><net_sink comp="64" pin=0"/></net>

<net id="71"><net_src comp="16" pin="0"/><net_sink comp="68" pin=0"/></net>

<net id="76"><net_src comp="18" pin="0"/><net_sink comp="72" pin=0"/></net>

<net id="77"><net_src comp="12" pin="0"/><net_sink comp="72" pin=1"/></net>

<net id="82"><net_src comp="20" pin="0"/><net_sink comp="78" pin=0"/></net>

<net id="83"><net_src comp="8" pin="0"/><net_sink comp="78" pin=1"/></net>

<net id="88"><net_src comp="22" pin="0"/><net_sink comp="84" pin=0"/></net>

<net id="89"><net_src comp="4" pin="0"/><net_sink comp="84" pin=1"/></net>

<net id="94"><net_src comp="24" pin="0"/><net_sink comp="90" pin=0"/></net>

<net id="95"><net_src comp="2" pin="0"/><net_sink comp="90" pin=1"/></net>

<net id="100"><net_src comp="24" pin="0"/><net_sink comp="96" pin=0"/></net>

<net id="101"><net_src comp="0" pin="0"/><net_sink comp="96" pin=1"/></net>

<net id="107"><net_src comp="6" pin="0"/><net_sink comp="102" pin=0"/></net>

<net id="108"><net_src comp="40" pin="0"/><net_sink comp="102" pin=1"/></net>

<net id="118"><net_src comp="102" pin="3"/><net_sink comp="109" pin=2"/></net>

<net id="119"><net_src comp="40" pin="0"/><net_sink comp="109" pin=1"/></net>

<net id="125"><net_src comp="10" pin="0"/><net_sink comp="120" pin=0"/></net>

<net id="126"><net_src comp="40" pin="0"/><net_sink comp="120" pin=1"/></net>

<net id="132"><net_src comp="120" pin="3"/><net_sink comp="127" pin=0"/></net>

<net id="138"><net_src comp="14" pin="0"/><net_sink comp="133" pin=0"/></net>

<net id="139"><net_src comp="40" pin="0"/><net_sink comp="133" pin=1"/></net>

<net id="145"><net_src comp="133" pin="3"/><net_sink comp="140" pin=0"/></net>

<net id="149"><net_src comp="72" pin="2"/><net_sink comp="146" pin=0"/></net>

<net id="154"><net_src comp="36" pin="0"/><net_sink comp="150" pin=0"/></net>

<net id="159"><net_src comp="96" pin="2"/><net_sink comp="155" pin=0"/></net>

<net id="167"><net_src comp="160" pin="1"/><net_sink comp="163" pin=0"/></net>

<net id="168"><net_src comp="90" pin="2"/><net_sink comp="163" pin=1"/></net>

<net id="173"><net_src comp="160" pin="1"/><net_sink comp="169" pin=0"/></net>

<net id="174"><net_src comp="38" pin="0"/><net_sink comp="169" pin=1"/></net>

<net id="178"><net_src comp="160" pin="1"/><net_sink comp="175" pin=0"/></net>

<net id="183"><net_src comp="84" pin="2"/><net_sink comp="179" pin=0"/></net>

<net id="184"><net_src comp="175" pin="1"/><net_sink comp="179" pin=1"/></net>

<net id="188"><net_src comp="179" pin="2"/><net_sink comp="185" pin=0"/></net>

<net id="189"><net_src comp="185" pin="1"/><net_sink comp="102" pin=2"/></net>

<net id="194"><net_src comp="169" pin="2"/><net_sink comp="190" pin=0"/></net>

<net id="199"><net_src comp="109" pin="7"/><net_sink comp="195" pin=0"/></net>

<net id="207"><net_src comp="200" pin="1"/><net_sink comp="203" pin=0"/></net>

<net id="212"><net_src comp="203" pin="2"/><net_sink comp="208" pin=0"/></net>

<net id="213"><net_src comp="42" pin="0"/><net_sink comp="208" pin=1"/></net>

<net id="217"><net_src comp="208" pin="2"/><net_sink comp="214" pin=0"/></net>

<net id="218"><net_src comp="214" pin="1"/><net_sink comp="120" pin=2"/></net>

<net id="225"><net_src comp="219" pin="1"/><net_sink comp="222" pin=0"/></net>

<net id="226"><net_src comp="222" pin="1"/><net_sink comp="133" pin=2"/></net>

<net id="233"><net_src comp="56" pin="0"/><net_sink comp="227" pin=0"/></net>

<net id="234"><net_src comp="127" pin="3"/><net_sink comp="227" pin=1"/></net>

<net id="235"><net_src comp="58" pin="0"/><net_sink comp="227" pin=2"/></net>

<net id="236"><net_src comp="60" pin="0"/><net_sink comp="227" pin=3"/></net>

<net id="240"><net_src comp="195" pin="2"/><net_sink comp="237" pin=0"/></net>

<net id="246"><net_src comp="62" pin="0"/><net_sink comp="241" pin=0"/></net>

<net id="247"><net_src comp="237" pin="1"/><net_sink comp="241" pin=1"/></net>

<net id="248"><net_src comp="227" pin="4"/><net_sink comp="241" pin=2"/></net>

<net id="249"><net_src comp="241" pin="3"/><net_sink comp="140" pin=1"/></net>

<net id="254"><net_src comp="219" pin="1"/><net_sink comp="250" pin=0"/></net>

<net id="255"><net_src comp="38" pin="0"/><net_sink comp="250" pin=1"/></net>

<net id="260"><net_src comp="250" pin="2"/><net_sink comp="256" pin=0"/></net>

<net id="264"><net_src comp="64" pin="1"/><net_sink comp="261" pin=0"/></net>

<net id="265"><net_src comp="261" pin="1"/><net_sink comp="155" pin=1"/></net>

<net id="266"><net_src comp="261" pin="1"/><net_sink comp="219" pin=0"/></net>

<net id="267"><net_src comp="261" pin="1"/><net_sink comp="256" pin=1"/></net>

<net id="271"><net_src comp="68" pin="1"/><net_sink comp="268" pin=0"/></net>

<net id="272"><net_src comp="268" pin="1"/><net_sink comp="150" pin=1"/></net>

<net id="273"><net_src comp="268" pin="1"/><net_sink comp="160" pin=0"/></net>

<net id="274"><net_src comp="268" pin="1"/><net_sink comp="190" pin=1"/></net>

<net id="278"><net_src comp="78" pin="2"/><net_sink comp="275" pin=0"/></net>

<net id="279"><net_src comp="275" pin="1"/><net_sink comp="203" pin=1"/></net>

<net id="283"><net_src comp="146" pin="1"/><net_sink comp="280" pin=0"/></net>

<net id="284"><net_src comp="280" pin="1"/><net_sink comp="195" pin=1"/></net>

<net id="288"><net_src comp="160" pin="1"/><net_sink comp="285" pin=0"/></net>

<net id="289"><net_src comp="285" pin="1"/><net_sink comp="200" pin=0"/></net>

<net id="293"><net_src comp="163" pin="2"/><net_sink comp="290" pin=0"/></net>

<net id="297"><net_src comp="102" pin="3"/><net_sink comp="294" pin=0"/></net>

<net id="298"><net_src comp="294" pin="1"/><net_sink comp="109" pin=2"/></net>

<net id="299"><net_src comp="294" pin="1"/><net_sink comp="109" pin=0"/></net>

<net id="303"><net_src comp="109" pin="7"/><net_sink comp="300" pin=0"/></net>

<net id="304"><net_src comp="300" pin="1"/><net_sink comp="195" pin=0"/></net>

<net id="308"><net_src comp="120" pin="3"/><net_sink comp="305" pin=0"/></net>

<net id="309"><net_src comp="305" pin="1"/><net_sink comp="127" pin=0"/></net>

</net_list>

</model> 
---------------- Datapath Model END ------------------

* FSMD analyzer results:
  - Output states:
	Port: hash_table_accumulator_accumulated_values | {2 }
	Port: decoded_signals | {69 }
 - Input state : 
	Port: decode_can_message_Pipeline_VITIS_LOOP_182_4 : empty_27 | {1 }
	Port: decode_can_message_Pipeline_VITIS_LOOP_182_4 : num_signals_150 | {1 }
	Port: decode_can_message_Pipeline_VITIS_LOOP_182_4 : mul_ln184 | {1 }
	Port: decode_can_message_Pipeline_VITIS_LOOP_182_4 : hash_table_accumulator_accumulated_values | {1 2 }
	Port: decode_can_message_Pipeline_VITIS_LOOP_182_4 : empty | {1 }
	Port: decode_can_message_Pipeline_VITIS_LOOP_182_4 : signal_def_mem | {68 69 }
	Port: decode_can_message_Pipeline_VITIS_LOOP_182_4 : conv_i32 | {1 }
  - Chain level:
	State 1
		store_ln182 : 1
		j_1 : 1
		icmp_ln182 : 2
		add_ln182 : 2
		br_ln182 : 3
		zext_ln184 : 2
		add_ln184 : 3
		zext_ln184_1 : 4
		hash_table_accumulator_accumulated_values_addr : 5
		hash_table_accumulator_accumulated_values_load : 6
		store_ln182 : 3
	State 2
		sdiv_ln184 : 1
	State 3
	State 4
	State 5
	State 6
	State 7
	State 8
	State 9
	State 10
	State 11
	State 12
	State 13
	State 14
	State 15
	State 16
	State 17
	State 18
	State 19
	State 20
	State 21
	State 22
	State 23
	State 24
	State 25
	State 26
	State 27
	State 28
	State 29
	State 30
	State 31
	State 32
	State 33
	State 34
	State 35
	State 36
	State 37
	State 38
	State 39
	State 40
	State 41
	State 42
	State 43
	State 44
	State 45
	State 46
	State 47
	State 48
	State 49
	State 50
	State 51
	State 52
	State 53
	State 54
	State 55
	State 56
	State 57
	State 58
	State 59
	State 60
	State 61
	State 62
	State 63
	State 64
	State 65
	State 66
	State 67
	State 68
		add_ln183 : 1
		add_ln183_1 : 2
		zext_ln183_1 : 3
		signal_def_mem_addr : 4
		signal_def_mem_load : 5
	State 69
		zext_ln182 : 1
		tmp_s : 1
		trunc_ln184 : 1
		conv_i_partset : 2
		decoded_signals_addr : 2
		store_ln184 : 3
		add_ln189 : 1
		store_ln189 : 2


============================================================
+ Verbose Summary: Datapath Resource usage 
============================================================

* Functional unit list:
|----------|---------------------------------|---------|---------|
| Operation|         Functional Unit         |    FF   |   LUT   |
|----------|---------------------------------|---------|---------|
|   sdiv   |            grp_fu_195           |   8651  |   6607  |
|----------|---------------------------------|---------|---------|
|          |         add_ln182_fu_169        |    0    |    14   |
|          |         add_ln184_fu_179        |    0    |    23   |
|    add   |         add_ln183_fu_203        |    0    |    9    |
|          |        add_ln183_1_fu_208       |    0    |    9    |
|          |         add_ln189_fu_250        |    0    |    14   |
|----------|---------------------------------|---------|---------|
|   icmp   |        icmp_ln182_fu_163        |    0    |    14   |
|----------|---------------------------------|---------|---------|
|          |     conv_i32_read_read_fu_72    |    0    |    0    |
|          |          tmp_read_fu_78         |    0    |    0    |
|   read   |    mul_ln184_read_read_fu_84    |    0    |    0    |
|          | num_signals_150_read_read_fu_90 |    0    |    0    |
|          |         tmp_4_read_fu_96        |    0    |    0    |
|----------|---------------------------------|---------|---------|
|          |       conv_i32_cast_fu_146      |    0    |    0    |
|          |        zext_ln184_fu_175        |    0    |    0    |
|   zext   |       zext_ln184_1_fu_185       |    0    |    0    |
|          |        zext_ln183_fu_200        |    0    |    0    |
|          |       zext_ln183_1_fu_214       |    0    |    0    |
|          |        zext_ln182_fu_222        |    0    |    0    |
|----------|---------------------------------|---------|---------|
|partselect|           tmp_s_fu_227          |    0    |    0    |
|----------|---------------------------------|---------|---------|
|   trunc  |        trunc_ln184_fu_237       |    0    |    0    |
|----------|---------------------------------|---------|---------|
|bitconcatenate|      conv_i_partset_fu_241      |    0    |    0    |
|----------|---------------------------------|---------|---------|
|   Total  |                                 |   8651  |   6690  |
|----------|---------------------------------|---------|---------|

Memories:
N/A

* Register list:
+------------------------------------------------------+--------+
|                                                      |   FF   |
+------------------------------------------------------+--------+
|                 conv_i32_cast_reg_280                |   64   |
|hash_table_accumulator_accumulated_values_addr_reg_294|   16   |
|hash_table_accumulator_accumulated_values_load_reg_300|   64   |
|                  icmp_ln182_reg_290                  |    1   |
|                  indvars_iv_reg_261                  |    7   |
|                      j_1_reg_285                     |    7   |
|                       j_reg_268                      |    7   |
|              signal_def_mem_addr_reg_305             |    9   |
|                      tmp_reg_275                     |    9   |
+------------------------------------------------------+--------+
|                         Total                        |   184  |
+------------------------------------------------------+--------+

* Multiplexer (MUX) list: 
|-------------------|------|------|------|--------||---------||---------||---------|
|        Comp       |  Pin | Size |  BW  | S x BW ||  Delay  ||    FF   ||   LUT   |
|-------------------|------|------|------|--------||---------||---------||---------|
| grp_access_fu_109 |  p2  |   2  |   0  |    0   ||    0    ||    9    |
| grp_access_fu_127 |  p0  |   2  |   9  |   18   ||    0    ||    9    |
|     grp_fu_195    |  p0  |   2  |  64  |   128  ||    0    ||    9    |
|-------------------|------|------|------|--------||---------||---------||---------|
|       Total       |      |      |      |   146  ||  4.764  ||    0    ||    27   |
|-------------------|------|------|------|--------||---------||---------||---------|



* Summary:
+-----------+--------+--------+--------+
|           |  Delay |   FF   |   LUT  |
+-----------+--------+--------+--------+
|  Function |    -   |  8651  |  6690  |
|   Memory  |    -   |    -   |    -   |
|Multiplexer|    4   |    0   |   27   |
|  Register |    -   |   184  |    -   |
+-----------+--------+--------+--------+
|   Total   |    4   |  8835  |  6717  |
+-----------+--------+--------+--------+
