Conversion Warnings Log


MSG_ID: 176 	MSG_TYPE: S 	MSG_NAME: M176_Fast_Info
	SIG_NAME: INV_Fast_Torque_Command, STATUS: Invalid Max or Min value., ACTION: Value Set to default

MSG_ID: 123 	MSG_TYPE: S 	MSG_NAME: VCU_vehicleInfo100Hz
	SIG_NAME: VCU_verticalAcceleration, STATUS: Invalid Max or Min value., ACTION: Value Set to default
	SIG_NAME: VCU_longitudinalAcceleration, STATUS: Invalid Max or Min value., ACTION: Value Set to default
	SIG_NAME: VCU_lateralAcceleration, STATUS: Invalid Max or Min value., ACTION: Value Set to default

MSG_ID: 1606 	MSG_TYPE: S 	MSG_NAME: VCU_vehicleState10Hz
	SIG_NAME: VCU_warningSource, STATUS: Invalid Max or Min value., ACTION: Value Set to default

MSG_ID: 1604 	MSG_TYPE: S 	MSG_NAME: VCU_vehicleInfo10Hz
	SIG_NAME: VCU_vcuBatteryVoltage, STATUS: Invalid Max or Min value., ACTION: Value Set to default

MSG_ID: 281 	MSG_TYPE: S 	MSG_NAME: VCU_pdmVechicleState
	SIG_NAME: VCU_warningSource, STATUS: Invalid Max or Min value., ACTION: Value Set to default
	SIG_NAME: VCU_readyToDriveState, STATUS: Invalid Max or Min value., ACTION: Value Set to default
	SIG_NAME: VCU_driverRotarySwitch2, STATUS: Invalid Max or Min value., ACTION: Value Set to default
	SIG_NAME: VCU_driverRotarySwitch1, STATUS: Invalid Max or Min value., ACTION: Value Set to default
	SIG_NAME: VCU_brakeState, STATUS: Invalid Max or Min value., ACTION: Value Set to default

MSG_ID: 280 	MSG_TYPE: S 	MSG_NAME: VCU_pdmVechicleInfo
	SIG_NAME: VCU_motorCoolantTempIn, STATUS: Invalid Max or Min value., ACTION: Value Set to default
	SIG_NAME: VCU_radCoolantTempOut, STATUS: Invalid Max or Min value., ACTION: Value Set to default
	SIG_NAME: VCU_radCoolantTempIn, STATUS: Invalid Max or Min value., ACTION: Value Set to default
	SIG_NAME: VCU_motorCoolantTempOut, STATUS: Invalid Max or Min value., ACTION: Value Set to default
	SIG_NAME: VCU_mcCoolantTempOut, STATUS: Invalid Max or Min value., ACTION: Value Set to default
	SIG_NAME: VCU_mcCoolantTempIn, STATUS: Invalid Max or Min value., ACTION: Value Set to default
	SIG_NAME: VCU_accuCoolantTempOut, STATUS: Invalid Max or Min value., ACTION: Value Set to default
	SIG_NAME: VCU_accuCoolantTempIn, STATUS: Invalid Max or Min value., ACTION: Value Set to default
