INFO: [v++ 60-1548] Creating build summary session with primary output C:/Users/flaud/Documents/GitHub/LiveTelemetry/FPGA/CAN_Decoder_Hardware/CAN_decoder/CAN_decoder\CAN_decoder.hlscompile_summary, at 12/11/24 16:49:21
INFO: [v++ 82-31] Launching vitis_hls: vitis_hls -nolog -run csynth -work_dir C:/Users/flaud/Documents/GitHub/LiveTelemetry/FPGA/CAN_Decoder_Hardware/CAN_decoder/CAN_decoder -config C:/Users/flaud/Documents/GitHub/LiveTelemetry/FPGA/CAN_Decoder_Hardware/CAN_decoder/hls_config.cfg -cmdlineconfig C:/Users/flaud/Documents/GitHub/LiveTelemetry/FPGA/CAN_Decoder_Hardware/CAN_decoder/CAN_decoder/hls/config.cmdline

****** Vitis HLS - High-Level Synthesis from C, C++ and OpenCL v2024.1.2 (64-bit)
  **** SW Build 5096458 on Sep  5 2024
  **** IP Build 5164407 on Fri Sep  6 08:18:11 MDT 2024
  **** SharedData Build 5164864 on Thu Sep 05 13:09:09 MDT 2024
  **** Start of session at: Wed Dec 11 16:49:26 2024
    ** Copyright 1986-2022 Xilinx, Inc. All Rights Reserved.
    ** Copyright 2022-2024 Advanced Micro Devices, Inc. All Rights Reserved.

source C:/Xilinx/2024.1/Vitis_HLS/2024.1/scripts/vitis_hls/hls.tcl -notrace
INFO: [HLS 200-10] For user 'flaud' on host 'jackzenbook' (Windows NT_amd64 version 10.0) on Wed Dec 11 16:49:33 -0500 2024
INFO: [HLS 200-10] In directory 'C:/Users/flaud/Documents/GitHub/LiveTelemetry/FPGA/CAN_Decoder_Hardware/CAN_decoder'
INFO: [HLS 200-2005] Using work_dir C:/Users/flaud/Documents/GitHub/LiveTelemetry/FPGA/CAN_Decoder_Hardware/CAN_decoder/CAN_decoder 
INFO: [HLS 200-1505] Using default flow_target 'vivado'
Resolution: For help on HLS 200-1505 see docs.xilinx.com/access/sources/dita/topic?Doc_Version=2024.1%20English&url=ug1448-hls-guidance&resourceid=200-1505.html
INFO: [HLS 200-1465] Applying ini 'syn.file=C:/Users/flaud/Documents/GitHub/LiveTelemetry/FPGA/CAN_Decoder_Hardware/CAN_decoder/can_message_decoder.cpp' from C:/Users/flaud/Documents/GitHub/LiveTelemetry/FPGA/CAN_Decoder_Hardware/CAN_decoder/hls_config.cfg(13)
INFO: [HLS 200-10] Adding design file 'C:/Users/flaud/Documents/GitHub/LiveTelemetry/FPGA/CAN_Decoder_Hardware/CAN_decoder/can_message_decoder.cpp' to the project
INFO: [HLS 200-1465] Applying ini 'tb.file=C:/Users/flaud/Documents/GitHub/LiveTelemetry/FPGA/CAN_Decoder_Hardware/CAN_decoder/testbench.cpp' from C:/Users/flaud/Documents/GitHub/LiveTelemetry/FPGA/CAN_Decoder_Hardware/CAN_decoder/hls_config.cfg(12)
INFO: [HLS 200-10] Adding test bench file 'C:/Users/flaud/Documents/GitHub/LiveTelemetry/FPGA/CAN_Decoder_Hardware/CAN_decoder/testbench.cpp' to the project
INFO: [HLS 200-1465] Applying ini 'tb.file=can_message_decoder.cpp' from C:/Users/flaud/Documents/GitHub/LiveTelemetry/FPGA/CAN_Decoder_Hardware/CAN_decoder/hls_config.cfg(11)
INFO: [HLS 200-10] Adding test bench file 'C:/Users/flaud/Documents/GitHub/LiveTelemetry/FPGA/CAN_Decoder_Hardware/CAN_decoder/can_message_decoder.cpp' to the project
INFO: [HLS 200-1465] Applying ini 'syn.top=can_message_decoder' from C:/Users/flaud/Documents/GitHub/LiveTelemetry/FPGA/CAN_Decoder_Hardware/CAN_decoder/hls_config.cfg(9)
INFO: [HLS 200-1465] Applying ini 'flow_target=vivado' from C:/Users/flaud/Documents/GitHub/LiveTelemetry/FPGA/CAN_Decoder_Hardware/CAN_decoder/hls_config.cfg(4)
INFO: [HLS 200-1505] Using flow_target 'vivado'
Resolution: For help on HLS 200-1505 see docs.xilinx.com/access/sources/dita/topic?Doc_Version=2024.1%20English&url=ug1448-hls-guidance&resourceid=200-1505.html
INFO: [HLS 200-1465] Applying ini 'part=xc7z020clg400-1' from C:/Users/flaud/Documents/GitHub/LiveTelemetry/FPGA/CAN_Decoder_Hardware/CAN_decoder/hls_config.cfg(1)
INFO: [HLS 200-1611] Setting target device to 'xc7z020-clg400-1'
INFO: [HLS 200-1465] Applying ini 'clock=10ns' from C:/Users/flaud/Documents/GitHub/LiveTelemetry/FPGA/CAN_Decoder_Hardware/CAN_decoder/hls_config.cfg(7)
INFO: [SYN 201-201] Setting up clock 'default' with a period of 10ns.
INFO: [HLS 200-1465] Applying ini 'clock_uncertainty=0.5ns' from C:/Users/flaud/Documents/GitHub/LiveTelemetry/FPGA/CAN_Decoder_Hardware/CAN_decoder/hls_config.cfg(8)
INFO: [SYN 201-201] Setting up clock 'default' with an uncertainty of 0.5ns.
INFO: [HLS 200-1465] Applying ini 'package.output.format=ip_catalog' from C:/Users/flaud/Documents/GitHub/LiveTelemetry/FPGA/CAN_Decoder_Hardware/CAN_decoder/hls_config.cfg(5)
INFO: [HLS 200-111] Finished File checks and directory preparation: CPU user time: 4 seconds. CPU system time: 2 seconds. Elapsed time: 18.859 seconds; current allocated memory: 265.574 MB.
INFO: [HLS 200-10] Analyzing design file 'can_message_decoder.cpp' ... 
WARNING: [HLS 200-1986] Could not apply TOP directive, invalid function, label, or variable (:0)
INFO: [HLS 200-111] Finished Source Code Analysis and Preprocessing: CPU user time: 0 seconds. CPU system time: 1 seconds. Elapsed time: 14.485 seconds; current allocated memory: 268.668 MB.
ERROR: [HLS 214-157] Top function not found: there is no function named 'can_message_decoder'
ERROR: Error in opt
INFO: [HLS 200-112] Total CPU user time: 4 seconds. Total CPU system time: 3 seconds. Total elapsed time: 40.876 seconds; peak allocated memory: 268.816 MB.
