Change Component Designator: Old Designator=C? New Designator=C14
Change Component Designator: Old Designator=C? New Designator=C15
Change Component Designator: Old Designator=C? New Designator=C16
Change Component Designator: Old Designator=C? New Designator=C17
Change Component Designator: Old Designator=C? New Designator=C18
Change Component Designator: Old Designator=C? New Designator=C19
Change Component Designator: Old Designator=C? New Designator=C20
Change Component Designator: Old Designator=C? New Designator=C21
Change Component Designator: Old Designator=C? New Designator=C22
Change Component Designator: Old Designator=C? New Designator=C23
Change Component Designator: Old Designator=C? New Designator=C24
Change Component Designator: Old Designator=C? New Designator=C25
Change Component Designator: Old Designator=C? New Designator=C26
Change Component Designator: Old Designator=C? New Designator=C27
Change Component Designator: Old Designator=C? New Designator=C28
Change Component Designator: Old Designator=C? New Designator=C29
Change Component Designator: Old Designator=C? New Designator=C30
Change Component Designator: Old Designator=C? New Designator=C31
Change Component Designator: Old Designator=FB? New Designator=FB1
Change Component Designator: Old Designator=Left Comms? New Designator=Left Comms1
Change Component Designator: Old Designator=Q? New Designator=Q1
Change Component Designator: Old Designator=Q? New Designator=Q2
Change Component Designator: Old Designator=Q? New Designator=Q3
Change Component Designator: Old Designator=Q? New Designator=Q4
Change Component Designator: Old Designator=Q? New Designator=Q5
Change Component Designator: Old Designator=R? New Designator=R2
Change Component Designator: Old Designator=R? New Designator=R3
Change Component Designator: Old Designator=R? New Designator=R4
Change Component Designator: Old Designator=R? New Designator=R5
Change Component Designator: Old Designator=R? New Designator=R6
Change Component Designator: Old Designator=R? New Designator=R7
Change Component Designator: Old Designator=R? New Designator=R8
Change Component Designator: Old Designator=R? New Designator=R9
Change Component Designator: Old Designator=R? New Designator=R10
Change Component Designator: Old Designator=R? New Designator=R11
Change Component Designator: Old Designator=R? New Designator=R12
Change Component Designator: Old Designator=R? New Designator=R13
Change Component Designator: Old Designator=R? New Designator=R14
Change Component Designator: Old Designator=R? New Designator=R15
Change Component Designator: Old Designator=R? New Designator=R16
Change Component Designator: Old Designator=R_MH? New Designator=R_MH1
Change Component Designator: Old Designator=R_MH? New Designator=R_MH2
Change Component Designator: Old Designator=RG? New Designator=RG1
Change Component Designator: Old Designator=Right Comms? New Designator=Right Comms1
Change Component Designator: Old Designator=RJ? New Designator=RJ1
Change Component Designator: Old Designator=RLH? New Designator=RLH1
Change Component Designator: Old Designator=RLH? New Designator=RLH2
Change Component Designator: Old Designator=RLH? New Designator=RLH3
Change Component Designator: Old Designator=RLH? New Designator=RLH4
Change Component Designator: Old Designator=RLH? New Designator=RLH5
Change Component Designator: Old Designator=RLL? New Designator=RLL1
Change Component Designator: Old Designator=RLL? New Designator=RLL2
Change Component Designator: Old Designator=RLL? New Designator=RLL3
Change Component Designator: Old Designator=RLL? New Designator=RLL4
Change Component Designator: Old Designator=RLL? New Designator=RLL5
Change Component Designator: Old Designator=RY? New Designator=RY1
Change Component Designator: Old Designator=W? New Designator=W1
Change Component Designator: Old Designator=Y? New Designator=Y3
