Change Component Designator: Old Designator=C1 New Designator=C?
Change Component Designator: Old Designator=C2 New Designator=C?
Change Component Designator: Old Designator=C3 New Designator=C?
Change Component Designator: Old Designator=C4 New Designator=C?
Change Component Designator: Old Designator=C5 New Designator=C?
Change Component Designator: Old Designator=C6 New Designator=C?
Change Component Designator: Old Designator=C7 New Designator=C?
Change Component Designator: Old Designator=C8 New Designator=C?
Change Component Designator: Old Designator=C9 New Designator=C?
Change Component Designator: Old Designator=C10 New Designator=C?
Change Component Designator: Old Designator=C13 New Designator=C?
Change Component Designator: Old Designator=C14 New Designator=C?
Change Component Designator: Old Designator=C15 New Designator=C?
Change Component Designator: Old Designator=C16 New Designator=C?
Change Component Designator: Old Designator=C17 New Designator=C?
Change Component Designator: Old Designator=C18 New Designator=C?
Change Component Designator: Old Designator=C19 New Designator=C?
Change Component Designator: Old Designator=C20 New Designator=C?
Change Component Designator: Old Designator=FB1 New Designator=FB?
Change Component Designator: Old Designator=Left Comms New Designator=Left Comms?
Change Component Designator: Old Designator=Q1 New Designator=Q?
Change Component Designator: Old Designator=Q2 New Designator=Q?
Change Component Designator: Old Designator=Q3 New Designator=Q?
Change Component Designator: Old Designator=Q4 New Designator=Q?
Change Component Designator: Old Designator=Q5 New Designator=Q?
Change Component Designator: Old Designator=R2 New Designator=R?
Change Component Designator: Old Designator=R3 New Designator=R?
Change Component Designator: Old Designator=R4 New Designator=R?
Change Component Designator: Old Designator=R5 New Designator=R?
Change Component Designator: Old Designator=R6 New Designator=R?
Change Component Designator: Old Designator=R7 New Designator=R?
Change Component Designator: Old Designator=R8 New Designator=R?
Change Component Designator: Old Designator=R9 New Designator=R?
Change Component Designator: Old Designator=R10 New Designator=R?
Change Component Designator: Old Designator=R11 New Designator=R?
Change Component Designator: Old Designator=R12 New Designator=R?
Change Component Designator: Old Designator=R13 New Designator=R?
Change Component Designator: Old Designator=R14 New Designator=R?
Change Component Designator: Old Designator=R15 New Designator=R?
Change Component Designator: Old Designator=R16 New Designator=R?
Change Component Designator: Old Designator=R_MH1 New Designator=R_MH?
Change Component Designator: Old Designator=R_MH2 New Designator=R_MH?
Change Component Designator: Old Designator=RG1 New Designator=RG?
Change Component Designator: Old Designator=Right Comms New Designator=Right Comms?
Change Component Designator: Old Designator=RJ1 New Designator=RJ?
Change Component Designator: Old Designator=RLH1 New Designator=RLH?
Change Component Designator: Old Designator=RLH2 New Designator=RLH?
Change Component Designator: Old Designator=RLH3 New Designator=RLH?
Change Component Designator: Old Designator=RLH4 New Designator=RLH?
Change Component Designator: Old Designator=RLH5 New Designator=RLH?
Change Component Designator: Old Designator=RLL1 New Designator=RLL?
Change Component Designator: Old Designator=RLL2 New Designator=RLL?
Change Component Designator: Old Designator=RLL3 New Designator=RLL?
Change Component Designator: Old Designator=RLL4 New Designator=RLL?
Change Component Designator: Old Designator=RLL5 New Designator=RLL?
Change Component Designator: Old Designator=RY1 New Designator=RY?
Change Component Designator: Old Designator=W1 New Designator=W?
Change Component Designator: Old Designator=Y3 New Designator=Y?
