Removed Member From Class: ClassName=Microprocessor and CAN Member=ICSP1
Change Component Footprint: Designator=D4 Old Footprint=WL-SMCW_0805_150080xx75000 New Footprint=WL-SMCW_0805_150080xx75000
Change Component Footprint: Designator=D5 Old Footprint=WL-SMCW_0805_150080xx75000 New Footprint=WL-SMCW_0805_150080xx75000
Change Component Footprint: Designator=D6 Old Footprint=WL-SMCW_0805_150080xx75000 New Footprint=WL-SMCW_0805_150080xx75000
Change Component Footprint: Designator=D7 Old Footprint=WL-SMCW_0805_150080xx75000 New Footprint=WL-SMCW_0805_150080xx75000
Add Component: Footprint Not Found CAPC2012X135N
Add Component: Footprint Not Found CAPC2012X135N
Add Component: Footprint Not Found CAPC2012X88N
Add Component: Footprint Not Found CAPC2012X135N
Add Component: Footprint Not Found CAPC2012X95N
Add Component: Footprint Not Found CAPC3216X160N
Add Component: Footprint Not Found CAPC2012X135N
Add Component: Footprint Not Found SOT95P230X110-3N
Add Component: Footprint Not Found SODFL3619X98N
Added Component: Designator=J1(SAMTEC_TSW-103-07-F-D)
Add component (AddParameter): Name = "Availability"; Value = "Unavailable"; VariantName = "[No Variations]"
Add component (AddParameter): Name = "MF"; Value = "{'manufacturer': u'Samtec'}"; VariantName = "[No Variations]"
Add component (AddParameter): Name = "MP"; Value = "TSW-103-07-F-D"; VariantName = "[No Variations]"
Add component (AddParameter): Name = "Package"; Value = "None"; VariantName = "[No Variations]"
Add component (AddParameter): Name = "Price"; Value = "None"; VariantName = "[No Variations]"
Add component (AddParameter): Name = "Value"; Value = ""; VariantName = "[No Variations]"
Add Component: Footprint Not Found 7499711421
Add Pin To Net: Unknown Pin: Pin C1-1
Add Pin To Net: Unknown Pin: Pin C1-2
Add Pin To Net: Unknown Pin: Pin C2-1
Add Pin To Net: Unknown Pin: Pin C2-2
Add Pin To Net: Unknown Pin: Pin C3-1
Add Pin To Net: Unknown Pin: Pin C3-2
Add Pin To Net: Unknown Pin: Pin C5-1
Add Pin To Net: Unknown Pin: Pin C5-2
Add Pin To Net: Unknown Pin: Pin C11-1
Add Pin To Net: Unknown Pin: Pin C11-2
Add Pin To Net: Unknown Pin: Pin C12-1
Add Pin To Net: Unknown Pin: Pin C12-2
Add Pin To Net: Unknown Pin: Pin C13-1
Add Pin To Net: Unknown Pin: Pin C13-2
Add Pin To Net: Unknown Pin: Pin D1-1
Add Pin To Net: Unknown Pin: Pin D1-2
Add Pin To Net: Unknown Pin: Pin D1-3
Add Pin To Net: Unknown Pin: Pin D3-1
Add Pin To Net: Unknown Pin: Pin D3-2
Added Pin To Net: NetName=CAN_MISO Pin=J1-01
Added Pin To Net: NetName=5V0 Pin=J1-02
Added Pin To Net: NetName=CAN_SCK Pin=J1-03
Added Pin To Net: NetName=CAN_MOSI Pin=J1-04
Added Pin To Net: NetName=RESET Pin=J1-05
Added Pin To Net: NetName=GND Pin=J1-06
Add Pin To Net: Unknown Pin: Pin RJ1-1
Add Pin To Net: Unknown Pin: Pin RJ1-2
Add Pin To Net: Unknown Pin: Pin RJ1-3
Add Pin To Net: Unknown Pin: Pin RJ1-7
Add Pin To Net: Unknown Pin: Pin RJ1-8
Add Pin To Net: Unknown Pin: Pin RJ1-9
Add Pin To Net: Unknown Pin: Pin RJ1-17
Add Pin To Net: Unknown Pin: Pin RJ1-18
Add Pin To Net: Unknown Pin: Pin RJ1-19
Add Pin To Net: Unknown Pin: Pin RJ1-20
Add Pin To Net: Unknown Pin: Pin RJ1-MH3
Add Pin To Net: Unknown Pin: Pin RJ1-MH4
Add Class Member: Failed to add class member : Component C1 0.1uF
Add Class Member: Failed to add class member : Component C2 0.1uF
Add Class Member: Failed to add class member : Component C3 10nF
Add Class Member: Failed to add class member : Component C5 0.1uF
Add Class Member: Failed to add class member : Component C11 0.33uF
Add Class Member: Failed to add class member : Component C12 47uF
Add Class Member: Failed to add class member : Component C13 .1uF
Add Class Member: Failed to add class member : Component D1 PESD1CAN,215
Add Class Member: Failed to add class member : Component D3 SMF4L14AT1G
Added Member To Class: ClassName=Microprocessor and CAN Member=Component J1 TSW-103-07-F-D
Add Class Member: Failed to add class member : Component RJ1 7499711421
